Log file open, 02/14/19 09:04:59
LogWindows: Failed to load 'aqProf.dll' (GetLastError=126)
LogWindows: File 'aqProf.dll' does not exist
LogWindows: Failed to load 'VSPerf140.dll' (GetLastError=126)
LogWindows: File 'VSPerf140.dll' does not exist
LogWindows: Failed to load 'VtuneApi.dll' (GetLastError=126)
LogWindows: File 'VtuneApi.dll' does not exist
LogWindows: Failed to load 'VtuneApi32e.dll' (GetLastError=126)
LogWindows: File 'VtuneApi32e.dll' does not exist
LogInit: Display: Running engine for game: ProceduralGame
LogPlatformFile: Not using cached read wrapper
LogInit: Display: RandInit(-2128769766) SRandInit(-2128769766).
LogTaskGraph: Started task graph with 5 named threads and 14 total threads with 3 sets of task threads.
LogStats: Stats thread started at 0.159739
LogD3D11RHI: Aftermath initialized
LogPluginManager: Mounting plugin Paper2D
LogPluginManager: Mounting plugin LightPropagationVolume
LogPluginManager: Mounting plugin CodeLiteSourceCodeAccess
LogPluginManager: Mounting plugin GitSourceControl
LogPluginManager: Mounting plugin KDevelopSourceCodeAccess
LogPluginManager: Mounting plugin NullSourceCodeAccess
LogPluginManager: Mounting plugin PerforceSourceControl
LogPluginManager: Mounting plugin SubversionSourceControl
LogPluginManager: Mounting plugin UObjectPlugin
LogPluginManager: Mounting plugin VisualStudioSourceCodeAccess
LogPluginManager: Mounting plugin XCodeSourceCodeAccess
LogPluginManager: Mounting plugin AssetManagerEditor
LogPluginManager: Mounting plugin AudioCapture
LogPluginManager: Mounting plugin FacialAnimation
LogPluginManager: Mounting plugin GameplayTagsEditor
LogPluginManager: Mounting plugin MobileLauncherProfileWizard
LogPluginManager: Mounting plugin PluginBrowser
LogPluginManager: Mounting plugin SpeedTreeImporter
LogPluginManager: Mounting plugin AlembicImporter
LogPluginManager: Mounting plugin CharacterAI
LogPluginManager: Mounting plugin HTML5Networking
LogPluginManager: Mounting plugin AndroidMedia
LogPluginManager: Mounting plugin AvfMedia
LogPluginManager: Mounting plugin MediaPlayerEditor
LogPluginManager: Mounting plugin WmfMedia
LogPluginManager: Mounting plugin TcpMessaging
LogPluginManager: Mounting plugin UdpMessaging
LogPluginManager: Mounting plugin LevelSequenceEditor
LogPluginManager: Mounting plugin MatineeToLevelSequence
LogPluginManager: Mounting plugin OnlineSubsystemGooglePlay
LogPluginManager: Mounting plugin OnlineSubsystemIOS
LogPluginManager: Mounting plugin OnlineSubsystem
LogPluginManager: Mounting plugin OnlineSubsystemNull
LogPluginManager: Mounting plugin OnlineSubsystemUtils
LogPluginManager: Mounting plugin AndroidDeviceProfileSelector
LogPluginManager: Mounting plugin AndroidMoviePlayer
LogPluginManager: Mounting plugin AndroidPermission
LogPluginManager: Mounting plugin AppleMoviePlayer
LogPluginManager: Mounting plugin ArchVisCharacter
LogPluginManager: Mounting plugin CableComponent
LogPluginManager: Mounting plugin CustomMeshComponent
LogPluginManager: Mounting plugin ExampleDeviceProfileSelector
LogPluginManager: Mounting plugin GoogleCloudMessaging
LogPluginManager: Mounting plugin ImmediatePhysics
LogPluginManager: Mounting plugin IOSDeviceProfileSelector
LogPluginManager: Mounting plugin LinuxDeviceProfileSelector
LogPluginManager: Mounting plugin LocationServicesBPLibrary
LogPluginManager: Mounting plugin MobilePatchingUtils
LogPluginManager: Mounting plugin OculusVR
LogPluginManager: Mounting plugin PhysXVehicles
LogPluginManager: Mounting plugin ProceduralMeshComponent
LogPluginManager: Mounting plugin RuntimePhysXCooking
LogPluginManager: Mounting plugin SteamVR
LogPluginManager: Mounting plugin WindowsMoviePlayer
LogInit: Using libcurl 7.47.1
LogInit:  - built for x86_64-pc-win32
LogInit:  - supports SSL with OpenSSL/1.0.2g
LogInit:  - supports HTTP deflate (compression) using libz 1.2.8
LogInit:  - other features:
LogInit:      CURL_VERSION_SSL
LogInit:      CURL_VERSION_LIBZ
LogInit:      CURL_VERSION_IPV6
LogInit:      CURL_VERSION_ASYNCHDNS
LogInit:      CURL_VERSION_LARGEFILE
LogInit:      CURL_VERSION_IDN
LogInit:  CurlRequestOptions (configurable via config and command line):
LogInit:  - bVerifyPeer = false  - Libcurl will NOT verify peer certificate
LogInit:  - bUseHttpProxy = false  - Libcurl will NOT use HTTP proxy
LogInit:  - bDontReuseConnections = false  - Libcurl will reuse connections
LogInit:  - CertBundlePath = nullptr  - Libcurl will use whatever was configured at build time.
LogInit: Build: ++UE4+Release-4.17-CL-3658906
LogInit: Engine Version: 4.17.2-3658906+++UE4+Release-4.17
LogInit: Compatible Engine Version: 4.17.0-3573198+++UE4+Release-4.17
LogInit: Net CL: 3573198
LogDevObjectVersion: Number of dev versions registered: 16
LogDevObjectVersion:   Dev-Blueprints (B0D832E4-1F89-4F0D-ACCF-7EB736FD4AA2): 10
LogDevObjectVersion:   Dev-Build (E1C64328-A22C-4D53-A36C-8E866417BD8C): 0
LogDevObjectVersion:   Dev-Core (375EC13C-06E4-48FB-B500-84F0262A717E): 2
LogDevObjectVersion:   Dev-Editor (E4B068ED-F494-42E9-A231-DA0B2E46BB41): 20
LogDevObjectVersion:   Dev-Framework (CFFC743F-43B0-4480-9391-14DF171D2073): 28
LogDevObjectVersion:   Dev-Mobile (B02B49B5-BB20-44E9-A304-32B752E40360): 0
LogDevObjectVersion:   Dev-Networking (A4E4105C-59A1-49B5-A7C5-40C4547EDFEE): 0
LogDevObjectVersion:   Dev-Online (39C831C9-5AE6-47DC-9A44-9C173E1C8E7C): 0
LogDevObjectVersion:   Dev-Physics (78F01B33-EBEA-4F98-B9B4-84EACCB95AA2): 0
LogDevObjectVersion:   Dev-Platform (6631380F-2D4D-43E0-8009-CF276956A95A): 0
LogDevObjectVersion:   Dev-Rendering (12F88B9F-8875-4AFC-A67C-D90C383ABD29): 19
LogDevObjectVersion:   Dev-Sequencer (7B5AE74C-D270-4C10-A958-57980B212A5A): 4
LogDevObjectVersion:   Dev-VR (D7296918-1DD6-4BDD-9DE2-64A83CC13884): 0
LogDevObjectVersion:   Dev-LoadTimes (C2A15278-BFE7-4AFE-6C17-90FF531DF755): 1
LogDevObjectVersion:   Private-Geometry (6EACA3D4-40EC-4CC1-B786-8BED09428FC5): 1
LogDevObjectVersion:   Dev-AnimPhys (29E575DD-E0A3-4627-9D10-D276232CDCEA): 7
LogInit: Compiled (64-bit): Sep 22 2017 13:47:16
LogInit: Compiled with Visual C++: 19.00.24215.01
LogInit: Build Configuration: Development
LogInit: Branch Name: ++UE4+Release-4.17
LogInit: Command line: -EpicPortal  -epicusername="mansartesteban" -epicuserid=bbe00aada9074c3ca612a1cc2aee7827 -epiclocale=fr-FR
LogInit: Base directory: D:/Software/UnrealEngine/UE_4.17/Engine/Binaries/Win64/
LogInit: Installed Engine Build: 1
LogInit: Presizing for max 8388607 objects, including 0 objects not considered by GC, pre-allocating 0 bytes for permanent pool.
LogInit: Object subsystem initialized
[2019.02.14-08.05.00:297][  0]LogInit: Selected Device Profile: [Windows]
[2019.02.14-08.05.00:297][  0]LogInit: Applying CVar settings loaded from the selected device profile: [Windows]
[2019.02.14-08.05.00:404][  0]LogInit: Computer: DESKTOP-9LVK4B6
[2019.02.14-08.05.00:404][  0]LogInit: User: GENOM
[2019.02.14-08.05.00:404][  0]LogInit: CPU Page size=4096, Cores=4
[2019.02.14-08.05.00:404][  0]LogInit: High frequency timer resolution =4.101569 MHz
[2019.02.14-08.05.00:405][  0]LogMemory: Memory total: Physical=16.0GB (16GB approx)
[2019.02.14-08.05.00:405][  0]LogMemory: Platform Memory Stats for Windows
[2019.02.14-08.05.00:405][  0]LogMemory: Process Physical Memory: 278.67 MB used, 278.67 MB peak
[2019.02.14-08.05.00:405][  0]LogMemory: Process Virtual Memory: 282.25 MB used, 282.25 MB peak
[2019.02.14-08.05.00:405][  0]LogMemory: Physical Memory: 6711.61 MB used,  9624.81 MB free, 16336.42 MB total
[2019.02.14-08.05.00:405][  0]LogMemory: Virtual Memory: 4793.98 MB used,  9624.81 MB free, 134217728.00 MB total
[2019.02.14-08.05.00:557][  0]LogInit: Using OS detected language (fr-FR).
[2019.02.14-08.05.00:557][  0]LogInit: Using OS detected locale (fr-FR).
[2019.02.14-08.05.00:559][  0]LogTextLocalizationManager: No localization for 'fr-FR' exists, so 'en' will be used for the language.
[2019.02.14-08.05.00:560][  0]LogTextLocalizationManager: No localization for 'fr-FR' exists, so 'en' will be used for the locale.
[2019.02.14-08.05.01:111][  0]LogD3D11RHI: D3D11 adapters:
[2019.02.14-08.05.01:170][  0]LogD3D11RHI:    0. 'NVIDIA GeForce GTX 1080' (Feature Level 11_0)
[2019.02.14-08.05.01:170][  0]LogD3D11RHI:       8086/0/8168 MB DedicatedVideo/DedicatedSystem/SharedSystem, Outputs:2, VendorId:0x10de
[2019.02.14-08.05.01:172][  0]LogD3D11RHI:    1. 'Microsoft Basic Render Driver' (Feature Level 11_0)
[2019.02.14-08.05.01:172][  0]LogD3D11RHI:       0/0/8168 MB DedicatedVideo/DedicatedSystem/SharedSystem, Outputs:0, VendorId:0x1414
[2019.02.14-08.05.01:172][  0]LogD3D11RHI: Chosen D3D11 Adapter: 0
[2019.02.14-08.05.01:180][  0]LogD3D11RHI: Creating new Direct3DDevice
[2019.02.14-08.05.01:180][  0]LogD3D11RHI:     GPU DeviceId: 0x1b80 (for the marketing name, search the web for "GPU Device Id")
[2019.02.14-08.05.01:180][  0]LogWindows: EnumDisplayDevices:
[2019.02.14-08.05.01:180][  0]LogWindows:    0. 'NVIDIA GeForce GTX 1080' (P:0 D:1)
[2019.02.14-08.05.01:180][  0]LogWindows:    1. 'NVIDIA GeForce GTX 1080' (P:1 D:1)
[2019.02.14-08.05.01:181][  0]LogWindows:    2. 'NVIDIA GeForce GTX 1080' (P:0 D:0)
[2019.02.14-08.05.01:181][  0]LogWindows:    3. 'NVIDIA GeForce GTX 1080' (P:0 D:0)
[2019.02.14-08.05.01:181][  0]LogWindows: DebugString: GetVideoDriverDetailsInvalid PrimaryIsNotTheChoosenAdapter GetVideoDriverDetailsInvalid PrimaryIsNotTheChoosenAdapter GetVideoDriverDetailsInvalid PrimaryIsNotTheChoosenAdapter GetVideoDriverDetailsInvalid PrimaryIsNotTheChoosenAdapter FoundDriverCount:0 
[2019.02.14-08.05.01:181][  0]LogD3D11RHI:     Adapter Name: NVIDIA GeForce GTX 1080
[2019.02.14-08.05.01:181][  0]LogD3D11RHI:   Driver Version: Unknown (internal:Unknown, unified:Unknown)
[2019.02.14-08.05.01:181][  0]LogD3D11RHI:      Driver Date: Unknown
[2019.02.14-08.05.01:181][  0]LogRHI: Texture pool is 1361 MB (70% of 1945 MB)
[2019.02.14-08.05.01:205][  0]LogD3D11RHI: Async texture creation enabled
[2019.02.14-08.05.01:215][  0]LogD3D11RHI: GPU Timing Frequency: 1000.000000 (Debug: 2 1)
[2019.02.14-08.05.01:266][  0]LogShaderCompilers: Guid format shader working directory is -40 characters bigger than the processId version (../../../../../../Workspace/Dev/VideoGames/UnrealEngine/ProceduralGame/ProceduralGame/Intermediate/Shaders/WorkingDirectory/15108/).
[2019.02.14-08.05.01:266][  0]LogShaderCompilers: Cleaned the shader compiler working directory 'C:/Users/GENOM/AppData/Local/Temp/UnrealShaderWorkingDir/4998F462400F64A5370CEDA3B8B689C5/'.
[2019.02.14-08.05.01:266][  0]LogShaderCompilers: Display: Using Local Shader Compiler.
[2019.02.14-08.05.01:919][  0]LogTemp: Display: Loaded TP AllDesktopTargetPlatform
[2019.02.14-08.05.01:957][  0]LogTemp: Display: Loaded TP MacClientTargetPlatform
[2019.02.14-08.05.01:997][  0]LogTemp: Display: Loaded TP MacNoEditorTargetPlatform
[2019.02.14-08.05.02:035][  0]LogTemp: Display: Loaded TP MacServerTargetPlatform
[2019.02.14-08.05.02:072][  0]LogTemp: Display: Loaded TP MacTargetPlatform
[2019.02.14-08.05.02:110][  0]LogTemp: Display: Loaded TP WindowsClientTargetPlatform
[2019.02.14-08.05.02:148][  0]LogTemp: Display: Loaded TP WindowsNoEditorTargetPlatform
[2019.02.14-08.05.02:185][  0]LogTemp: Display: Loaded TP WindowsServerTargetPlatform
[2019.02.14-08.05.02:219][  0]LogTemp: Display: Loaded TP WindowsTargetPlatform
[2019.02.14-08.05.02:256][  0]LogTemp: Display: Loaded TP AndroidTargetPlatform
[2019.02.14-08.05.02:293][  0]LogTemp: Display: Loaded TP Android_ASTCTargetPlatform
[2019.02.14-08.05.02:329][  0]LogTemp: Display: Loaded TP Android_ATCTargetPlatform
[2019.02.14-08.05.02:366][  0]LogTemp: Display: Loaded TP Android_DXTTargetPlatform
[2019.02.14-08.05.02:404][  0]LogTemp: Display: Loaded TP Android_ETC1TargetPlatform
[2019.02.14-08.05.02:440][  0]LogTemp: Display: Loaded TP Android_ETC2TargetPlatform
[2019.02.14-08.05.02:520][  0]LogTemp: Display: Loaded TP Android_MultiTargetPlatform
[2019.02.14-08.05.02:520][  0]LogTemp: Display: Loaded TP Android_PVRTCTargetPlatform
[2019.02.14-08.05.02:550][  0]LogTemp: Display: Loaded TP HTML5TargetPlatform
[2019.02.14-08.05.02:626][  0]LogTemp: Display: Loaded TP IOSTargetPlatform
[2019.02.14-08.05.02:646][  0]LogTemp: Display: Loaded TP TVOSTargetPlatform
[2019.02.14-08.05.02:683][  0]LogTemp: Display: Loaded TP LinuxClientTargetPlatform
[2019.02.14-08.05.02:720][  0]LogTemp: Display: Loaded TP LinuxNoEditorTargetPlatform
[2019.02.14-08.05.02:757][  0]LogTemp: Display: Loaded TP LinuxServerTargetPlatform
[2019.02.14-08.05.02:794][  0]LogTemp: Display: Loaded TP LinuxTargetPlatform
[2019.02.14-08.05.02:794][  0]LogTargetPlatformManager: Display: Building Assets For Windows
[2019.02.14-08.05.03:176][  0]LogDerivedDataCache: Display: Max Cache Size: 512 MB
[2019.02.14-08.05.03:242][  0]LogDerivedDataCache: Loaded boot cache 0.07s 93MB C:/Users/GENOM/AppData/Local/UnrealEngine/4.17/DerivedDataCache/Boot.ddc.
[2019.02.14-08.05.03:242][  0]LogDerivedDataCache: Display: Loaded Boot cache: C:/Users/GENOM/AppData/Local/UnrealEngine/4.17/DerivedDataCache/Boot.ddc
[2019.02.14-08.05.03:242][  0]LogDerivedDataCache: FDerivedDataBackendGraph:  Pak pak cache file ../../../../../../Workspace/Dev/VideoGames/UnrealEngine/ProceduralGame/ProceduralGame/DerivedDataCache/DDC.ddp not found, will not use a pak cache.
[2019.02.14-08.05.03:242][  0]LogDerivedDataCache: Unable to find inner node Pak for hierarchical cache Hierarchy.
[2019.02.14-08.05.03:242][  0]LogDerivedDataCache: FDerivedDataBackendGraph:  CompressedPak pak cache file ../../../../../../Workspace/Dev/VideoGames/UnrealEngine/ProceduralGame/ProceduralGame/DerivedDataCache/Compressed.ddp not found, will not use a pak cache.
[2019.02.14-08.05.03:242][  0]LogDerivedDataCache: Unable to find inner node CompressedPak for hierarchical cache Hierarchy.
[2019.02.14-08.05.03:253][  0]LogDerivedDataCache: Display: Pak cache opened for reading ../../../Engine/DerivedDataCache/Compressed.ddp.
[2019.02.14-08.05.03:265][  0]LogDerivedDataCache: Using Local data cache path C:/Users/GENOM/AppData/Local/UnrealEngine/Common/DerivedDataCache: Writable
[2019.02.14-08.05.03:272][  0]LogMaterial: Verifying Global Shaders for PCD3D_SM5
[2019.02.14-08.05.03:272][  0]LogSlate: Using Freetype 2.6.0
[2019.02.14-08.05.03:272][  0]LogSlate: SlateFontCache - WITH_FREETYPE: 1, WITH_HARFBUZZ: 1
[2019.02.14-08.05.03:272][  0]LogSlate: SlateFontCache - WITH_FREETYPE: 1, WITH_HARFBUZZ: 1
[2019.02.14-08.05.03:516][  0]LogAssetRegistry: FAssetRegistry took 0.0245 seconds to start up
[2019.02.14-08.05.03:600][  0]LogInit: Selected Device Profile: [Windows]
[2019.02.14-08.05.03:805][  0]LogContentStreaming: Texture pool size is 0.00 MB
[2019.02.14-08.05.04:098][  0]LogSimplygon: Simplygon DLL not present - disabling.
[2019.02.14-08.05.04:141][  0]LogMeshReduction: Using SimplygonSwarm for distributed automatic mesh merging
[2019.02.14-08.05.04:141][  0]LogMeshReduction: Using QuadricMeshReduction for automatic static mesh reduction
[2019.02.14-08.05.04:141][  0]LogMeshReduction: No automatic skeletal mesh reduction module available
[2019.02.14-08.05.04:141][  0]LogMeshReduction: No automatic mesh merging module available
[2019.02.14-08.05.04:141][  0]LogMeshMerging: No automatic mesh merging module available
[2019.02.14-08.05.04:456][  0]LogNetVersion: ProceduralGame , NetCL: 3573198, EngineNetVer: 2, GameNetVer: 0 (Checksum: 561059596)
[2019.02.14-08.05.04:624][  0]LogPackageLocalizationCache: Processed 5 localized package path(s) for 1 prioritized culture(s) in 0.031060 seconds
[2019.02.14-08.05.04:628][  0]LogUObjectArray: 35825 objects as part of root set at end of initial load.
[2019.02.14-08.05.04:628][  0]LogUObjectAllocator: 7529112 out of 0 bytes used by permanent object pool.
[2019.02.14-08.05.04:628][  0]LogUObjectArray: CloseDisregardForGC: 0/0 objects in disregard for GC pool
[2019.02.14-08.05.04:673][  0]LogInit: WinSock: version 1.1 (2.2), MaxSocks=32767, MaxUdp=65467
[2019.02.14-08.05.07:379][  0]LogTcpMessaging: Initializing TcpMessaging bridge
[2019.02.14-08.05.07:415][  0]LogUdpMessaging: Initializing bridge on interface 0.0.0.0:0 to multicast group 230.0.0.1:6666.
[2019.02.14-08.05.07:959][  0]LogMaterial: Uniform references updated for custom material expression Custom.
[2019.02.14-08.05.08:273][  0]SourceControl: Source control is disabled
[2019.02.14-08.05.08:273][  0]SourceControl: Source control is disabled
[2019.02.14-08.05.08:313][  0]SourceControl: Source control is disabled
[2019.02.14-08.05.08:352][  0]SourceControl: Source control is disabled
[2019.02.14-08.05.08:834][  0]LogAndroidPermission: UAndroidPermissionCallbackProxy::GetInstance
[2019.02.14-08.05.09:034][  0]LogOcInput: OculusInput pre-init called
[2019.02.14-08.05.09:238][  0]LogEngine: Initializing Engine...
[2019.02.14-08.05.09:240][  0]LogHMD: Failed to initialize OpenVR with code 110
[2019.02.14-08.05.09:393][  0]LogStats: UGameplayTagsManager::ConstructGameplayTagTree: Construct from data asset -  0.000 s
[2019.02.14-08.05.09:393][  0]LogStats: UGameplayTagsManager::ConstructGameplayTagTree: GameplayTagTreeChangedEvent.Broadcast -  0.000 s
[2019.02.14-08.05.09:498][  0]LogAIModule: Creating AISystem for world Untitled
[2019.02.14-08.05.09:513][  0]LogInit: XAudio2 using 'Casque pour téléphone (Corsair VOID PRO USB Gaming Headset)' : 6 channels at 48 kHz using 16 bits per sample (channel mask 0x3f)
[2019.02.14-08.05.09:648][  0]LogInit: FAudioDevice initialized.
[2019.02.14-08.05.09:707][  0]LogDerivedDataCache: Saved boot cache 0.06s 93MB C:/Users/GENOM/AppData/Local/UnrealEngine/4.17/DerivedDataCache/Boot.ddc.
[2019.02.14-08.05.09:711][  0]LogInit: Texture streaming: Enabled
[2019.02.14-08.05.09:792][  0]LogEngineSessionManager: EngineSessionManager initialized
[2019.02.14-08.05.09:975][  0]LogInit: Transaction tracking system initialized
[2019.02.14-08.05.10:211][  0]BlueprintLog: New page: Editor Load
[2019.02.14-08.05.10:869][  0]LocalizationService: Localization service is disabled
[2019.02.14-08.05.11:407][  0]LogConsoleResponse: Display: 
[2019.02.14-08.05.11:566][  0]LogCook: Display: Max memory allowance for cook 16384mb min free memory 0mb
[2019.02.14-08.05.11:566][  0]LogCook: Display: Mobile HDR setting 1
[2019.02.14-08.05.11:566][  0]LogGameplayTags: Display: UGameplayTagsManager::DoneAddingNativeTags. DelegateIsBound: 0
[2019.02.14-08.05.12:357][  0]LogFileCache: Scanning file cache for directory 'D:/Workspace/Dev/VideoGames/UnrealEngine/ProceduralGame/ProceduralGame/Content/' took 0.01s
[2019.02.14-08.05.12:392][  0]SourceControl: Source control is disabled
[2019.02.14-08.05.12:505][  0]LogSlate: Took 0.000186 seconds to synchronously load lazily loaded font '../../../Engine/Content/Slate/Fonts/Roboto-Regular.ttf' (155K)
[2019.02.14-08.05.42:357][  0]LogWindowsTextInputMethodSystem: Display: IME system now deactivated.
[2019.02.14-08.05.42:393][  0]LogWindowsTextInputMethodSystem: Display: IME system now deactivated.
[2019.02.14-08.05.43:486][  0]LogWindowsTextInputMethodSystem: Display: IME system now deactivated.
[2019.02.14-08.05.43:548][  0]LogWindowsTextInputMethodSystem: Display: IME system now deactivated.
[2019.02.14-08.05.43:549][  0]Cmd: MAP LOAD FILE="../../../../../../Workspace/Dev/VideoGames/UnrealEngine/ProceduralGame/ProceduralGame/Content/StarterContent/Maps/Minimal_Default.umap" TEMPLATE=0 SHOWPROGRESS=1 FEATURELEVEL=3
[2019.02.14-08.05.43:549][  0]LightingResults: New page: Lighting Build
[2019.02.14-08.05.43:584][  0]MapCheck: New page: Map Check
[2019.02.14-08.05.43:584][  0]LightingResults: New page: Lighting Build
[2019.02.14-08.05.44:199][  0]LogAIModule: Creating AISystem for world Minimal_Default
[2019.02.14-08.05.44:261][  0]LogEditorServer: Finished looking for orphan Actors (0.000 secs)
[2019.02.14-08.05.44:270][  0]Cmd: MAP CHECKDEP NOCLEARLOG
[2019.02.14-08.05.44:317][  0]MapCheck: Map check complete: 0 Error(s), 0 Warning(s), took 46.83ms to complete.
[2019.02.14-08.05.44:317][  0]LogFileHelpers: Loading map 'Minimal_Default' took 0.768
[2019.02.14-08.05.44:832][  0]LogStats: Warning: MetaData mismatch. Did you assign a stat to two groups? New //STATGROUP_Threads//SplashScreenThread///Thread_1d10_0///####STATCAT_Advanced#### old //STATGROUP_Threads//SplashScreenThread///Thread_3d10_0///####STATCAT_Advanced####
[2019.02.14-08.05.44:832][  0]LogCollectionManager: Loaded 0 collections in 0.001374 seconds
[2019.02.14-08.05.44:995][  0]LogFileCache: Scanning file cache for directory 'D:/Workspace/Dev/VideoGames/UnrealEngine/ProceduralGame/ProceduralGame/Saved/Collections/' took 0.01s
[2019.02.14-08.05.44:995][  0]LogFileCache: Scanning file cache for directory 'D:/Workspace/Dev/VideoGames/UnrealEngine/ProceduralGame/ProceduralGame/Content/Developers/GENOM/Collections/' took 0.01s
[2019.02.14-08.05.44:995][  0]LogFileCache: Scanning file cache for directory 'D:/Workspace/Dev/VideoGames/UnrealEngine/ProceduralGame/ProceduralGame/Content/Collections/' took 0.01s
[2019.02.14-08.05.44:995][  0]LogCollectionManager: Rebuilt the GUID cache for 0 collections in 0.000000 seconds
[2019.02.14-08.05.45:003][  0]LogContentBrowser: Native class hierarchy populated in 0.0065 seconds. Added 2386 classes and 500 folders.
[2019.02.14-08.05.45:088][  0]LogContentBrowser: Native class hierarchy updated for 'WidgetCarousel' in 0.0010 seconds. Added 0 classes and 0 folders.
[2019.02.14-08.05.46:232][  0]LogContentBrowser: Native class hierarchy updated for 'AddContentDialog' in 0.0004 seconds. Added 0 classes and 0 folders.
[2019.02.14-08.05.46:337][  0]LogContentBrowser: Native class hierarchy updated for 'SceneOutliner' in 0.0005 seconds. Added 1 classes and 2 folders.
[2019.02.14-08.05.46:995][  0]LogSlate: Took 0.000180 seconds to synchronously load lazily loaded font '../../../Engine/Content/Slate/Fonts/Roboto-Bold.ttf' (160K)
[2019.02.14-08.05.47:027][  0]LogSlate: Took 0.011198 seconds to synchronously load lazily loaded font '../../../Engine/Content/Editor/Slate/Fonts/FontAwesome.ttf' (139K)
[2019.02.14-08.05.47:383][  0]LogRenderer: Reallocating scene render targets to support 1208x576 Format 10 NumSamples 1 (Frame:1).
[2019.02.14-08.05.47:860][  0]LogContentBrowser: Native class hierarchy updated for 'HierarchicalLODOutliner' in 0.0005 seconds. Added 1 classes and 2 folders.
[2019.02.14-08.05.47:860][  0]LogLoad: (Engine Initialization) Total time: 49.43 seconds
[2019.02.14-08.05.47:860][  0]LogLoad: (Engine Initialization) Total Blueprint compile time: 0.00 seconds
[2019.02.14-08.05.47:860][  0]LogExternalProfiler: No external profilers were discovered.  External profiling features will not be available.
[2019.02.14-08.05.47:906][  0]LogContentStreaming: Texture pool size now 1000 MB
[2019.02.14-08.05.47:968][  0]LogSlate: Took 0.015069 seconds to synchronously load lazily loaded font '../../../Engine/Content/Slate/Fonts/Roboto-Light.ttf' (159K)
[2019.02.14-08.05.47:995][  1]LogAssetRegistry: Asset discovery search completed in 44.5017 seconds
[2019.02.14-08.05.47:996][  1]LogCollectionManager: Rebuilt the object cache for 0 collections in 0.000000 seconds (found 0 objects)
[2019.02.14-08.05.47:996][  1]LogCollectionManager: Fixed up redirectors for 0 collections in 0.000037 seconds (updated 0 objects)
[2019.02.14-08.05.48:881][103]LogSlate: Took 0.000252 seconds to synchronously load lazily loaded font '../../../Engine/Content/Slate/Fonts/Roboto-Light.ttf' (159K)
[2019.02.14-08.05.57:574][132]LogEditorViewport: Clicking on Actor (context menu): BP_Sky_Sphere_C (BP_Sky_Sphere)
[2019.02.14-08.06.05:337][ 38]LogTemp: Repeating last play command: Selected Viewport
[2019.02.14-08.06.05:426][ 38]LogBlueprintUserMessages: Early PlayInEditor Detection: Level '/Game/StarterContent/Maps/Minimal_Default.Minimal_Default:PersistentLevel' has LevelScriptBlueprint '/Game/StarterContent/Maps/Minimal_Default.Minimal_Default:PersistentLevel.Minimal_Default' with GeneratedClass '/Game/StarterContent/Maps/Minimal_Default.Minimal_Default_C' with ClassGeneratedBy '/Game/StarterContent/Maps/Minimal_Default.Minimal_Default:PersistentLevel.Minimal_Default'
[2019.02.14-08.06.05:426][ 38]LogPlayLevel: PlayLevel: No blueprints needed recompiling
[2019.02.14-08.06.05:454][ 38]PIE: New page: PIE session: Minimal_Default (Feb 14, 2019, 10:06:05 AM)
[2019.02.14-08.06.05:454][ 38]LogPlayLevel: Creating play world package: /Game/StarterContent/Maps/UEDPIE_0_Minimal_Default
[2019.02.14-08.06.05:497][ 38]LogPlayLevel: PIE: StaticDuplicateObject took: (0.043389s)
[2019.02.14-08.06.05:498][ 38]LogAIModule: Creating AISystem for world Minimal_Default
[2019.02.14-08.06.05:498][ 38]LogPlayLevel: PIE: World Init took: (0.000522s)
[2019.02.14-08.06.05:498][ 38]LogPlayLevel: PIE: Created PIE world by copying editor world from /Game/StarterContent/Maps/Minimal_Default.Minimal_Default to /Game/StarterContent/Maps/UEDPIE_0_Minimal_Default.Minimal_Default (0.044098s)
[2019.02.14-08.06.05:527][ 38]LogInit: XAudio2 using 'Casque pour téléphone (Corsair VOID PRO USB Gaming Headset)' : 6 channels at 48 kHz using 16 bits per sample (channel mask 0x3f)
[2019.02.14-08.06.05:648][ 38]LogInit: FAudioDevice initialized.
[2019.02.14-08.06.05:721][ 38]LogLoad: Game class is 'GameModeBase'
[2019.02.14-08.06.05:771][ 38]LogWorld: Bringing World /Game/StarterContent/Maps/UEDPIE_0_Minimal_Default.Minimal_Default up for play (max tick rate 0) at 2019.02.14-09.06.05
[2019.02.14-08.06.05:796][ 38]LogWorld: Bringing up level for play took: 0.025417
[2019.02.14-08.06.05:877][ 38]LogContentBrowser: Native class hierarchy updated for 'MovieSceneCapture' in 0.0005 seconds. Added 11 classes and 0 folders.
[2019.02.14-08.06.05:908][ 38]PIE: Play in editor start time for /Game/StarterContent/Maps/UEDPIE_0_Minimal_Default 0.719
[2019.02.14-08.06.05:908][ 38]LogBlueprintUserMessages: Late PlayInEditor Detection: Level '/Game/StarterContent/Maps/Minimal_Default.Minimal_Default:PersistentLevel' has LevelScriptBlueprint '/Game/StarterContent/Maps/Minimal_Default.Minimal_Default:PersistentLevel.Minimal_Default' with GeneratedClass '/Game/StarterContent/Maps/Minimal_Default.Minimal_Default_C' with ClassGeneratedBy '/Game/StarterContent/Maps/Minimal_Default.Minimal_Default:PersistentLevel.Minimal_Default'
[2019.02.14-08.06.08:935][397]LogBlueprintUserMessages: Early EndPlayMap Detection: Level '/Game/StarterContent/Maps/Minimal_Default.Minimal_Default:PersistentLevel' has LevelScriptBlueprint '/Game/StarterContent/Maps/Minimal_Default.Minimal_Default:PersistentLevel.Minimal_Default' with GeneratedClass '/Game/StarterContent/Maps/Minimal_Default.Minimal_Default_C' with ClassGeneratedBy '/Game/StarterContent/Maps/Minimal_Default.Minimal_Default:PersistentLevel.Minimal_Default'
[2019.02.14-08.06.09:009][397]LogBlueprintUserMessages: Late EndPlayMap Detection: Level '/Game/StarterContent/Maps/Minimal_Default.Minimal_Default:PersistentLevel' has LevelScriptBlueprint '/Game/StarterContent/Maps/Minimal_Default.Minimal_Default:PersistentLevel.Minimal_Default' with GeneratedClass '/Game/StarterContent/Maps/Minimal_Default.Minimal_Default_C' with ClassGeneratedBy '/Game/StarterContent/Maps/Minimal_Default.Minimal_Default:PersistentLevel.Minimal_Default'
[2019.02.14-08.06.17:929][310]LogSlate: Took 0.000178 seconds to synchronously load lazily loaded font '../../../Engine/Content/Slate/Fonts/Roboto-Light.ttf' (159K)
[2019.02.14-08.06.18:563][310]LogContentBrowser: Native class hierarchy updated for 'BlueprintGraph' in 0.0007 seconds. Added 113 classes and 0 folders.
[2019.02.14-08.06.19:450][310]LogSlate: Took 0.006759 seconds to synchronously load lazily loaded font '../../../Engine/Content/Editor/Slate/Fonts/Roboto-BoldCondensed.ttf' (158K)
[2019.02.14-08.06.28:919][227]LogSlate: Took 0.027543 seconds to synchronously load lazily loaded font '../../../Engine/Content/Editor/Slate/Fonts/Roboto-Italic.ttf' (157K)
[2019.02.14-08.06.40:399][345]LogEditorViewport: Clicking on Actor (LMB): BP_Sky_Sphere_C (BP_Sky_Sphere)
[2019.02.14-08.07.05:581][765]BlueprintLog: New page: Compile TriangleMesh
[2019.02.14-08.07.06:424][813]BlueprintLog: New page: Compile TriangleMesh
[2019.02.14-08.07.07:370][886]BlueprintLog: New page: Compile TriangleMesh
[2019.02.14-08.07.08:162][943]BlueprintLog: New page: Compile TriangleMesh
[2019.02.14-08.07.08:848][991]BlueprintLog: New page: Compile TriangleMesh
[2019.02.14-08.07.09:498][ 35]BlueprintLog: New page: Compile TriangleMesh
[2019.02.14-08.07.10:104][ 74]BlueprintLog: New page: Compile TriangleMesh
