Log file open, 02/17/19 10:28:29
LogWindows: Failed to load 'aqProf.dll' (GetLastError=126)
LogWindows: File 'aqProf.dll' does not exist
LogWindows: Failed to load 'VSPerf140.dll' (GetLastError=126)
LogWindows: File 'VSPerf140.dll' does not exist
LogWindows: Failed to load 'VtuneApi.dll' (GetLastError=126)
LogWindows: File 'VtuneApi.dll' does not exist
LogWindows: Failed to load 'VtuneApi32e.dll' (GetLastError=126)
LogWindows: File 'VtuneApi32e.dll' does not exist
LogInit: Display: Running engine for game: ProceduralGame
LogPlatformFile: Not using cached read wrapper
LogInit: Display: RandInit(1848522468) SRandInit(1848522468).
LogTaskGraph: Started task graph with 5 named threads and 14 total threads with 3 sets of task threads.
LogStats: Stats thread started at 0.158300
LogD3D11RHI: Aftermath initialized
LogPluginManager: Mounting plugin Paper2D
LogPluginManager: Mounting plugin LightPropagationVolume
LogPluginManager: Mounting plugin CodeLiteSourceCodeAccess
LogPluginManager: Mounting plugin GitSourceControl
LogPluginManager: Mounting plugin KDevelopSourceCodeAccess
LogPluginManager: Mounting plugin NullSourceCodeAccess
LogPluginManager: Mounting plugin PerforceSourceControl
LogPluginManager: Mounting plugin SubversionSourceControl
LogPluginManager: Mounting plugin UObjectPlugin
LogPluginManager: Mounting plugin VisualStudioSourceCodeAccess
LogPluginManager: Mounting plugin XCodeSourceCodeAccess
LogPluginManager: Mounting plugin AssetManagerEditor
LogPluginManager: Mounting plugin AudioCapture
LogPluginManager: Mounting plugin FacialAnimation
LogPluginManager: Mounting plugin GameplayTagsEditor
LogPluginManager: Mounting plugin MobileLauncherProfileWizard
LogPluginManager: Mounting plugin PluginBrowser
LogPluginManager: Mounting plugin SpeedTreeImporter
LogPluginManager: Mounting plugin AlembicImporter
LogPluginManager: Mounting plugin CharacterAI
LogPluginManager: Mounting plugin HTML5Networking
LogPluginManager: Mounting plugin AndroidMedia
LogPluginManager: Mounting plugin AvfMedia
LogPluginManager: Mounting plugin MediaPlayerEditor
LogPluginManager: Mounting plugin WmfMedia
LogPluginManager: Mounting plugin TcpMessaging
LogPluginManager: Mounting plugin UdpMessaging
LogPluginManager: Mounting plugin LevelSequenceEditor
LogPluginManager: Mounting plugin MatineeToLevelSequence
LogPluginManager: Mounting plugin OnlineSubsystemGooglePlay
LogPluginManager: Mounting plugin OnlineSubsystemIOS
LogPluginManager: Mounting plugin OnlineSubsystem
LogPluginManager: Mounting plugin OnlineSubsystemNull
LogPluginManager: Mounting plugin OnlineSubsystemUtils
LogPluginManager: Mounting plugin AndroidDeviceProfileSelector
LogPluginManager: Mounting plugin AndroidMoviePlayer
LogPluginManager: Mounting plugin AndroidPermission
LogPluginManager: Mounting plugin AppleMoviePlayer
LogPluginManager: Mounting plugin ArchVisCharacter
LogPluginManager: Mounting plugin CableComponent
LogPluginManager: Mounting plugin CustomMeshComponent
LogPluginManager: Mounting plugin ExampleDeviceProfileSelector
LogPluginManager: Mounting plugin GoogleCloudMessaging
LogPluginManager: Mounting plugin ImmediatePhysics
LogPluginManager: Mounting plugin IOSDeviceProfileSelector
LogPluginManager: Mounting plugin LinuxDeviceProfileSelector
LogPluginManager: Mounting plugin LocationServicesBPLibrary
LogPluginManager: Mounting plugin MobilePatchingUtils
LogPluginManager: Mounting plugin OculusVR
LogPluginManager: Mounting plugin PhysXVehicles
LogPluginManager: Mounting plugin ProceduralMeshComponent
LogPluginManager: Mounting plugin RuntimePhysXCooking
LogPluginManager: Mounting plugin SteamVR
LogPluginManager: Mounting plugin WindowsMoviePlayer
LogInit: Using libcurl 7.47.1
LogInit:  - built for x86_64-pc-win32
LogInit:  - supports SSL with OpenSSL/1.0.2g
LogInit:  - supports HTTP deflate (compression) using libz 1.2.8
LogInit:  - other features:
LogInit:      CURL_VERSION_SSL
LogInit:      CURL_VERSION_LIBZ
LogInit:      CURL_VERSION_IPV6
LogInit:      CURL_VERSION_ASYNCHDNS
LogInit:      CURL_VERSION_LARGEFILE
LogInit:      CURL_VERSION_IDN
LogInit:  CurlRequestOptions (configurable via config and command line):
LogInit:  - bVerifyPeer = false  - Libcurl will NOT verify peer certificate
LogInit:  - bUseHttpProxy = false  - Libcurl will NOT use HTTP proxy
LogInit:  - bDontReuseConnections = false  - Libcurl will reuse connections
LogInit:  - CertBundlePath = nullptr  - Libcurl will use whatever was configured at build time.
LogInit: Build: ++UE4+Release-4.17-CL-3658906
LogInit: Engine Version: 4.17.2-3658906+++UE4+Release-4.17
LogInit: Compatible Engine Version: 4.17.0-3573198+++UE4+Release-4.17
LogInit: Net CL: 3573198
LogDevObjectVersion: Number of dev versions registered: 16
LogDevObjectVersion:   Dev-Blueprints (B0D832E4-1F89-4F0D-ACCF-7EB736FD4AA2): 10
LogDevObjectVersion:   Dev-Build (E1C64328-A22C-4D53-A36C-8E866417BD8C): 0
LogDevObjectVersion:   Dev-Core (375EC13C-06E4-48FB-B500-84F0262A717E): 2
LogDevObjectVersion:   Dev-Editor (E4B068ED-F494-42E9-A231-DA0B2E46BB41): 20
LogDevObjectVersion:   Dev-Framework (CFFC743F-43B0-4480-9391-14DF171D2073): 28
LogDevObjectVersion:   Dev-Mobile (B02B49B5-BB20-44E9-A304-32B752E40360): 0
LogDevObjectVersion:   Dev-Networking (A4E4105C-59A1-49B5-A7C5-40C4547EDFEE): 0
LogDevObjectVersion:   Dev-Online (39C831C9-5AE6-47DC-9A44-9C173E1C8E7C): 0
LogDevObjectVersion:   Dev-Physics (78F01B33-EBEA-4F98-B9B4-84EACCB95AA2): 0
LogDevObjectVersion:   Dev-Platform (6631380F-2D4D-43E0-8009-CF276956A95A): 0
LogDevObjectVersion:   Dev-Rendering (12F88B9F-8875-4AFC-A67C-D90C383ABD29): 19
LogDevObjectVersion:   Dev-Sequencer (7B5AE74C-D270-4C10-A958-57980B212A5A): 4
LogDevObjectVersion:   Dev-VR (D7296918-1DD6-4BDD-9DE2-64A83CC13884): 0
LogDevObjectVersion:   Dev-LoadTimes (C2A15278-BFE7-4AFE-6C17-90FF531DF755): 1
LogDevObjectVersion:   Private-Geometry (6EACA3D4-40EC-4CC1-B786-8BED09428FC5): 1
LogDevObjectVersion:   Dev-AnimPhys (29E575DD-E0A3-4627-9D10-D276232CDCEA): 7
LogInit: Compiled (64-bit): Sep 22 2017 13:47:16
LogInit: Compiled with Visual C++: 19.00.24215.01
LogInit: Build Configuration: Development
LogInit: Branch Name: ++UE4+Release-4.17
LogInit: Command line: -EpicPortal  -epicusername="mansartesteban" -epicuserid=bbe00aada9074c3ca612a1cc2aee7827 -epiclocale=fr-FR
LogInit: Base directory: D:/Software/UnrealEngine/UE_4.17/Engine/Binaries/Win64/
LogInit: Installed Engine Build: 1
LogInit: Presizing for max 8388607 objects, including 0 objects not considered by GC, pre-allocating 0 bytes for permanent pool.
LogInit: Object subsystem initialized
[2019.02.17-09.28.30:492][  0]LogInit: Selected Device Profile: [Windows]
[2019.02.17-09.28.30:492][  0]LogInit: Applying CVar settings loaded from the selected device profile: [Windows]
[2019.02.17-09.28.30:528][  0]LogInit: Computer: DESKTOP-9LVK4B6
[2019.02.17-09.28.30:528][  0]LogInit: User: GENOM
[2019.02.17-09.28.30:528][  0]LogInit: CPU Page size=4096, Cores=4
[2019.02.17-09.28.30:528][  0]LogInit: High frequency timer resolution =4.101565 MHz
[2019.02.17-09.28.30:529][  0]LogMemory: Memory total: Physical=16.0GB (16GB approx)
[2019.02.17-09.28.30:529][  0]LogMemory: Platform Memory Stats for Windows
[2019.02.17-09.28.30:529][  0]LogMemory: Process Physical Memory: 277.62 MB used, 277.62 MB peak
[2019.02.17-09.28.30:529][  0]LogMemory: Process Virtual Memory: 274.26 MB used, 274.26 MB peak
[2019.02.17-09.28.30:529][  0]LogMemory: Physical Memory: 5401.88 MB used,  10934.54 MB free, 16336.42 MB total
[2019.02.17-09.28.30:529][  0]LogMemory: Virtual Memory: 4785.98 MB used,  10934.54 MB free, 134217728.00 MB total
[2019.02.17-09.28.30:652][  0]LogInit: Using OS detected language (fr-FR).
[2019.02.17-09.28.30:652][  0]LogInit: Using OS detected locale (fr-FR).
[2019.02.17-09.28.30:655][  0]LogTextLocalizationManager: No localization for 'fr-FR' exists, so 'en' will be used for the language.
[2019.02.17-09.28.30:655][  0]LogTextLocalizationManager: No localization for 'fr-FR' exists, so 'en' will be used for the locale.
[2019.02.17-09.28.31:163][  0]LogD3D11RHI: D3D11 adapters:
[2019.02.17-09.28.31:207][  0]LogD3D11RHI:    0. 'NVIDIA GeForce GTX 1080' (Feature Level 11_0)
[2019.02.17-09.28.31:207][  0]LogD3D11RHI:       8086/0/8168 MB DedicatedVideo/DedicatedSystem/SharedSystem, Outputs:2, VendorId:0x10de
[2019.02.17-09.28.31:209][  0]LogD3D11RHI:    1. 'Microsoft Basic Render Driver' (Feature Level 11_0)
[2019.02.17-09.28.31:209][  0]LogD3D11RHI:       0/0/8168 MB DedicatedVideo/DedicatedSystem/SharedSystem, Outputs:0, VendorId:0x1414
[2019.02.17-09.28.31:209][  0]LogD3D11RHI: Chosen D3D11 Adapter: 0
[2019.02.17-09.28.31:215][  0]LogD3D11RHI: Creating new Direct3DDevice
[2019.02.17-09.28.31:215][  0]LogD3D11RHI:     GPU DeviceId: 0x1b80 (for the marketing name, search the web for "GPU Device Id")
[2019.02.17-09.28.31:215][  0]LogWindows: EnumDisplayDevices:
[2019.02.17-09.28.31:215][  0]LogWindows:    0. 'NVIDIA GeForce GTX 1080' (P:0 D:1)
[2019.02.17-09.28.31:215][  0]LogWindows:    1. 'NVIDIA GeForce GTX 1080' (P:1 D:1)
[2019.02.17-09.28.31:215][  0]LogWindows:    2. 'NVIDIA GeForce GTX 1080' (P:0 D:0)
[2019.02.17-09.28.31:215][  0]LogWindows:    3. 'NVIDIA GeForce GTX 1080' (P:0 D:0)
[2019.02.17-09.28.31:215][  0]LogWindows: DebugString: GetVideoDriverDetailsInvalid PrimaryIsNotTheChoosenAdapter GetVideoDriverDetailsInvalid PrimaryIsNotTheChoosenAdapter GetVideoDriverDetailsInvalid PrimaryIsNotTheChoosenAdapter GetVideoDriverDetailsInvalid PrimaryIsNotTheChoosenAdapter FoundDriverCount:0 
[2019.02.17-09.28.31:215][  0]LogD3D11RHI:     Adapter Name: NVIDIA GeForce GTX 1080
[2019.02.17-09.28.31:216][  0]LogD3D11RHI:   Driver Version: Unknown (internal:Unknown, unified:Unknown)
[2019.02.17-09.28.31:216][  0]LogD3D11RHI:      Driver Date: Unknown
[2019.02.17-09.28.31:216][  0]LogRHI: Texture pool is 1361 MB (70% of 1945 MB)
[2019.02.17-09.28.31:237][  0]LogD3D11RHI: Async texture creation enabled
[2019.02.17-09.28.31:247][  0]LogD3D11RHI: GPU Timing Frequency: 1000.000000 (Debug: 2 1)
[2019.02.17-09.28.31:297][  0]LogShaderCompilers: Guid format shader working directory is -40 characters bigger than the processId version (../../../../../../Workspace/Dev/VideoGames/UnrealEngine/ProceduralGame/ProceduralGame/Intermediate/Shaders/WorkingDirectory/20340/).
[2019.02.17-09.28.31:297][  0]LogShaderCompilers: Cleaned the shader compiler working directory 'C:/Users/GENOM/AppData/Local/Temp/UnrealShaderWorkingDir/7AD8E1AB47567DFAD87E6E88C4525FD1/'.
[2019.02.17-09.28.31:297][  0]LogShaderCompilers: Display: Using Local Shader Compiler.
[2019.02.17-09.28.31:923][  0]LogTemp: Display: Loaded TP AllDesktopTargetPlatform
[2019.02.17-09.28.31:960][  0]LogTemp: Display: Loaded TP MacClientTargetPlatform
[2019.02.17-09.28.31:997][  0]LogTemp: Display: Loaded TP MacNoEditorTargetPlatform
[2019.02.17-09.28.32:035][  0]LogTemp: Display: Loaded TP MacServerTargetPlatform
[2019.02.17-09.28.32:073][  0]LogTemp: Display: Loaded TP MacTargetPlatform
[2019.02.17-09.28.32:110][  0]LogTemp: Display: Loaded TP WindowsClientTargetPlatform
[2019.02.17-09.28.32:148][  0]LogTemp: Display: Loaded TP WindowsNoEditorTargetPlatform
[2019.02.17-09.28.32:185][  0]LogTemp: Display: Loaded TP WindowsServerTargetPlatform
[2019.02.17-09.28.32:218][  0]LogTemp: Display: Loaded TP WindowsTargetPlatform
[2019.02.17-09.28.32:255][  0]LogTemp: Display: Loaded TP AndroidTargetPlatform
[2019.02.17-09.28.32:298][  0]LogTemp: Display: Loaded TP Android_ASTCTargetPlatform
[2019.02.17-09.28.32:334][  0]LogTemp: Display: Loaded TP Android_ATCTargetPlatform
[2019.02.17-09.28.32:370][  0]LogTemp: Display: Loaded TP Android_DXTTargetPlatform
[2019.02.17-09.28.32:407][  0]LogTemp: Display: Loaded TP Android_ETC1TargetPlatform
[2019.02.17-09.28.32:444][  0]LogTemp: Display: Loaded TP Android_ETC2TargetPlatform
[2019.02.17-09.28.32:516][  0]LogTemp: Display: Loaded TP Android_MultiTargetPlatform
[2019.02.17-09.28.32:516][  0]LogTemp: Display: Loaded TP Android_PVRTCTargetPlatform
[2019.02.17-09.28.32:549][  0]LogTemp: Display: Loaded TP HTML5TargetPlatform
[2019.02.17-09.28.32:626][  0]LogTemp: Display: Loaded TP IOSTargetPlatform
[2019.02.17-09.28.32:646][  0]LogTemp: Display: Loaded TP TVOSTargetPlatform
[2019.02.17-09.28.32:683][  0]LogTemp: Display: Loaded TP LinuxClientTargetPlatform
[2019.02.17-09.28.32:731][  0]LogTemp: Display: Loaded TP LinuxNoEditorTargetPlatform
[2019.02.17-09.28.32:767][  0]LogTemp: Display: Loaded TP LinuxServerTargetPlatform
[2019.02.17-09.28.32:805][  0]LogTemp: Display: Loaded TP LinuxTargetPlatform
[2019.02.17-09.28.32:805][  0]LogTargetPlatformManager: Display: Building Assets For Windows
[2019.02.17-09.28.33:161][  0]LogDerivedDataCache: Display: Max Cache Size: 512 MB
[2019.02.17-09.28.33:228][  0]LogDerivedDataCache: Loaded boot cache 0.07s 93MB C:/Users/GENOM/AppData/Local/UnrealEngine/4.17/DerivedDataCache/Boot.ddc.
[2019.02.17-09.28.33:228][  0]LogDerivedDataCache: Display: Loaded Boot cache: C:/Users/GENOM/AppData/Local/UnrealEngine/4.17/DerivedDataCache/Boot.ddc
[2019.02.17-09.28.33:228][  0]LogDerivedDataCache: FDerivedDataBackendGraph:  Pak pak cache file ../../../../../../Workspace/Dev/VideoGames/UnrealEngine/ProceduralGame/ProceduralGame/DerivedDataCache/DDC.ddp not found, will not use a pak cache.
[2019.02.17-09.28.33:228][  0]LogDerivedDataCache: Unable to find inner node Pak for hierarchical cache Hierarchy.
[2019.02.17-09.28.33:228][  0]LogDerivedDataCache: FDerivedDataBackendGraph:  CompressedPak pak cache file ../../../../../../Workspace/Dev/VideoGames/UnrealEngine/ProceduralGame/ProceduralGame/DerivedDataCache/Compressed.ddp not found, will not use a pak cache.
[2019.02.17-09.28.33:228][  0]LogDerivedDataCache: Unable to find inner node CompressedPak for hierarchical cache Hierarchy.
[2019.02.17-09.28.33:239][  0]LogDerivedDataCache: Display: Pak cache opened for reading ../../../Engine/DerivedDataCache/Compressed.ddp.
[2019.02.17-09.28.33:250][  0]LogDerivedDataCache: Using Local data cache path C:/Users/GENOM/AppData/Local/UnrealEngine/Common/DerivedDataCache: Writable
[2019.02.17-09.28.33:257][  0]LogMaterial: Verifying Global Shaders for PCD3D_SM5
[2019.02.17-09.28.33:257][  0]LogSlate: Using Freetype 2.6.0
[2019.02.17-09.28.33:258][  0]LogSlate: SlateFontCache - WITH_FREETYPE: 1, WITH_HARFBUZZ: 1
[2019.02.17-09.28.33:258][  0]LogSlate: SlateFontCache - WITH_FREETYPE: 1, WITH_HARFBUZZ: 1
[2019.02.17-09.28.33:465][  0]LogAssetRegistry: FAssetRegistry took 0.0249 seconds to start up
[2019.02.17-09.28.33:552][  0]LogInit: Selected Device Profile: [Windows]
[2019.02.17-09.28.33:689][  0]LogContentStreaming: Texture pool size is 0.00 MB
[2019.02.17-09.28.33:961][  0]LogSimplygon: Simplygon DLL not present - disabling.
[2019.02.17-09.28.33:991][  0]LogMeshReduction: Using SimplygonSwarm for distributed automatic mesh merging
[2019.02.17-09.28.33:991][  0]LogMeshReduction: Using QuadricMeshReduction for automatic static mesh reduction
[2019.02.17-09.28.33:991][  0]LogMeshReduction: No automatic skeletal mesh reduction module available
[2019.02.17-09.28.33:991][  0]LogMeshReduction: No automatic mesh merging module available
[2019.02.17-09.28.33:991][  0]LogMeshMerging: No automatic mesh merging module available
[2019.02.17-09.28.34:301][  0]LogNetVersion: ProceduralGame , NetCL: 3573198, EngineNetVer: 2, GameNetVer: 0 (Checksum: 561059596)
[2019.02.17-09.28.34:547][  0]LogPackageLocalizationCache: Processed 5 localized package path(s) for 1 prioritized culture(s) in 0.124836 seconds
[2019.02.17-09.28.34:552][  0]LogUObjectArray: 35825 objects as part of root set at end of initial load.
[2019.02.17-09.28.34:552][  0]LogUObjectAllocator: 7529112 out of 0 bytes used by permanent object pool.
[2019.02.17-09.28.34:552][  0]LogUObjectArray: CloseDisregardForGC: 0/0 objects in disregard for GC pool
[2019.02.17-09.28.34:602][  0]LogInit: WinSock: version 1.1 (2.2), MaxSocks=32767, MaxUdp=65467
[2019.02.17-09.28.36:773][  0]LogTcpMessaging: Initializing TcpMessaging bridge
[2019.02.17-09.28.36:807][  0]LogUdpMessaging: Initializing bridge on interface 0.0.0.0:0 to multicast group 230.0.0.1:6666.
[2019.02.17-09.28.37:329][  0]LogMaterial: Uniform references updated for custom material expression Custom.
[2019.02.17-09.28.37:639][  0]SourceControl: Source control is disabled
[2019.02.17-09.28.37:640][  0]SourceControl: Source control is disabled
[2019.02.17-09.28.37:680][  0]SourceControl: Source control is disabled
[2019.02.17-09.28.37:719][  0]SourceControl: Source control is disabled
[2019.02.17-09.28.38:201][  0]LogAndroidPermission: UAndroidPermissionCallbackProxy::GetInstance
[2019.02.17-09.28.38:400][  0]LogOcInput: OculusInput pre-init called
[2019.02.17-09.28.38:604][  0]LogEngine: Initializing Engine...
[2019.02.17-09.28.38:605][  0]LogHMD: Failed to initialize OpenVR with code 110
[2019.02.17-09.28.38:756][  0]LogStats: UGameplayTagsManager::ConstructGameplayTagTree: Construct from data asset -  0.000 s
[2019.02.17-09.28.38:757][  0]LogStats: UGameplayTagsManager::ConstructGameplayTagTree: GameplayTagTreeChangedEvent.Broadcast -  0.000 s
[2019.02.17-09.28.38:851][  0]LogAIModule: Creating AISystem for world Untitled
[2019.02.17-09.28.38:865][  0]LogInit: XAudio2 using 'Casque pour téléphone (Corsair VOID PRO USB Gaming Headset)' : 6 channels at 48 kHz using 16 bits per sample (channel mask 0x3f)
[2019.02.17-09.28.38:986][  0]LogInit: FAudioDevice initialized.
[2019.02.17-09.28.39:042][  0]LogDerivedDataCache: Saved boot cache 0.06s 93MB C:/Users/GENOM/AppData/Local/UnrealEngine/4.17/DerivedDataCache/Boot.ddc.
[2019.02.17-09.28.39:057][  0]LogInit: Texture streaming: Enabled
[2019.02.17-09.28.39:136][  0]LogEngineSessionManager: EngineSessionManager initialized
[2019.02.17-09.28.39:310][  0]LogInit: Transaction tracking system initialized
[2019.02.17-09.28.39:537][  0]BlueprintLog: New page: Editor Load
[2019.02.17-09.28.40:202][  0]LocalizationService: Localization service is disabled
[2019.02.17-09.28.40:729][  0]LogConsoleResponse: Display: 
[2019.02.17-09.28.40:906][  0]LogCook: Display: Max memory allowance for cook 16384mb min free memory 0mb
[2019.02.17-09.28.40:906][  0]LogCook: Display: Mobile HDR setting 1
[2019.02.17-09.28.40:906][  0]LogGameplayTags: Display: UGameplayTagsManager::DoneAddingNativeTags. DelegateIsBound: 0
[2019.02.17-09.28.41:699][  0]LogFileCache: Scanning file cache for directory 'D:/Workspace/Dev/VideoGames/UnrealEngine/ProceduralGame/ProceduralGame/Content/' took 0.02s
[2019.02.17-09.28.41:734][  0]SourceControl: Source control is disabled
[2019.02.17-09.28.41:849][  0]LogWindowsTextInputMethodSystem: Display: IME system now deactivated.
[2019.02.17-09.28.41:850][  0]LogSlate: Took 0.000188 seconds to synchronously load lazily loaded font '../../../Engine/Content/Slate/Fonts/Roboto-Regular.ttf' (155K)
[2019.02.17-09.28.52:351][  0]LogWindowsTextInputMethodSystem: Display: IME system now deactivated.
[2019.02.17-09.28.52:353][  0]LogWindowsTextInputMethodSystem: Display: IME system now deactivated.
[2019.02.17-09.28.52:357][  0]Cmd: MAP LOAD FILE="../../../../../../Workspace/Dev/VideoGames/UnrealEngine/ProceduralGame/ProceduralGame/Content/StarterContent/Maps/Minimal_Default.umap" TEMPLATE=0 SHOWPROGRESS=1 FEATURELEVEL=3
[2019.02.17-09.28.52:357][  0]LightingResults: New page: Lighting Build
[2019.02.17-09.28.52:393][  0]MapCheck: New page: Map Check
[2019.02.17-09.28.52:393][  0]LightingResults: New page: Lighting Build
[2019.02.17-09.28.52:763][  0]LogAIModule: Creating AISystem for world Minimal_Default
[2019.02.17-09.28.52:791][  0]LogEditorServer: Finished looking for orphan Actors (0.000 secs)
[2019.02.17-09.28.52:801][  0]Cmd: MAP CHECKDEP NOCLEARLOG
[2019.02.17-09.28.52:858][  0]MapCheck: Map check complete: 0 Error(s), 0 Warning(s), took 56.913ms to complete.
[2019.02.17-09.28.52:858][  0]LogFileHelpers: Loading map 'Minimal_Default' took 0.502
[2019.02.17-09.28.53:263][  0]LogStats: Warning: MetaData mismatch. Did you assign a stat to two groups? New //STATGROUP_Threads//SplashScreenThread///Thread_48ec_0///####STATCAT_Advanced#### old //STATGROUP_Threads//SplashScreenThread///Thread_1744_0///####STATCAT_Advanced####
[2019.02.17-09.28.53:263][  0]LogCollectionManager: Loaded 0 collections in 0.001334 seconds
[2019.02.17-09.28.53:420][  0]LogFileCache: Scanning file cache for directory 'D:/Workspace/Dev/VideoGames/UnrealEngine/ProceduralGame/ProceduralGame/Saved/Collections/' took 0.01s
[2019.02.17-09.28.53:420][  0]LogFileCache: Scanning file cache for directory 'D:/Workspace/Dev/VideoGames/UnrealEngine/ProceduralGame/ProceduralGame/Content/Developers/GENOM/Collections/' took 0.01s
[2019.02.17-09.28.53:420][  0]LogFileCache: Scanning file cache for directory 'D:/Workspace/Dev/VideoGames/UnrealEngine/ProceduralGame/ProceduralGame/Content/Collections/' took 0.01s
[2019.02.17-09.28.53:420][  0]LogCollectionManager: Rebuilt the GUID cache for 0 collections in 0.000000 seconds
[2019.02.17-09.28.53:431][  0]LogContentBrowser: Native class hierarchy populated in 0.0066 seconds. Added 2386 classes and 500 folders.
[2019.02.17-09.28.53:502][  0]LogContentBrowser: Native class hierarchy updated for 'WidgetCarousel' in 0.0013 seconds. Added 0 classes and 0 folders.
[2019.02.17-09.28.54:431][  0]LogContentBrowser: Native class hierarchy updated for 'AddContentDialog' in 0.0005 seconds. Added 0 classes and 0 folders.
[2019.02.17-09.28.54:551][  0]LogContentBrowser: Native class hierarchy updated for 'SceneOutliner' in 0.0005 seconds. Added 1 classes and 2 folders.
[2019.02.17-09.28.55:216][  0]LogContentBrowser: Native class hierarchy updated for 'HierarchicalLODOutliner' in 0.0005 seconds. Added 1 classes and 2 folders.
[2019.02.17-09.28.55:216][  0]LogLoad: (Engine Initialization) Total time: 26.24 seconds
[2019.02.17-09.28.55:216][  0]LogLoad: (Engine Initialization) Total Blueprint compile time: 0.00 seconds
[2019.02.17-09.28.55:216][  0]LogExternalProfiler: No external profilers were discovered.  External profiling features will not be available.
[2019.02.17-09.28.55:273][  0]LogAssetRegistry: Asset discovery search completed in 21.8307 seconds
[2019.02.17-09.28.55:274][  0]LogCollectionManager: Rebuilt the object cache for 0 collections in 0.000000 seconds (found 0 objects)
[2019.02.17-09.28.55:274][  0]LogCollectionManager: Fixed up redirectors for 0 collections in 0.000050 seconds (updated 0 objects)
[2019.02.17-09.28.55:328][  0]LogContentStreaming: Texture pool size now 1000 MB
[2019.02.17-09.28.55:334][  0]LogSlate: Took 0.000177 seconds to synchronously load lazily loaded font '../../../Engine/Content/Slate/Fonts/Roboto-Bold.ttf' (160K)
[2019.02.17-09.28.55:391][  0]LogSlate: Took 0.016566 seconds to synchronously load lazily loaded font '../../../Engine/Content/Editor/Slate/Fonts/FontAwesome.ttf' (139K)
[2019.02.17-09.28.55:413][  0]LogSlate: Took 0.009770 seconds to synchronously load lazily loaded font '../../../Engine/Content/Editor/Slate/Fonts/DroidSansMono.ttf' (77K)
[2019.02.17-09.28.55:727][  1]LogRenderer: Reallocating scene render targets to support 804x400 Format 10 NumSamples 1 (Frame:1).
[2019.02.17-09.28.56:349][ 47]LogSlate: Took 0.114733 seconds to synchronously load lazily loaded font '../../../Engine/Content/Slate/Fonts/Roboto-Light.ttf' (159K)
[2019.02.17-09.29.01:609][474]LogSlate: Took 0.000163 seconds to synchronously load lazily loaded font '../../../Engine/Content/Slate/Fonts/Roboto-Light.ttf' (159K)
[2019.02.17-09.29.03:606][705]LogSlate: Took 0.000174 seconds to synchronously load lazily loaded font '../../../Engine/Content/Slate/Fonts/Roboto-Light.ttf' (159K)
[2019.02.17-09.29.04:197][705]LogContentBrowser: Native class hierarchy updated for 'BlueprintGraph' in 0.0008 seconds. Added 113 classes and 0 folders.
[2019.02.17-09.29.04:892][705]LogSlate: Took 0.000167 seconds to synchronously load lazily loaded font '../../../Engine/Content/Slate/Fonts/Roboto-Regular.ttf' (155K)
[2019.02.17-09.29.05:219][705]LogSlate: Took 0.009688 seconds to synchronously load lazily loaded font '../../../Engine/Content/Editor/Slate/Fonts/Roboto-BoldCondensed.ttf' (158K)
[2019.02.17-09.29.10:180][220]LogSlate: Took 0.015798 seconds to synchronously load lazily loaded font '../../../Engine/Content/Editor/Slate/Fonts/Roboto-Italic.ttf' (157K)
[2019.02.17-09.29.21:190][293]LogRenderer: Reallocating scene render targets to support 804x620 Format 10 NumSamples 1 (Frame:2122).
[2019.02.17-09.29.42:547][470]Cmd: OBJ SAVEPACKAGE PACKAGE="/Game/Procedural/Planet" FILE="../../../../../../Workspace/Dev/VideoGames/UnrealEngine/ProceduralGame/ProceduralGame/Content/Procedural/Planet.uasset" SILENT=true
[2019.02.17-09.29.42:928][470]LogSavePackage: Save=156.98ms
[2019.02.17-09.29.42:928][470]LogSavePackage: Moving '../../../../../../Workspace/Dev/VideoGames/UnrealEngine/ProceduralGame/ProceduralGame/Saved/PlanetDF4D7F494DF9D2180E3FDFA23D32C927.tmp' to '../../../../../../Workspace/Dev/VideoGames/UnrealEngine/ProceduralGame/ProceduralGame/Content/Procedural/Planet.uasset'
[2019.02.17-09.29.42:929][470]LogSavePackage: Display: Finished SavePackage ../../../../../../Workspace/Dev/VideoGames/UnrealEngine/ProceduralGame/ProceduralGame/Content/Procedural/Planet.uasset
[2019.02.17-09.29.50:173][295]BlueprintLog: New page: Compile Planet
[2019.02.17-09.38.56:035][119]LogSavePackage: Save=59.97ms
[2019.02.17-09.38.56:035][119]LogSavePackage: Moving '../../../../../../Workspace/Dev/VideoGames/UnrealEngine/ProceduralGame/ProceduralGame/Saved/Minimal_Default_Auto11CEA8C0F4408BE6736B4CE822EAC8214.tmp' to '../../../../../../Workspace/Dev/VideoGames/UnrealEngine/ProceduralGame/ProceduralGame/Saved/Autosaves/Game/StarterContent/Maps/Minimal_Default_Auto1.umap'
[2019.02.17-09.38.56:036][119]LogSavePackage: Display: Finished SavePackage ../../../../../../Workspace/Dev/VideoGames/UnrealEngine/ProceduralGame/ProceduralGame/Saved/Autosaves/Game/StarterContent/Maps/Minimal_Default_Auto1.umap
[2019.02.17-09.38.56:054][119]LogFileHelpers: Editor autosave (incl. sublevels) for '/Game/StarterContent/Maps/Minimal_Default' took 0.410
[2019.02.17-09.38.56:054][119]LogFileHelpers: Editor autosave (incl. sublevels) for all levels took 0.410
[2019.02.17-09.51.26:068][867]LogFileHelpers: Editor autosave (incl. sublevels) for '/Game/StarterContent/Maps/Minimal_Default' took 0.013
[2019.02.17-09.51.26:069][867]OBJ SavePackage: Generating thumbnails for [0] asset(s) in package [/Game/Procedural/Planet] ([1] browsable assets)...
[2019.02.17-09.51.26:069][867]OBJ SavePackage: Finished generating thumbnails for package [/Game/Procedural/Planet]
[2019.02.17-09.51.26:195][867]LogSavePackage: Save=118.03ms
[2019.02.17-09.51.26:195][867]LogSavePackage: Moving '../../../../../../Workspace/Dev/VideoGames/UnrealEngine/ProceduralGame/ProceduralGame/Saved/Planet_Auto23659E2E64983D4FDB00814A9892C54D8.tmp' to '../../../../../../Workspace/Dev/VideoGames/UnrealEngine/ProceduralGame/ProceduralGame/Saved/Autosaves/Game/Procedural/Planet_Auto2.uasset'
[2019.02.17-09.51.26:270][867]LogSavePackage: Display: Finished SavePackage ../../../../../../Workspace/Dev/VideoGames/UnrealEngine/ProceduralGame/ProceduralGame/Saved/Autosaves/Game/Procedural/Planet_Auto2.uasset
[2019.02.17-09.51.26:270][867]LogFileHelpers: Auto-saving content packages took 0.201
[2019.02.17-10.06.12:044][753]LogFileHelpers: Editor autosave (incl. sublevels) for '/Game/StarterContent/Maps/Minimal_Default' took 0.012
[2019.02.17-10.06.12:045][753]OBJ SavePackage: Generating thumbnails for [0] asset(s) in package [/Game/Procedural/Planet] ([1] browsable assets)...
[2019.02.17-10.06.12:046][753]OBJ SavePackage: Finished generating thumbnails for package [/Game/Procedural/Planet]
[2019.02.17-10.06.12:224][753]LogSavePackage: Save=173.37ms
[2019.02.17-10.06.12:224][753]LogSavePackage: Moving '../../../../../../Workspace/Dev/VideoGames/UnrealEngine/ProceduralGame/ProceduralGame/Saved/Planet_Auto3841A84E1497D31E06CAEC58DF050DCB2.tmp' to '../../../../../../Workspace/Dev/VideoGames/UnrealEngine/ProceduralGame/ProceduralGame/Saved/Autosaves/Game/Procedural/Planet_Auto3.uasset'
[2019.02.17-10.06.12:226][753]LogSavePackage: Display: Finished SavePackage ../../../../../../Workspace/Dev/VideoGames/UnrealEngine/ProceduralGame/ProceduralGame/Saved/Autosaves/Game/Procedural/Planet_Auto3.uasset
[2019.02.17-10.06.12:226][753]LogFileHelpers: Auto-saving content packages took 0.182
[2019.02.17-10.12.01:930][694]LogSlate: Took 0.004944 seconds to synchronously load lazily loaded font '../../../Engine/Content/Editor/Slate/Fonts/Roboto-BoldCondensedItalic.ttf' (160K)
[2019.02.17-10.13.47:011][193]BlueprintLog: New page: Compile Planet
[2019.02.17-10.13.47:404][193]Cmd: OBJ SAVEPACKAGE PACKAGE="/Game/Procedural/Planet" FILE="../../../../../../Workspace/Dev/VideoGames/UnrealEngine/ProceduralGame/ProceduralGame/Content/Procedural/Planet.uasset" SILENT=true
[2019.02.17-10.13.47:706][193]LogSavePackage: Save=294.60ms
[2019.02.17-10.13.47:706][193]LogSavePackage: Moving '../../../../../../Workspace/Dev/VideoGames/UnrealEngine/ProceduralGame/ProceduralGame/Saved/Planet4B91B89D451901058D8CF18D7D86027D.tmp' to '../../../../../../Workspace/Dev/VideoGames/UnrealEngine/ProceduralGame/ProceduralGame/Content/Procedural/Planet.uasset'
[2019.02.17-10.13.47:708][193]LogSavePackage: Display: Finished SavePackage ../../../../../../Workspace/Dev/VideoGames/UnrealEngine/ProceduralGame/ProceduralGame/Content/Procedural/Planet.uasset
[2019.02.17-10.16.13:109][ 18]LogSavePackage: Save=45.83ms
[2019.02.17-10.16.13:109][ 18]LogSavePackage: Moving '../../../../../../Workspace/Dev/VideoGames/UnrealEngine/ProceduralGame/ProceduralGame/Saved/Minimal_Default_Auto495E30C964DFB3E9DC6844BAD9A8683BE.tmp' to '../../../../../../Workspace/Dev/VideoGames/UnrealEngine/ProceduralGame/ProceduralGame/Saved/Autosaves/Game/StarterContent/Maps/Minimal_Default_Auto4.umap'
[2019.02.17-10.16.13:110][ 18]LogSavePackage: Display: Finished SavePackage ../../../../../../Workspace/Dev/VideoGames/UnrealEngine/ProceduralGame/ProceduralGame/Saved/Autosaves/Game/StarterContent/Maps/Minimal_Default_Auto4.umap
[2019.02.17-10.16.13:112][ 18]LogFileHelpers: Editor autosave (incl. sublevels) for '/Game/StarterContent/Maps/Minimal_Default' took 0.068
[2019.02.17-10.16.13:112][ 18]LogFileHelpers: Editor autosave (incl. sublevels) for all levels took 0.068
[2019.02.17-10.16.13:113][ 18]OBJ SavePackage: Generating thumbnails for [0] asset(s) in package [/Game/Procedural/Planet] ([1] browsable assets)...
[2019.02.17-10.16.13:113][ 18]OBJ SavePackage: Finished generating thumbnails for package [/Game/Procedural/Planet]
[2019.02.17-10.16.13:241][ 18]LogSavePackage: Save=123.12ms
[2019.02.17-10.16.13:242][ 18]LogSavePackage: Moving '../../../../../../Workspace/Dev/VideoGames/UnrealEngine/ProceduralGame/ProceduralGame/Saved/Planet_Auto432EDC96040AA23512383FE9B31197F00.tmp' to '../../../../../../Workspace/Dev/VideoGames/UnrealEngine/ProceduralGame/ProceduralGame/Saved/Autosaves/Game/Procedural/Planet_Auto4.uasset'
[2019.02.17-10.16.13:243][ 18]LogSavePackage: Display: Finished SavePackage ../../../../../../Workspace/Dev/VideoGames/UnrealEngine/ProceduralGame/ProceduralGame/Saved/Autosaves/Game/Procedural/Planet_Auto4.uasset
[2019.02.17-10.16.13:243][ 18]LogFileHelpers: Auto-saving content packages took 0.130
[2019.02.17-10.17.06:571][438]BlueprintLog: New page: Compile Planet
[2019.02.17-10.17.06:948][438]Cmd: OBJ SAVEPACKAGE PACKAGE="/Game/Procedural/Planet" FILE="../../../../../../Workspace/Dev/VideoGames/UnrealEngine/ProceduralGame/ProceduralGame/Content/Procedural/Planet.uasset" SILENT=true
[2019.02.17-10.17.07:078][438]LogSavePackage: Save=124.19ms
[2019.02.17-10.17.07:078][438]LogSavePackage: Moving '../../../../../../Workspace/Dev/VideoGames/UnrealEngine/ProceduralGame/ProceduralGame/Saved/PlanetDE7F0F5B459729B6C172E1B5E2BDDDFC.tmp' to '../../../../../../Workspace/Dev/VideoGames/UnrealEngine/ProceduralGame/ProceduralGame/Content/Procedural/Planet.uasset'
[2019.02.17-10.17.07:080][438]LogSavePackage: Display: Finished SavePackage ../../../../../../Workspace/Dev/VideoGames/UnrealEngine/ProceduralGame/ProceduralGame/Content/Procedural/Planet.uasset
[2019.02.17-10.17.48:203][334]BlueprintLog: New page: Compile Planet
[2019.02.17-10.17.48:607][334]Cmd: OBJ SAVEPACKAGE PACKAGE="/Game/Procedural/Planet" FILE="../../../../../../Workspace/Dev/VideoGames/UnrealEngine/ProceduralGame/ProceduralGame/Content/Procedural/Planet.uasset" SILENT=true
[2019.02.17-10.17.48:735][334]LogSavePackage: Save=122.39ms
[2019.02.17-10.17.48:735][334]LogSavePackage: Moving '../../../../../../Workspace/Dev/VideoGames/UnrealEngine/ProceduralGame/ProceduralGame/Saved/Planet3DAE52964BEE69C7943901B5DF5E799B.tmp' to '../../../../../../Workspace/Dev/VideoGames/UnrealEngine/ProceduralGame/ProceduralGame/Content/Procedural/Planet.uasset'
[2019.02.17-10.17.48:738][334]LogSavePackage: Display: Finished SavePackage ../../../../../../Workspace/Dev/VideoGames/UnrealEngine/ProceduralGame/ProceduralGame/Content/Procedural/Planet.uasset
[2019.02.17-10.18.13:040][217]Cmd: OBJ SAVEPACKAGE PACKAGE="/Game/Procedural/Planet" FILE="../../../../../../Workspace/Dev/VideoGames/UnrealEngine/ProceduralGame/ProceduralGame/Content/Procedural/Planet.uasset" SILENT=true
[2019.02.17-10.18.13:170][217]LogSavePackage: Save=124.15ms
[2019.02.17-10.18.13:170][217]LogSavePackage: Moving '../../../../../../Workspace/Dev/VideoGames/UnrealEngine/ProceduralGame/ProceduralGame/Saved/PlanetB6AACEB848B663EFC2881FA075B834EF.tmp' to '../../../../../../Workspace/Dev/VideoGames/UnrealEngine/ProceduralGame/ProceduralGame/Content/Procedural/Planet.uasset'
[2019.02.17-10.18.13:173][217]LogSavePackage: Display: Finished SavePackage ../../../../../../Workspace/Dev/VideoGames/UnrealEngine/ProceduralGame/ProceduralGame/Content/Procedural/Planet.uasset
[2019.02.17-10.18.14:593][386]Cmd: OBJ SAVEPACKAGE PACKAGE="/Game/Procedural/Planet" FILE="../../../../../../Workspace/Dev/VideoGames/UnrealEngine/ProceduralGame/ProceduralGame/Content/Procedural/Planet.uasset" SILENT=true
[2019.02.17-10.18.14:722][386]LogSavePackage: Save=123.95ms
[2019.02.17-10.18.14:723][386]LogSavePackage: Moving '../../../../../../Workspace/Dev/VideoGames/UnrealEngine/ProceduralGame/ProceduralGame/Saved/PlanetC7E750464A490198703545B897D32C19.tmp' to '../../../../../../Workspace/Dev/VideoGames/UnrealEngine/ProceduralGame/ProceduralGame/Content/Procedural/Planet.uasset'
[2019.02.17-10.18.14:725][386]LogSavePackage: Display: Finished SavePackage ../../../../../../Workspace/Dev/VideoGames/UnrealEngine/ProceduralGame/ProceduralGame/Content/Procedural/Planet.uasset
[2019.02.17-10.26.14:122][718]LogSavePackage: Save=44.54ms
[2019.02.17-10.26.14:122][718]LogSavePackage: Moving '../../../../../../Workspace/Dev/VideoGames/UnrealEngine/ProceduralGame/ProceduralGame/Saved/Minimal_Default_Auto5134AD77D4472A2BA82437DB26DE7546C.tmp' to '../../../../../../Workspace/Dev/VideoGames/UnrealEngine/ProceduralGame/ProceduralGame/Saved/Autosaves/Game/StarterContent/Maps/Minimal_Default_Auto5.umap'
[2019.02.17-10.26.14:124][718]LogSavePackage: Display: Finished SavePackage ../../../../../../Workspace/Dev/VideoGames/UnrealEngine/ProceduralGame/ProceduralGame/Saved/Autosaves/Game/StarterContent/Maps/Minimal_Default_Auto5.umap
[2019.02.17-10.26.14:125][718]LogFileHelpers: Editor autosave (incl. sublevels) for '/Game/StarterContent/Maps/Minimal_Default' took 0.069
[2019.02.17-10.26.14:125][718]LogFileHelpers: Editor autosave (incl. sublevels) for all levels took 0.069
[2019.02.17-11.30.40:309][866]LogRenderer: Reallocating scene render targets to support 1208x636 Format 10 NumSamples 1 (Frame:67307).
[2019.02.17-11.32.32:118][618]Cmd: OBJ SAVEPACKAGE PACKAGE="/Game/Procedural/Planet" FILE="../../../../../../Workspace/Dev/VideoGames/UnrealEngine/ProceduralGame/ProceduralGame/Content/Procedural/Planet.uasset" SILENT=true
[2019.02.17-11.32.32:304][618]LogSavePackage: Save=177.21ms
[2019.02.17-11.32.32:304][618]LogSavePackage: Moving '../../../../../../Workspace/Dev/VideoGames/UnrealEngine/ProceduralGame/ProceduralGame/Saved/PlanetEBB6CF8740780414F8B315ABAD74E984.tmp' to '../../../../../../Workspace/Dev/VideoGames/UnrealEngine/ProceduralGame/ProceduralGame/Content/Procedural/Planet.uasset'
[2019.02.17-11.32.32:307][618]LogSavePackage: Display: Finished SavePackage ../../../../../../Workspace/Dev/VideoGames/UnrealEngine/ProceduralGame/ProceduralGame/Content/Procedural/Planet.uasset
[2019.02.17-11.34.09:898][263]LogSavePackage: Save=49.16ms
[2019.02.17-11.34.09:898][263]LogSavePackage: Moving '../../../../../../Workspace/Dev/VideoGames/UnrealEngine/ProceduralGame/ProceduralGame/Saved/Minimal_Default_Auto605026C854B357002292D11B8485795AC.tmp' to '../../../../../../Workspace/Dev/VideoGames/UnrealEngine/ProceduralGame/ProceduralGame/Saved/Autosaves/Game/StarterContent/Maps/Minimal_Default_Auto6.umap'
[2019.02.17-11.34.09:900][263]LogSavePackage: Display: Finished SavePackage ../../../../../../Workspace/Dev/VideoGames/UnrealEngine/ProceduralGame/ProceduralGame/Saved/Autosaves/Game/StarterContent/Maps/Minimal_Default_Auto6.umap
[2019.02.17-11.34.09:901][263]LogFileHelpers: Editor autosave (incl. sublevels) for '/Game/StarterContent/Maps/Minimal_Default' took 0.078
[2019.02.17-11.34.09:901][263]LogFileHelpers: Editor autosave (incl. sublevels) for all levels took 0.078
[2019.02.17-11.34.09:903][263]OBJ SavePackage: Generating thumbnails for [0] asset(s) in package [/Game/Procedural/Planet] ([1] browsable assets)...
[2019.02.17-11.34.09:903][263]OBJ SavePackage: Finished generating thumbnails for package [/Game/Procedural/Planet]
[2019.02.17-11.34.10:044][263]LogSavePackage: Save=136.44ms
[2019.02.17-11.34.10:044][263]LogSavePackage: Moving '../../../../../../Workspace/Dev/VideoGames/UnrealEngine/ProceduralGame/ProceduralGame/Saved/Planet_Auto676C650874F78272E4696DD93CAE05723.tmp' to '../../../../../../Workspace/Dev/VideoGames/UnrealEngine/ProceduralGame/ProceduralGame/Saved/Autosaves/Game/Procedural/Planet_Auto6.uasset'
[2019.02.17-11.34.10:046][263]LogSavePackage: Display: Finished SavePackage ../../../../../../Workspace/Dev/VideoGames/UnrealEngine/ProceduralGame/ProceduralGame/Saved/Autosaves/Game/Procedural/Planet_Auto6.uasset
[2019.02.17-11.34.10:046][263]LogFileHelpers: Auto-saving content packages took 0.144
[2019.02.17-11.41.44:014][261]Cmd: OBJ SAVEPACKAGE PACKAGE="/Game/Procedural/Planet" FILE="../../../../../../Workspace/Dev/VideoGames/UnrealEngine/ProceduralGame/ProceduralGame/Content/Procedural/Planet.uasset" SILENT=true
[2019.02.17-11.41.44:189][261]LogSavePackage: Save=142.03ms
[2019.02.17-11.41.44:189][261]LogSavePackage: Moving '../../../../../../Workspace/Dev/VideoGames/UnrealEngine/ProceduralGame/ProceduralGame/Saved/PlanetFDC577C84811CA869CFFFF8D7C17874A.tmp' to '../../../../../../Workspace/Dev/VideoGames/UnrealEngine/ProceduralGame/ProceduralGame/Content/Procedural/Planet.uasset'
[2019.02.17-11.41.44:191][261]LogSavePackage: Display: Finished SavePackage ../../../../../../Workspace/Dev/VideoGames/UnrealEngine/ProceduralGame/ProceduralGame/Content/Procedural/Planet.uasset
[2019.02.17-11.41.48:199][740]Cmd: OBJ SAVEPACKAGE PACKAGE="/Game/Procedural/Planet" FILE="../../../../../../Workspace/Dev/VideoGames/UnrealEngine/ProceduralGame/ProceduralGame/Content/Procedural/Planet.uasset" SILENT=true
[2019.02.17-11.41.48:333][740]LogSavePackage: Save=128.02ms
[2019.02.17-11.41.48:333][740]LogSavePackage: Moving '../../../../../../Workspace/Dev/VideoGames/UnrealEngine/ProceduralGame/ProceduralGame/Saved/Planet5A11D1474619F35715F912B9B8E26932.tmp' to '../../../../../../Workspace/Dev/VideoGames/UnrealEngine/ProceduralGame/ProceduralGame/Content/Procedural/Planet.uasset'
[2019.02.17-11.41.48:335][740]LogSavePackage: Display: Finished SavePackage ../../../../../../Workspace/Dev/VideoGames/UnrealEngine/ProceduralGame/ProceduralGame/Content/Procedural/Planet.uasset
[2019.02.17-11.44.11:106][529]LogSavePackage: Save=304.29ms
[2019.02.17-11.44.11:106][529]LogSavePackage: Moving '../../../../../../Workspace/Dev/VideoGames/UnrealEngine/ProceduralGame/ProceduralGame/Saved/Minimal_Default_Auto7937184B34175F1DEDE8940AF2FF9266E.tmp' to '../../../../../../Workspace/Dev/VideoGames/UnrealEngine/ProceduralGame/ProceduralGame/Saved/Autosaves/Game/StarterContent/Maps/Minimal_Default_Auto7.umap'
[2019.02.17-11.44.11:107][529]LogSavePackage: Display: Finished SavePackage ../../../../../../Workspace/Dev/VideoGames/UnrealEngine/ProceduralGame/ProceduralGame/Saved/Autosaves/Game/StarterContent/Maps/Minimal_Default_Auto7.umap
[2019.02.17-11.44.11:109][529]LogFileHelpers: Editor autosave (incl. sublevels) for '/Game/StarterContent/Maps/Minimal_Default' took 0.328
[2019.02.17-11.44.11:109][529]LogFileHelpers: Editor autosave (incl. sublevels) for all levels took 0.328
[2019.02.17-11.51.04:802][168]LogSavePackage: Save=44.29ms
[2019.02.17-11.51.04:802][168]LogSavePackage: Moving '../../../../../../Workspace/Dev/VideoGames/UnrealEngine/ProceduralGame/ProceduralGame/Saved/Minimal_Default231B45DE4242870536ADB7A5D8B81075.tmp' to '../../../../../../Workspace/Dev/VideoGames/UnrealEngine/ProceduralGame/ProceduralGame/Content/StarterContent/Maps/Minimal_Default.umap'
[2019.02.17-11.51.04:804][168]LogSavePackage: Display: Finished SavePackage ../../../../../../Workspace/Dev/VideoGames/UnrealEngine/ProceduralGame/ProceduralGame/Content/StarterContent/Maps/Minimal_Default.umap
[2019.02.17-11.51.04:827][168]LogFileHelpers: Saving map 'Minimal_Default' took 0.137
