Log file open, 02/15/19 21:37:00
LogWindows: Failed to load 'aqProf.dll' (GetLastError=126)
LogWindows: File 'aqProf.dll' does not exist
LogWindows: Failed to load 'VSPerf140.dll' (GetLastError=126)
LogWindows: File 'VSPerf140.dll' does not exist
LogWindows: Failed to load 'VtuneApi.dll' (GetLastError=126)
LogWindows: File 'VtuneApi.dll' does not exist
LogWindows: Failed to load 'VtuneApi32e.dll' (GetLastError=126)
LogWindows: File 'VtuneApi32e.dll' does not exist
LogInit: Display: Running engine for game: ProceduralGame
LogPlatformFile: Not using cached read wrapper
LogInit: Display: RandInit(447084904) SRandInit(447084905).
LogTaskGraph: Started task graph with 5 named threads and 14 total threads with 3 sets of task threads.
LogStats: Stats thread started at 0.160151
LogD3D11RHI: Aftermath initialized
LogPluginManager: Mounting plugin Paper2D
LogPluginManager: Mounting plugin LightPropagationVolume
LogPluginManager: Mounting plugin CodeLiteSourceCodeAccess
LogPluginManager: Mounting plugin GitSourceControl
LogPluginManager: Mounting plugin KDevelopSourceCodeAccess
LogPluginManager: Mounting plugin NullSourceCodeAccess
LogPluginManager: Mounting plugin PerforceSourceControl
LogPluginManager: Mounting plugin SubversionSourceControl
LogPluginManager: Mounting plugin UObjectPlugin
LogPluginManager: Mounting plugin VisualStudioSourceCodeAccess
LogPluginManager: Mounting plugin XCodeSourceCodeAccess
LogPluginManager: Mounting plugin AssetManagerEditor
LogPluginManager: Mounting plugin AudioCapture
LogPluginManager: Mounting plugin FacialAnimation
LogPluginManager: Mounting plugin GameplayTagsEditor
LogPluginManager: Mounting plugin MobileLauncherProfileWizard
LogPluginManager: Mounting plugin PluginBrowser
LogPluginManager: Mounting plugin SpeedTreeImporter
LogPluginManager: Mounting plugin AlembicImporter
LogPluginManager: Mounting plugin CharacterAI
LogPluginManager: Mounting plugin HTML5Networking
LogPluginManager: Mounting plugin AndroidMedia
LogPluginManager: Mounting plugin AvfMedia
LogPluginManager: Mounting plugin MediaPlayerEditor
LogPluginManager: Mounting plugin WmfMedia
LogPluginManager: Mounting plugin TcpMessaging
LogPluginManager: Mounting plugin UdpMessaging
LogPluginManager: Mounting plugin LevelSequenceEditor
LogPluginManager: Mounting plugin MatineeToLevelSequence
LogPluginManager: Mounting plugin OnlineSubsystemGooglePlay
LogPluginManager: Mounting plugin OnlineSubsystemIOS
LogPluginManager: Mounting plugin OnlineSubsystem
LogPluginManager: Mounting plugin OnlineSubsystemNull
LogPluginManager: Mounting plugin OnlineSubsystemUtils
LogPluginManager: Mounting plugin AndroidDeviceProfileSelector
LogPluginManager: Mounting plugin AndroidMoviePlayer
LogPluginManager: Mounting plugin AndroidPermission
LogPluginManager: Mounting plugin AppleMoviePlayer
LogPluginManager: Mounting plugin ArchVisCharacter
LogPluginManager: Mounting plugin CableComponent
LogPluginManager: Mounting plugin CustomMeshComponent
LogPluginManager: Mounting plugin ExampleDeviceProfileSelector
LogPluginManager: Mounting plugin GoogleCloudMessaging
LogPluginManager: Mounting plugin ImmediatePhysics
LogPluginManager: Mounting plugin IOSDeviceProfileSelector
LogPluginManager: Mounting plugin LinuxDeviceProfileSelector
LogPluginManager: Mounting plugin LocationServicesBPLibrary
LogPluginManager: Mounting plugin MobilePatchingUtils
LogPluginManager: Mounting plugin OculusVR
LogPluginManager: Mounting plugin PhysXVehicles
LogPluginManager: Mounting plugin ProceduralMeshComponent
LogPluginManager: Mounting plugin RuntimePhysXCooking
LogPluginManager: Mounting plugin SteamVR
LogPluginManager: Mounting plugin WindowsMoviePlayer
LogInit: Using libcurl 7.47.1
LogInit:  - built for x86_64-pc-win32
LogInit:  - supports SSL with OpenSSL/1.0.2g
LogInit:  - supports HTTP deflate (compression) using libz 1.2.8
LogInit:  - other features:
LogInit:      CURL_VERSION_SSL
LogInit:      CURL_VERSION_LIBZ
LogInit:      CURL_VERSION_IPV6
LogInit:      CURL_VERSION_ASYNCHDNS
LogInit:      CURL_VERSION_LARGEFILE
LogInit:      CURL_VERSION_IDN
LogInit:  CurlRequestOptions (configurable via config and command line):
LogInit:  - bVerifyPeer = false  - Libcurl will NOT verify peer certificate
LogInit:  - bUseHttpProxy = false  - Libcurl will NOT use HTTP proxy
LogInit:  - bDontReuseConnections = false  - Libcurl will reuse connections
LogInit:  - CertBundlePath = nullptr  - Libcurl will use whatever was configured at build time.
LogInit: Build: ++UE4+Release-4.17-CL-3658906
LogInit: Engine Version: 4.17.2-3658906+++UE4+Release-4.17
LogInit: Compatible Engine Version: 4.17.0-3573198+++UE4+Release-4.17
LogInit: Net CL: 3573198
LogDevObjectVersion: Number of dev versions registered: 16
LogDevObjectVersion:   Dev-Blueprints (B0D832E4-1F89-4F0D-ACCF-7EB736FD4AA2): 10
LogDevObjectVersion:   Dev-Build (E1C64328-A22C-4D53-A36C-8E866417BD8C): 0
LogDevObjectVersion:   Dev-Core (375EC13C-06E4-48FB-B500-84F0262A717E): 2
LogDevObjectVersion:   Dev-Editor (E4B068ED-F494-42E9-A231-DA0B2E46BB41): 20
LogDevObjectVersion:   Dev-Framework (CFFC743F-43B0-4480-9391-14DF171D2073): 28
LogDevObjectVersion:   Dev-Mobile (B02B49B5-BB20-44E9-A304-32B752E40360): 0
LogDevObjectVersion:   Dev-Networking (A4E4105C-59A1-49B5-A7C5-40C4547EDFEE): 0
LogDevObjectVersion:   Dev-Online (39C831C9-5AE6-47DC-9A44-9C173E1C8E7C): 0
LogDevObjectVersion:   Dev-Physics (78F01B33-EBEA-4F98-B9B4-84EACCB95AA2): 0
LogDevObjectVersion:   Dev-Platform (6631380F-2D4D-43E0-8009-CF276956A95A): 0
LogDevObjectVersion:   Dev-Rendering (12F88B9F-8875-4AFC-A67C-D90C383ABD29): 19
LogDevObjectVersion:   Dev-Sequencer (7B5AE74C-D270-4C10-A958-57980B212A5A): 4
LogDevObjectVersion:   Dev-VR (D7296918-1DD6-4BDD-9DE2-64A83CC13884): 0
LogDevObjectVersion:   Dev-LoadTimes (C2A15278-BFE7-4AFE-6C17-90FF531DF755): 1
LogDevObjectVersion:   Private-Geometry (6EACA3D4-40EC-4CC1-B786-8BED09428FC5): 1
LogDevObjectVersion:   Dev-AnimPhys (29E575DD-E0A3-4627-9D10-D276232CDCEA): 7
LogInit: Compiled (64-bit): Sep 22 2017 13:47:16
LogInit: Compiled with Visual C++: 19.00.24215.01
LogInit: Build Configuration: Development
LogInit: Branch Name: ++UE4+Release-4.17
LogInit: Command line: -EpicPortal  -epicusername="mansartesteban" -epicuserid=bbe00aada9074c3ca612a1cc2aee7827 -epiclocale=fr-FR
LogInit: Base directory: D:/Software/UnrealEngine/UE_4.17/Engine/Binaries/Win64/
LogInit: Installed Engine Build: 1
LogInit: Presizing for max 8388607 objects, including 0 objects not considered by GC, pre-allocating 0 bytes for permanent pool.
LogInit: Object subsystem initialized
[2019.02.15-20.37.01:113][  0]LogInit: Selected Device Profile: [Windows]
[2019.02.15-20.37.01:113][  0]LogInit: Applying CVar settings loaded from the selected device profile: [Windows]
[2019.02.15-20.37.01:165][  0]LogInit: Computer: DESKTOP-9LVK4B6
[2019.02.15-20.37.01:165][  0]LogInit: User: GENOM
[2019.02.15-20.37.01:165][  0]LogInit: CPU Page size=4096, Cores=4
[2019.02.15-20.37.01:165][  0]LogInit: High frequency timer resolution =4.101569 MHz
[2019.02.15-20.37.01:165][  0]LogMemory: Memory total: Physical=16.0GB (16GB approx)
[2019.02.15-20.37.01:165][  0]LogMemory: Platform Memory Stats for Windows
[2019.02.15-20.37.01:165][  0]LogMemory: Process Physical Memory: 278.41 MB used, 278.41 MB peak
[2019.02.15-20.37.01:165][  0]LogMemory: Process Virtual Memory: 282.25 MB used, 282.25 MB peak
[2019.02.15-20.37.01:165][  0]LogMemory: Physical Memory: 6326.38 MB used,  10010.05 MB free, 16336.42 MB total
[2019.02.15-20.37.01:165][  0]LogMemory: Virtual Memory: 4793.98 MB used,  10010.05 MB free, 134217728.00 MB total
[2019.02.15-20.37.01:314][  0]LogInit: Using OS detected language (fr-FR).
[2019.02.15-20.37.01:314][  0]LogInit: Using OS detected locale (fr-FR).
[2019.02.15-20.37.01:317][  0]LogTextLocalizationManager: No localization for 'fr-FR' exists, so 'en' will be used for the language.
[2019.02.15-20.37.01:317][  0]LogTextLocalizationManager: No localization for 'fr-FR' exists, so 'en' will be used for the locale.
[2019.02.15-20.37.01:847][  0]LogD3D11RHI: D3D11 adapters:
[2019.02.15-20.37.01:900][  0]LogD3D11RHI:    0. 'NVIDIA GeForce GTX 1080' (Feature Level 11_0)
[2019.02.15-20.37.01:900][  0]LogD3D11RHI:       8086/0/8168 MB DedicatedVideo/DedicatedSystem/SharedSystem, Outputs:2, VendorId:0x10de
[2019.02.15-20.37.01:903][  0]LogD3D11RHI:    1. 'Microsoft Basic Render Driver' (Feature Level 11_0)
[2019.02.15-20.37.01:903][  0]LogD3D11RHI:       0/0/8168 MB DedicatedVideo/DedicatedSystem/SharedSystem, Outputs:0, VendorId:0x1414
[2019.02.15-20.37.01:903][  0]LogD3D11RHI: Chosen D3D11 Adapter: 0
[2019.02.15-20.37.01:909][  0]LogD3D11RHI: Creating new Direct3DDevice
[2019.02.15-20.37.01:909][  0]LogD3D11RHI:     GPU DeviceId: 0x1b80 (for the marketing name, search the web for "GPU Device Id")
[2019.02.15-20.37.01:909][  0]LogWindows: EnumDisplayDevices:
[2019.02.15-20.37.01:909][  0]LogWindows:    0. 'NVIDIA GeForce GTX 1080' (P:0 D:1)
[2019.02.15-20.37.01:909][  0]LogWindows:    1. 'NVIDIA GeForce GTX 1080' (P:1 D:1)
[2019.02.15-20.37.01:909][  0]LogWindows:    2. 'NVIDIA GeForce GTX 1080' (P:0 D:0)
[2019.02.15-20.37.01:909][  0]LogWindows:    3. 'NVIDIA GeForce GTX 1080' (P:0 D:0)
[2019.02.15-20.37.01:909][  0]LogWindows: DebugString: GetVideoDriverDetailsInvalid PrimaryIsNotTheChoosenAdapter GetVideoDriverDetailsInvalid PrimaryIsNotTheChoosenAdapter GetVideoDriverDetailsInvalid PrimaryIsNotTheChoosenAdapter GetVideoDriverDetailsInvalid PrimaryIsNotTheChoosenAdapter FoundDriverCount:0 
[2019.02.15-20.37.01:909][  0]LogD3D11RHI:     Adapter Name: NVIDIA GeForce GTX 1080
[2019.02.15-20.37.01:909][  0]LogD3D11RHI:   Driver Version: Unknown (internal:Unknown, unified:Unknown)
[2019.02.15-20.37.01:909][  0]LogD3D11RHI:      Driver Date: Unknown
[2019.02.15-20.37.01:909][  0]LogRHI: Texture pool is 1361 MB (70% of 1945 MB)
[2019.02.15-20.37.01:936][  0]LogD3D11RHI: Async texture creation enabled
[2019.02.15-20.37.01:946][  0]LogD3D11RHI: GPU Timing Frequency: 1000.000000 (Debug: 2 1)
[2019.02.15-20.37.01:995][  0]LogShaderCompilers: Guid format shader working directory is -39 characters bigger than the processId version (../../../../../../Workspace/Dev/VideoGames/UnrealEngine/ProceduralGame/ProceduralGame/Intermediate/Shaders/WorkingDirectory/4880/).
[2019.02.15-20.37.01:996][  0]LogShaderCompilers: Cleaned the shader compiler working directory 'C:/Users/GENOM/AppData/Local/Temp/UnrealShaderWorkingDir/8168A6A4402890EDDB23D5B1A9D198A0/'.
[2019.02.15-20.37.01:996][  0]LogShaderCompilers: Display: Using Local Shader Compiler.
[2019.02.15-20.37.02:692][  0]LogTemp: Display: Loaded TP AllDesktopTargetPlatform
[2019.02.15-20.37.02:737][  0]LogTemp: Display: Loaded TP MacClientTargetPlatform
[2019.02.15-20.37.02:777][  0]LogTemp: Display: Loaded TP MacNoEditorTargetPlatform
[2019.02.15-20.37.02:817][  0]LogTemp: Display: Loaded TP MacServerTargetPlatform
[2019.02.15-20.37.02:858][  0]LogTemp: Display: Loaded TP MacTargetPlatform
[2019.02.15-20.37.02:901][  0]LogTemp: Display: Loaded TP WindowsClientTargetPlatform
[2019.02.15-20.37.02:949][  0]LogTemp: Display: Loaded TP WindowsNoEditorTargetPlatform
[2019.02.15-20.37.02:991][  0]LogTemp: Display: Loaded TP WindowsServerTargetPlatform
[2019.02.15-20.37.03:028][  0]LogTemp: Display: Loaded TP WindowsTargetPlatform
[2019.02.15-20.37.03:069][  0]LogTemp: Display: Loaded TP AndroidTargetPlatform
[2019.02.15-20.37.03:109][  0]LogTemp: Display: Loaded TP Android_ASTCTargetPlatform
[2019.02.15-20.37.03:148][  0]LogTemp: Display: Loaded TP Android_ATCTargetPlatform
[2019.02.15-20.37.03:189][  0]LogTemp: Display: Loaded TP Android_DXTTargetPlatform
[2019.02.15-20.37.03:243][  0]LogTemp: Display: Loaded TP Android_ETC1TargetPlatform
[2019.02.15-20.37.03:287][  0]LogTemp: Display: Loaded TP Android_ETC2TargetPlatform
[2019.02.15-20.37.03:377][  0]LogTemp: Display: Loaded TP Android_MultiTargetPlatform
[2019.02.15-20.37.03:377][  0]LogTemp: Display: Loaded TP Android_PVRTCTargetPlatform
[2019.02.15-20.37.03:418][  0]LogTemp: Display: Loaded TP HTML5TargetPlatform
[2019.02.15-20.37.03:538][  0]LogTemp: Display: Loaded TP IOSTargetPlatform
[2019.02.15-20.37.03:560][  0]LogTemp: Display: Loaded TP TVOSTargetPlatform
[2019.02.15-20.37.03:607][  0]LogTemp: Display: Loaded TP LinuxClientTargetPlatform
[2019.02.15-20.37.03:651][  0]LogTemp: Display: Loaded TP LinuxNoEditorTargetPlatform
[2019.02.15-20.37.03:689][  0]LogTemp: Display: Loaded TP LinuxServerTargetPlatform
[2019.02.15-20.37.03:728][  0]LogTemp: Display: Loaded TP LinuxTargetPlatform
[2019.02.15-20.37.03:728][  0]LogTargetPlatformManager: Display: Building Assets For Windows
[2019.02.15-20.37.04:150][  0]LogDerivedDataCache: Display: Max Cache Size: 512 MB
[2019.02.15-20.37.04:219][  0]LogDerivedDataCache: Loaded boot cache 0.07s 93MB C:/Users/GENOM/AppData/Local/UnrealEngine/4.17/DerivedDataCache/Boot.ddc.
[2019.02.15-20.37.04:219][  0]LogDerivedDataCache: Display: Loaded Boot cache: C:/Users/GENOM/AppData/Local/UnrealEngine/4.17/DerivedDataCache/Boot.ddc
[2019.02.15-20.37.04:219][  0]LogDerivedDataCache: FDerivedDataBackendGraph:  Pak pak cache file ../../../../../../Workspace/Dev/VideoGames/UnrealEngine/ProceduralGame/ProceduralGame/DerivedDataCache/DDC.ddp not found, will not use a pak cache.
[2019.02.15-20.37.04:219][  0]LogDerivedDataCache: Unable to find inner node Pak for hierarchical cache Hierarchy.
[2019.02.15-20.37.04:219][  0]LogDerivedDataCache: FDerivedDataBackendGraph:  CompressedPak pak cache file ../../../../../../Workspace/Dev/VideoGames/UnrealEngine/ProceduralGame/ProceduralGame/DerivedDataCache/Compressed.ddp not found, will not use a pak cache.
[2019.02.15-20.37.04:219][  0]LogDerivedDataCache: Unable to find inner node CompressedPak for hierarchical cache Hierarchy.
[2019.02.15-20.37.04:230][  0]LogDerivedDataCache: Display: Pak cache opened for reading ../../../Engine/DerivedDataCache/Compressed.ddp.
[2019.02.15-20.37.04:242][  0]LogDerivedDataCache: Using Local data cache path C:/Users/GENOM/AppData/Local/UnrealEngine/Common/DerivedDataCache: Writable
[2019.02.15-20.37.04:249][  0]LogMaterial: Verifying Global Shaders for PCD3D_SM5
[2019.02.15-20.37.04:249][  0]LogSlate: Using Freetype 2.6.0
[2019.02.15-20.37.04:250][  0]LogSlate: SlateFontCache - WITH_FREETYPE: 1, WITH_HARFBUZZ: 1
[2019.02.15-20.37.04:250][  0]LogSlate: SlateFontCache - WITH_FREETYPE: 1, WITH_HARFBUZZ: 1
[2019.02.15-20.37.04:472][  0]LogAssetRegistry: FAssetRegistry took 0.0255 seconds to start up
[2019.02.15-20.37.04:557][  0]LogInit: Selected Device Profile: [Windows]
[2019.02.15-20.37.04:712][  0]LogContentStreaming: Texture pool size is 0.00 MB
[2019.02.15-20.37.04:982][  0]LogSimplygon: Simplygon DLL not present - disabling.
[2019.02.15-20.37.05:015][  0]LogMeshReduction: Using SimplygonSwarm for distributed automatic mesh merging
[2019.02.15-20.37.05:015][  0]LogMeshReduction: Using QuadricMeshReduction for automatic static mesh reduction
[2019.02.15-20.37.05:015][  0]LogMeshReduction: No automatic skeletal mesh reduction module available
[2019.02.15-20.37.05:015][  0]LogMeshReduction: No automatic mesh merging module available
[2019.02.15-20.37.05:015][  0]LogMeshMerging: No automatic mesh merging module available
[2019.02.15-20.37.05:338][  0]LogNetVersion: ProceduralGame , NetCL: 3573198, EngineNetVer: 2, GameNetVer: 0 (Checksum: 561059596)
[2019.02.15-20.37.05:643][  0]LogPackageLocalizationCache: Processed 5 localized package path(s) for 1 prioritized culture(s) in 0.161952 seconds
[2019.02.15-20.37.05:648][  0]LogUObjectArray: 35825 objects as part of root set at end of initial load.
[2019.02.15-20.37.05:648][  0]LogUObjectAllocator: 7529112 out of 0 bytes used by permanent object pool.
[2019.02.15-20.37.05:648][  0]LogUObjectArray: CloseDisregardForGC: 0/0 objects in disregard for GC pool
[2019.02.15-20.37.05:696][  0]LogInit: WinSock: version 1.1 (2.2), MaxSocks=32767, MaxUdp=65467
[2019.02.15-20.37.07:870][  0]LogTcpMessaging: Initializing TcpMessaging bridge
[2019.02.15-20.37.07:906][  0]LogUdpMessaging: Initializing bridge on interface 0.0.0.0:0 to multicast group 230.0.0.1:6666.
[2019.02.15-20.37.08:489][  0]LogMaterial: Uniform references updated for custom material expression Custom.
[2019.02.15-20.37.08:823][  0]SourceControl: Source control is disabled
[2019.02.15-20.37.08:823][  0]SourceControl: Source control is disabled
[2019.02.15-20.37.08:873][  0]SourceControl: Source control is disabled
[2019.02.15-20.37.08:913][  0]SourceControl: Source control is disabled
[2019.02.15-20.37.09:419][  0]LogAndroidPermission: UAndroidPermissionCallbackProxy::GetInstance
[2019.02.15-20.37.09:628][  0]LogOcInput: OculusInput pre-init called
[2019.02.15-20.37.09:831][  0]LogEngine: Initializing Engine...
[2019.02.15-20.37.09:833][  0]LogHMD: Failed to initialize OpenVR with code 110
[2019.02.15-20.37.09:991][  0]LogStats: UGameplayTagsManager::ConstructGameplayTagTree: Construct from data asset -  0.000 s
[2019.02.15-20.37.09:991][  0]LogStats: UGameplayTagsManager::ConstructGameplayTagTree: GameplayTagTreeChangedEvent.Broadcast -  0.000 s
[2019.02.15-20.37.10:092][  0]LogAIModule: Creating AISystem for world Untitled
[2019.02.15-20.37.10:107][  0]LogInit: XAudio2 using 'Casque pour téléphone (Corsair VOID PRO USB Gaming Headset)' : 6 channels at 48 kHz using 16 bits per sample (channel mask 0x3f)
[2019.02.15-20.37.10:227][  0]LogInit: FAudioDevice initialized.
[2019.02.15-20.37.10:307][  0]LogDerivedDataCache: Saved boot cache 0.08s 93MB C:/Users/GENOM/AppData/Local/UnrealEngine/4.17/DerivedDataCache/Boot.ddc.
[2019.02.15-20.37.10:320][  0]LogInit: Texture streaming: Enabled
[2019.02.15-20.37.10:402][  0]LogEngineSessionManager: EngineSessionManager initialized
[2019.02.15-20.37.10:565][  0]LogInit: Transaction tracking system initialized
[2019.02.15-20.37.10:798][  0]BlueprintLog: New page: Editor Load
[2019.02.15-20.37.11:511][  0]LocalizationService: Localization service is disabled
[2019.02.15-20.37.13:574][  0]LogConsoleResponse: Display: 
[2019.02.15-20.37.13:729][  0]LogCook: Display: Max memory allowance for cook 16384mb min free memory 0mb
[2019.02.15-20.37.13:729][  0]LogCook: Display: Mobile HDR setting 1
[2019.02.15-20.37.13:729][  0]LogGameplayTags: Display: UGameplayTagsManager::DoneAddingNativeTags. DelegateIsBound: 0
[2019.02.15-20.37.14:628][  0]LogFileCache: Scanning file cache for directory 'D:/Workspace/Dev/VideoGames/UnrealEngine/ProceduralGame/ProceduralGame/Content/' took 0.01s
[2019.02.15-20.37.14:628][  0]SourceControl: Source control is disabled
[2019.02.15-20.37.14:753][  0]LogSlate: Took 0.000180 seconds to synchronously load lazily loaded font '../../../Engine/Content/Slate/Fonts/Roboto-Regular.ttf' (155K)
[2019.02.15-20.37.38:545][  0]LogWindowsTextInputMethodSystem: Display: IME system now deactivated.
[2019.02.15-20.37.38:551][  0]LogWindowsTextInputMethodSystem: Display: IME system now deactivated.
[2019.02.15-20.37.38:552][  0]Cmd: MAP LOAD FILE="../../../../../../Workspace/Dev/VideoGames/UnrealEngine/ProceduralGame/ProceduralGame/Content/StarterContent/Maps/Minimal_Default.umap" TEMPLATE=0 SHOWPROGRESS=1 FEATURELEVEL=3
[2019.02.15-20.37.38:552][  0]LightingResults: New page: Lighting Build
[2019.02.15-20.37.38:591][  0]MapCheck: New page: Map Check
[2019.02.15-20.37.38:591][  0]LightingResults: New page: Lighting Build
[2019.02.15-20.37.38:879][  0]LogAIModule: Creating AISystem for world Minimal_Default
[2019.02.15-20.37.38:888][  0]LogEditorServer: Finished looking for orphan Actors (0.000 secs)
[2019.02.15-20.37.38:902][  0]Cmd: MAP CHECKDEP NOCLEARLOG
[2019.02.15-20.37.38:953][  0]MapCheck: Map check complete: 0 Error(s), 0 Warning(s), took 51.654ms to complete.
[2019.02.15-20.37.38:954][  0]LogFileHelpers: Loading map 'Minimal_Default' took 0.402
[2019.02.15-20.37.39:086][  0]LogStats: Warning: MetaData mismatch. Did you assign a stat to two groups? New //STATGROUP_Threads//SplashScreenThread///Thread_39e4_0///####STATCAT_Advanced#### old //STATGROUP_Threads//SplashScreenThread///Thread_724_0///####STATCAT_Advanced####
[2019.02.15-20.37.39:086][  0]LogCollectionManager: Loaded 0 collections in 0.001362 seconds
[2019.02.15-20.37.39:158][  0]LogFileCache: Scanning file cache for directory 'D:/Workspace/Dev/VideoGames/UnrealEngine/ProceduralGame/ProceduralGame/Saved/Collections/' took 0.01s
[2019.02.15-20.37.39:158][  0]LogFileCache: Scanning file cache for directory 'D:/Workspace/Dev/VideoGames/UnrealEngine/ProceduralGame/ProceduralGame/Content/Developers/GENOM/Collections/' took 0.01s
[2019.02.15-20.37.39:158][  0]LogFileCache: Scanning file cache for directory 'D:/Workspace/Dev/VideoGames/UnrealEngine/ProceduralGame/ProceduralGame/Content/Collections/' took 0.01s
[2019.02.15-20.37.39:158][  0]LogCollectionManager: Rebuilt the GUID cache for 0 collections in 0.000000 seconds
[2019.02.15-20.37.39:164][  0]LogContentBrowser: Native class hierarchy populated in 0.0062 seconds. Added 2386 classes and 500 folders.
[2019.02.15-20.37.39:214][  0]LogContentBrowser: Native class hierarchy updated for 'WidgetCarousel' in 0.0005 seconds. Added 0 classes and 0 folders.
[2019.02.15-20.37.40:319][  0]LogContentBrowser: Native class hierarchy updated for 'AddContentDialog' in 0.0006 seconds. Added 0 classes and 0 folders.
[2019.02.15-20.37.40:379][  0]LogContentBrowser: Native class hierarchy updated for 'SceneOutliner' in 0.0005 seconds. Added 1 classes and 2 folders.
[2019.02.15-20.37.40:461][  0]LogSlate: Took 0.000223 seconds to synchronously load lazily loaded font '../../../Engine/Content/Slate/Fonts/Roboto-Bold.ttf' (160K)
[2019.02.15-20.37.40:479][  0]LogSlate: Took 0.013573 seconds to synchronously load lazily loaded font '../../../Engine/Content/Editor/Slate/Fonts/FontAwesome.ttf' (139K)
[2019.02.15-20.37.40:578][  0]LogRenderer: Reallocating scene render targets to support 1208x576 Format 10 NumSamples 1 (Frame:1).
[2019.02.15-20.37.40:701][  0]LogContentBrowser: Native class hierarchy updated for 'HierarchicalLODOutliner' in 0.0005 seconds. Added 1 classes and 2 folders.
[2019.02.15-20.37.40:701][  0]LogLoad: (Engine Initialization) Total time: 41.26 seconds
[2019.02.15-20.37.40:701][  0]LogLoad: (Engine Initialization) Total Blueprint compile time: 0.00 seconds
[2019.02.15-20.37.40:701][  0]LogExternalProfiler: No external profilers were discovered.  External profiling features will not be available.
[2019.02.15-20.37.40:723][  0]LogAssetRegistry: Asset discovery search completed in 36.2725 seconds
[2019.02.15-20.37.40:724][  0]LogCollectionManager: Rebuilt the object cache for 0 collections in 0.000000 seconds (found 0 objects)
[2019.02.15-20.37.40:724][  0]LogCollectionManager: Fixed up redirectors for 0 collections in 0.000032 seconds (updated 0 objects)
[2019.02.15-20.37.40:725][  0]LogContentStreaming: Texture pool size now 1000 MB
[2019.02.15-20.37.40:762][  0]LogSlate: Took 0.019029 seconds to synchronously load lazily loaded font '../../../Engine/Content/Slate/Fonts/Roboto-Light.ttf' (159K)
[2019.02.15-20.37.41:723][114]LogSlate: Took 0.000212 seconds to synchronously load lazily loaded font '../../../Engine/Content/Slate/Fonts/Roboto-Light.ttf' (159K)
[2019.02.15-20.38.02:739][630]LogSlate: Took 0.000167 seconds to synchronously load lazily loaded font '../../../Engine/Content/Slate/Fonts/Roboto-Light.ttf' (159K)
[2019.02.15-20.38.03:031][630]LogContentBrowser: Native class hierarchy updated for 'BlueprintGraph' in 0.0007 seconds. Added 113 classes and 0 folders.
[2019.02.15-20.38.03:506][630]LogSlate: Took 0.000186 seconds to synchronously load lazily loaded font '../../../Engine/Content/Slate/Fonts/Roboto-Regular.ttf' (155K)
[2019.02.15-20.38.03:834][630]LogSlate: Took 0.062068 seconds to synchronously load lazily loaded font '../../../Engine/Content/Editor/Slate/Fonts/Roboto-BoldCondensed.ttf' (158K)
[2019.02.15-20.38.05:561][786]LogSlate: Took 0.058862 seconds to synchronously load lazily loaded font '../../../Engine/Content/Editor/Slate/Fonts/Roboto-Italic.ttf' (157K)
[2019.02.15-20.38.35:217][464]BlueprintLog: New page: Compile TriangleMesh
[2019.02.15-20.38.35:439][464]Cmd: OBJ SAVEPACKAGE PACKAGE="/Game/Procedural/TriangleMesh" FILE="../../../../../../Workspace/Dev/VideoGames/UnrealEngine/ProceduralGame/ProceduralGame/Content/Procedural/TriangleMesh.uasset" SILENT=true
[2019.02.15-20.38.35:519][464]LogSavePackage: Save=48.64ms
[2019.02.15-20.38.35:519][464]LogSavePackage: Moving '../../../../../../Workspace/Dev/VideoGames/UnrealEngine/ProceduralGame/ProceduralGame/Saved/TriangleMesh382AF722454A20BF9D9A07891C05A388.tmp' to '../../../../../../Workspace/Dev/VideoGames/UnrealEngine/ProceduralGame/ProceduralGame/Content/Procedural/TriangleMesh.uasset'
[2019.02.15-20.38.35:521][464]LogSavePackage: Display: Finished SavePackage ../../../../../../Workspace/Dev/VideoGames/UnrealEngine/ProceduralGame/ProceduralGame/Content/Procedural/TriangleMesh.uasset
[2019.02.15-20.38.36:926][616]BlueprintLog: New page: Compile TriangleMesh
[2019.02.15-20.38.39:056][816]BlueprintLog: New page: Compile TriangleMesh
[2019.02.15-20.38.48:518][780]BlueprintLog: New page: Compile TriangleMesh
[2019.02.15-20.38.48:751][780]Cmd: OBJ SAVEPACKAGE PACKAGE="/Game/Procedural/TriangleMesh" FILE="../../../../../../Workspace/Dev/VideoGames/UnrealEngine/ProceduralGame/ProceduralGame/Content/Procedural/TriangleMesh.uasset" SILENT=true
[2019.02.15-20.38.48:807][780]LogSavePackage: Save=51.15ms
[2019.02.15-20.38.48:807][780]LogSavePackage: Moving '../../../../../../Workspace/Dev/VideoGames/UnrealEngine/ProceduralGame/ProceduralGame/Saved/TriangleMeshB41E6108496EE40B4CFF3C85EB8CCB51.tmp' to '../../../../../../Workspace/Dev/VideoGames/UnrealEngine/ProceduralGame/ProceduralGame/Content/Procedural/TriangleMesh.uasset'
[2019.02.15-20.38.48:809][780]LogSavePackage: Display: Finished SavePackage ../../../../../../Workspace/Dev/VideoGames/UnrealEngine/ProceduralGame/ProceduralGame/Content/Procedural/TriangleMesh.uasset
[2019.02.15-20.39.04:950][439]BlueprintLog: New page: Compile TriangleMesh
[2019.02.15-20.39.05:729][439]Cmd: OBJ SAVEPACKAGE PACKAGE="/Game/Procedural/TriangleMesh" FILE="../../../../../../Workspace/Dev/VideoGames/UnrealEngine/ProceduralGame/ProceduralGame/Content/Procedural/TriangleMesh.uasset" SILENT=true
[2019.02.15-20.39.05:779][439]LogSavePackage: Save=47.40ms
[2019.02.15-20.39.05:779][439]LogSavePackage: Moving '../../../../../../Workspace/Dev/VideoGames/UnrealEngine/ProceduralGame/ProceduralGame/Saved/TriangleMesh38C791964719BE45A4F78981AD66A5F7.tmp' to '../../../../../../Workspace/Dev/VideoGames/UnrealEngine/ProceduralGame/ProceduralGame/Content/Procedural/TriangleMesh.uasset'
[2019.02.15-20.39.05:781][439]LogSavePackage: Display: Finished SavePackage ../../../../../../Workspace/Dev/VideoGames/UnrealEngine/ProceduralGame/ProceduralGame/Content/Procedural/TriangleMesh.uasset
[2019.02.15-20.39.07:384][601]LogEditorViewport: Clicking on Actor (LMB): BP_Sky_Sphere_C (BP_Sky_Sphere)
[2019.02.15-20.39.07:447][602]LogEditorViewport: Clicking on Component (LMB): StaticMeshComponent (Sky Sphere mesh)
[2019.02.15-20.39.19:751][816]BlueprintLog: New page: Compile TriangleMesh
[2019.02.15-20.39.21:298][816]Cmd: OBJ SAVEPACKAGE PACKAGE="/Game/Procedural/TriangleMesh" FILE="../../../../../../Workspace/Dev/VideoGames/UnrealEngine/ProceduralGame/ProceduralGame/Content/Procedural/TriangleMesh.uasset" SILENT=true
[2019.02.15-20.39.21:349][816]LogSavePackage: Save=47.39ms
[2019.02.15-20.39.21:349][816]LogSavePackage: Moving '../../../../../../Workspace/Dev/VideoGames/UnrealEngine/ProceduralGame/ProceduralGame/Saved/TriangleMeshD995FEE94DAFF4A3FDB08EB31D23C0E0.tmp' to '../../../../../../Workspace/Dev/VideoGames/UnrealEngine/ProceduralGame/ProceduralGame/Content/Procedural/TriangleMesh.uasset'
[2019.02.15-20.39.21:351][816]LogSavePackage: Display: Finished SavePackage ../../../../../../Workspace/Dev/VideoGames/UnrealEngine/ProceduralGame/ProceduralGame/Content/Procedural/TriangleMesh.uasset
[2019.02.15-20.39.25:358][211]BlueprintLog: New page: Compile TriangleMesh
[2019.02.15-20.39.29:661][211]Cmd: OBJ SAVEPACKAGE PACKAGE="/Game/Procedural/TriangleMesh" FILE="../../../../../../Workspace/Dev/VideoGames/UnrealEngine/ProceduralGame/ProceduralGame/Content/Procedural/TriangleMesh.uasset" SILENT=true
[2019.02.15-20.39.29:715][211]LogSavePackage: Save=50.54ms
[2019.02.15-20.39.29:715][211]LogSavePackage: Moving '../../../../../../Workspace/Dev/VideoGames/UnrealEngine/ProceduralGame/ProceduralGame/Saved/TriangleMeshCCF974774DC76DE14325B0A1DEF4EBED.tmp' to '../../../../../../Workspace/Dev/VideoGames/UnrealEngine/ProceduralGame/ProceduralGame/Content/Procedural/TriangleMesh.uasset'
[2019.02.15-20.39.29:717][211]LogSavePackage: Display: Finished SavePackage ../../../../../../Workspace/Dev/VideoGames/UnrealEngine/ProceduralGame/ProceduralGame/Content/Procedural/TriangleMesh.uasset
[2019.02.15-20.39.59:612][ 87]Cmd: OBJ SAVEPACKAGE PACKAGE="/Game/Procedural/TriangleMesh" FILE="../../../../../../Workspace/Dev/VideoGames/UnrealEngine/ProceduralGame/ProceduralGame/Content/Procedural/TriangleMesh.uasset" SILENT=true
[2019.02.15-20.39.59:663][ 87]LogSavePackage: Save=47.73ms
[2019.02.15-20.39.59:663][ 87]LogSavePackage: Moving '../../../../../../Workspace/Dev/VideoGames/UnrealEngine/ProceduralGame/ProceduralGame/Saved/TriangleMeshC4BA467E43423263C5CBCB81179B2388.tmp' to '../../../../../../Workspace/Dev/VideoGames/UnrealEngine/ProceduralGame/ProceduralGame/Content/Procedural/TriangleMesh.uasset'
[2019.02.15-20.39.59:666][ 87]LogSavePackage: Display: Finished SavePackage ../../../../../../Workspace/Dev/VideoGames/UnrealEngine/ProceduralGame/ProceduralGame/Content/Procedural/TriangleMesh.uasset
[2019.02.15-20.39.59:785][ 87]LogSavePackage: Save=53.79ms
[2019.02.15-20.39.59:785][ 87]LogSavePackage: Moving '../../../../../../Workspace/Dev/VideoGames/UnrealEngine/ProceduralGame/ProceduralGame/Saved/Minimal_Default1907DB0C4F2DC1A4D677A884696969E9.tmp' to '../../../../../../Workspace/Dev/VideoGames/UnrealEngine/ProceduralGame/ProceduralGame/Content/StarterContent/Maps/Minimal_Default.umap'
[2019.02.15-20.39.59:787][ 87]LogSavePackage: Display: Finished SavePackage ../../../../../../Workspace/Dev/VideoGames/UnrealEngine/ProceduralGame/ProceduralGame/Content/StarterContent/Maps/Minimal_Default.umap
[2019.02.15-20.39.59:794][ 87]LogFileHelpers: Saving map 'Minimal_Default' took 0.128
[2019.02.15-20.40.00:090][ 87]LogWindowsTextInputMethodSystem: Display: IME system now deactivated.
[2019.02.15-20.40.00:399][ 88]Cmd: QUIT_EDITOR
[2019.02.15-20.40.00:418][ 88]LogExit: Preparing to exit.
[2019.02.15-20.40.01:122][ 88]LogDirectoryWatcher: A directory notification for 'D:/Workspace/Dev/VideoGames/UnrealEngine/ProceduralGame/ProceduralGame/Content/' was aborted.
[2019.02.15-20.40.01:160][ 88]LogExit: Editor shut down
[2019.02.15-20.40.01:162][ 88]LogExit: Transaction tracking system shut down
[2019.02.15-20.40.01:385][ 88]LogDirectoryWatcher: A directory notification for '../../../Engine/Content/' was aborted.
[2019.02.15-20.40.01:385][ 88]LogDirectoryWatcher: A directory notification for '../../../../../../Workspace/Dev/VideoGames/UnrealEngine/ProceduralGame/ProceduralGame/Content/' was aborted.
[2019.02.15-20.40.01:385][ 88]LogDirectoryWatcher: A directory notification for '../../../Engine/Plugins/2D/Paper2D/Content/' was aborted.
[2019.02.15-20.40.01:385][ 88]LogDirectoryWatcher: A directory notification for '../../../Engine/Plugins/Runtime/Oculus/OculusVR/Content/' was aborted.
[2019.02.15-20.40.01:385][ 88]LogDirectoryWatcher: A directory notification for '../../../Engine/Plugins/Runtime/Steam/SteamVR/Content/' was aborted.
[2019.02.15-20.40.01:436][ 88]LogExit: Object subsystem successfully closed.
[2019.02.15-20.40.01:456][ 88]LogD3D11RHI: Shutdown
[2019.02.15-20.40.01:456][ 88]LogD3D11RHI: CleanupD3DDevice
[2019.02.15-20.40.01:527][ 88]LogD3D11RHI: ~FD3D11DynamicRHI
[2019.02.15-20.40.01:553][ 88]LogModuleManager: Shutting down and abandoning module BlueprintGraph (534)
[2019.02.15-20.40.01:553][ 88]LogModuleManager: Shutting down and abandoning module BlueprintProfiler (532)
[2019.02.15-20.40.01:570][ 88]LogModuleManager: Shutting down and abandoning module HierarchicalLODOutliner (530)
[2019.02.15-20.40.01:570][ 88]LogModuleManager: Shutting down and abandoning module SceneOutliner (528)
[2019.02.15-20.40.01:584][ 88]LogModuleManager: Shutting down and abandoning module AddContentDialog (526)
[2019.02.15-20.40.01:597][ 88]LogDirectoryWatcher: A directory notification for 'D:/Software/UnrealEngine/UE_4.17/FeaturePacks/' was aborted.
[2019.02.15-20.40.01:605][ 88]LogModuleManager: Shutting down and abandoning module WidgetCarousel (525)
[2019.02.15-20.40.01:605][ 88]LogModuleManager: Shutting down and abandoning module EditorWidgets (522)
[2019.02.15-20.40.01:605][ 88]LogModuleManager: Shutting down and abandoning module CollectionManager (520)
[2019.02.15-20.40.01:605][ 88]LogDirectoryWatcher: A directory notification for 'D:/Workspace/Dev/VideoGames/UnrealEngine/ProceduralGame/ProceduralGame/Content/Collections/' was aborted.
[2019.02.15-20.40.01:605][ 88]LogDirectoryWatcher: A directory notification for 'D:/Workspace/Dev/VideoGames/UnrealEngine/ProceduralGame/ProceduralGame/Content/Developers/GENOM/Collections/' was aborted.
[2019.02.15-20.40.01:605][ 88]LogDirectoryWatcher: A directory notification for 'D:/Workspace/Dev/VideoGames/UnrealEngine/ProceduralGame/ProceduralGame/Saved/Collections/' was aborted.
[2019.02.15-20.40.01:605][ 88]LogModuleManager: Shutting down and abandoning module StatsViewer (518)
[2019.02.15-20.40.01:605][ 88]LogModuleManager: Shutting down and abandoning module FoliageEdit (516)
[2019.02.15-20.40.01:605][ 88]LogModuleManager: Shutting down and abandoning module LandscapeEditor (514)
[2019.02.15-20.40.01:605][ 88]LogModuleManager: Shutting down and abandoning module MeshPaintMode (512)
[2019.02.15-20.40.01:605][ 88]LogModuleManager: Shutting down and abandoning module SceneDepthPickerMode (510)
[2019.02.15-20.40.01:605][ 88]LogModuleManager: Shutting down and abandoning module ActorPickerMode (508)
[2019.02.15-20.40.01:605][ 88]LogModuleManager: Shutting down and abandoning module GeometryMode (506)
[2019.02.15-20.40.01:605][ 88]LogModuleManager: Shutting down and abandoning module TextureAlignMode (504)
[2019.02.15-20.40.01:605][ 88]LogModuleManager: Shutting down and abandoning module BspMode (502)
[2019.02.15-20.40.01:605][ 88]LogModuleManager: Shutting down and abandoning module PIEPreviewDeviceProfileSelector (500)
[2019.02.15-20.40.01:605][ 88]LogModuleManager: Shutting down and abandoning module HardwareSurvey (498)
[2019.02.15-20.40.01:605][ 88]LogModuleManager: Shutting down and abandoning module SequenceRecorderSections (496)
[2019.02.15-20.40.01:605][ 88]LogModuleManager: Shutting down and abandoning module AutomationWorker (494)
[2019.02.15-20.40.01:605][ 88]LogModuleManager: Shutting down and abandoning module MatineeToLevelSequence (492)
[2019.02.15-20.40.01:605][ 88]LogModuleManager: Shutting down and abandoning module LevelSequenceEditor (490)
[2019.02.15-20.40.01:605][ 88]LogModuleManager: Shutting down and abandoning module PlacementMode (489)
[2019.02.15-20.40.01:605][ 88]LogModuleManager: Shutting down and abandoning module WmfMediaFactory (486)
[2019.02.15-20.40.01:605][ 88]LogModuleManager: Shutting down and abandoning module WmfMediaEditor (484)
[2019.02.15-20.40.01:605][ 88]LogModuleManager: Shutting down and abandoning module AvfMediaFactory (482)
[2019.02.15-20.40.01:605][ 88]LogModuleManager: Shutting down and abandoning module AvfMediaEditor (480)
[2019.02.15-20.40.01:605][ 88]LogModuleManager: Shutting down and abandoning module AndroidMediaFactory (478)
[2019.02.15-20.40.01:605][ 88]LogModuleManager: Shutting down and abandoning module Media (477)
[2019.02.15-20.40.01:605][ 88]LogModuleManager: Shutting down and abandoning module AndroidMediaEditor (474)
[2019.02.15-20.40.01:605][ 88]LogModuleManager: Shutting down and abandoning module CharacterAI (472)
[2019.02.15-20.40.01:605][ 88]LogModuleManager: Shutting down and abandoning module AudioCapture (470)
[2019.02.15-20.40.01:605][ 88]LogModuleManager: Shutting down and abandoning module SequenceRecorder (469)
[2019.02.15-20.40.01:605][ 88]LogModuleManager: Shutting down and abandoning module SmartSnapping (466)
[2019.02.15-20.40.01:605][ 88]LogModuleManager: Shutting down and abandoning module SessionServices (464)
[2019.02.15-20.40.01:605][ 88]LogModuleManager: Shutting down and abandoning module ViewportSnapping (462)
[2019.02.15-20.40.01:605][ 88]LogModuleManager: Shutting down and abandoning module ViewportInteraction (460)
[2019.02.15-20.40.01:605][ 88]LogModuleManager: Shutting down and abandoning module ClothPainter (458)
[2019.02.15-20.40.01:605][ 88]LogModuleManager: Shutting down and abandoning module LogVisualizer (456)
[2019.02.15-20.40.01:605][ 88]LogModuleManager: Shutting down and abandoning module IntroTutorials (454)
[2019.02.15-20.40.01:605][ 88]LogModuleManager: Shutting down and abandoning module GameProjectGeneration (453)
[2019.02.15-20.40.01:605][ 88]LogModuleManager: Shutting down and abandoning module IOSPlatformEditor (450)
[2019.02.15-20.40.01:606][ 88]LogModuleManager: Shutting down and abandoning module HTML5PlatformEditor (448)
[2019.02.15-20.40.01:606][ 88]LogModuleManager: Shutting down and abandoning module AndroidPlatformEditor (446)
[2019.02.15-20.40.01:606][ 88]LogModuleManager: Shutting down and abandoning module AndroidDeviceDetection (445)
[2019.02.15-20.40.02:363][ 88]LogModuleManager: Shutting down and abandoning module WindowsPlatformEditor (442)
[2019.02.15-20.40.02:363][ 88]LogModuleManager: Shutting down and abandoning module IOSRuntimeSettings (440)
[2019.02.15-20.40.02:363][ 88]LogModuleManager: Shutting down and abandoning module AndroidRuntimeSettings (438)
[2019.02.15-20.40.02:363][ 88]LogModuleManager: Shutting down and abandoning module InputBindingEditor (436)
[2019.02.15-20.40.02:363][ 88]LogModuleManager: Shutting down and abandoning module MergeActors (434)
[2019.02.15-20.40.02:363][ 88]LogModuleManager: Shutting down and abandoning module SizeMap (432)
[2019.02.15-20.40.02:363][ 88]LogModuleManager: Shutting down and abandoning module TreeMap (430)
[2019.02.15-20.40.02:363][ 88]LogModuleManager: Shutting down and abandoning module ReferenceViewer (428)
[2019.02.15-20.40.02:363][ 88]LogModuleManager: Shutting down and abandoning module LocalizationDashboard (426)
[2019.02.15-20.40.02:363][ 88]LogModuleManager: Shutting down and abandoning module LocalizationService (425)
[2019.02.15-20.40.02:363][ 88]LogModuleManager: Shutting down and abandoning module HardwareTargeting (422)
[2019.02.15-20.40.02:363][ 88]LogModuleManager: Shutting down and abandoning module DeviceProfileEditor (420)
[2019.02.15-20.40.02:363][ 88]LogModuleManager: Shutting down and abandoning module UndoHistory (418)
[2019.02.15-20.40.02:363][ 88]LogModuleManager: Shutting down and abandoning module XmlParser (416)
[2019.02.15-20.40.02:363][ 88]LogModuleManager: Shutting down and abandoning module Blutility (414)
[2019.02.15-20.40.02:363][ 88]LogModuleManager: Shutting down and abandoning module ProjectSettingsViewer (412)
[2019.02.15-20.40.02:363][ 88]LogModuleManager: Shutting down and abandoning module ProjectTargetPlatformEditor (411)
[2019.02.15-20.40.02:363][ 88]LogModuleManager: Shutting down and abandoning module EditorSettingsViewer (408)
[2019.02.15-20.40.02:364][ 88]LogModuleManager: Shutting down and abandoning module SettingsEditor (406)
[2019.02.15-20.40.02:364][ 88]LogModuleManager: Shutting down and abandoning module ProjectLauncher (404)
[2019.02.15-20.40.02:364][ 88]LogModuleManager: Shutting down and abandoning module SessionFrontend (402)
[2019.02.15-20.40.02:364][ 88]LogModuleManager: Shutting down and abandoning module ProfilerClient (400)
[2019.02.15-20.40.02:364][ 88]LogModuleManager: Shutting down and abandoning module DeviceManager (398)
[2019.02.15-20.40.02:364][ 88]LogModuleManager: Shutting down and abandoning module TargetDeviceServices (397)
[2019.02.15-20.40.02:419][ 88]LogModuleManager: Shutting down and abandoning module AutomationController (394)
[2019.02.15-20.40.02:419][ 88]LogModuleManager: Shutting down and abandoning module AutomationWindow (392)
[2019.02.15-20.40.02:419][ 88]LogModuleManager: Shutting down and abandoning module Layers (390)
[2019.02.15-20.40.02:419][ 88]LogModuleManager: Shutting down and abandoning module ComponentVisualizers (388)
[2019.02.15-20.40.02:419][ 88]LogModuleManager: Shutting down and abandoning module DetailCustomizations (386)
[2019.02.15-20.40.02:419][ 88]LogModuleManager: Shutting down and abandoning module PackagesDialog (384)
[2019.02.15-20.40.02:419][ 88]LogModuleManager: Shutting down and abandoning module Persona (382)
[2019.02.15-20.40.02:419][ 88]LogModuleManager: Shutting down and abandoning module AdvancedPreviewScene (381)
[2019.02.15-20.40.02:419][ 88]LogModuleManager: Shutting down and abandoning module AnimGraph (379)
[2019.02.15-20.40.02:419][ 88]LogModuleManager: Shutting down and abandoning module Kismet (376)
[2019.02.15-20.40.02:423][ 88]LogModuleManager: Shutting down and abandoning module ClassViewer (374)
[2019.02.15-20.40.02:423][ 88]LogModuleManager: Shutting down and abandoning module Toolbox (372)
[2019.02.15-20.40.02:423][ 88]LogModuleManager: Shutting down and abandoning module ModuleUI (370)
[2019.02.15-20.40.02:423][ 88]LogModuleManager: Shutting down and abandoning module MovieSceneTools (368)
[2019.02.15-20.40.02:423][ 88]LogModuleManager: Shutting down and abandoning module OutputLog (366)
[2019.02.15-20.40.02:423][ 88]LogModuleManager: Shutting down and abandoning module GammaUI (364)
[2019.02.15-20.40.02:423][ 88]LogModuleManager: Shutting down and abandoning module Documentation (362)
[2019.02.15-20.40.02:423][ 88]LogModuleManager: Shutting down and abandoning module MovieSceneTracks (360)
[2019.02.15-20.40.02:423][ 88]LogModuleManager: Shutting down and abandoning module MovieScene (358)
[2019.02.15-20.40.02:423][ 88]LogModuleManager: Shutting down and abandoning module Niagara (356)
[2019.02.15-20.40.02:423][ 88]LogModuleManager: Shutting down and abandoning module NiagaraEditor (355)
[2019.02.15-20.40.02:423][ 88]LogModuleManager: Shutting down and abandoning module StreamingPauseRendering (352)
[2019.02.15-20.40.02:423][ 88]LogModuleManager: Shutting down and abandoning module LauncherPlatform (350)
[2019.02.15-20.40.02:423][ 88]LogModuleManager: Shutting down and abandoning module AnalyticsET (348)
[2019.02.15-20.40.02:423][ 88]LogModuleManager: Shutting down and abandoning module PortalServices (346)
[2019.02.15-20.40.02:423][ 88]LogModuleManager: Shutting down and abandoning module PortalRpc (344)
[2019.02.15-20.40.02:423][ 88]LogModuleManager: Shutting down and abandoning module MessagingRpc (342)
[2019.02.15-20.40.02:424][ 88]LogModuleManager: Shutting down and abandoning module AIModule (340)
[2019.02.15-20.40.02:424][ 88]LogModuleManager: Shutting down and abandoning module GameplayDebugger (339)
[2019.02.15-20.40.02:424][ 88]LogModuleManager: Shutting down and abandoning module AITestSuite (337)
[2019.02.15-20.40.02:424][ 88]LogModuleManager: Shutting down and abandoning module ProfilerService (334)
[2019.02.15-20.40.02:662][ 88]LogModuleManager: Shutting down and abandoning module TaskGraph (332)
[2019.02.15-20.40.02:662][ 88]LogModuleManager: Shutting down and abandoning module SteamVRController (330)
[2019.02.15-20.40.02:662][ 88]LogModuleManager: Shutting down and abandoning module ProceduralMeshComponentEditor (328)
[2019.02.15-20.40.02:662][ 88]LogModuleManager: Shutting down and abandoning module ProceduralMeshComponent (326)
[2019.02.15-20.40.02:662][ 88]LogModuleManager: Shutting down and abandoning module OculusInput (324)
[2019.02.15-20.40.02:662][ 88]LogModuleManager: Shutting down and abandoning module MobilePatchingUtils (322)
[2019.02.15-20.40.02:662][ 88]LogModuleManager: Shutting down and abandoning module CustomMeshComponent (320)
[2019.02.15-20.40.02:662][ 88]LogModuleManager: Shutting down and abandoning module CableComponent (318)
[2019.02.15-20.40.02:662][ 88]LogModuleManager: Shutting down and abandoning module ArchVisCharacter (316)
[2019.02.15-20.40.02:662][ 88]LogModuleManager: Shutting down and abandoning module AndroidPermission (314)
[2019.02.15-20.40.02:662][ 88]LogModuleManager: Shutting down and abandoning module MediaPlayerEditor (310)
[2019.02.15-20.40.02:662][ 88]LogModuleManager: Shutting down and abandoning module HTML5Networking (308)
[2019.02.15-20.40.02:662][ 88]LogModuleManager: Shutting down and abandoning module AlembicImporter (306)
[2019.02.15-20.40.02:662][ 88]LogModuleManager: Shutting down and abandoning module AlembicLibrary (305)
[2019.02.15-20.40.02:662][ 88]LogModuleManager: Shutting down and abandoning module GeometryCache (304)
[2019.02.15-20.40.02:662][ 88]LogModuleManager: Shutting down and abandoning module GeometryCacheEd (303)
[2019.02.15-20.40.02:662][ 88]LogModuleManager: Shutting down and abandoning module SpeedTreeImporter (298)
[2019.02.15-20.40.02:662][ 88]LogModuleManager: Shutting down and abandoning module PluginBrowser (296)
[2019.02.15-20.40.02:662][ 88]LogModuleManager: Shutting down and abandoning module MobileLauncherProfileWizard (294)
[2019.02.15-20.40.02:662][ 88]LogModuleManager: Shutting down and abandoning module VisualStudioSourceCodeAccess (292)
[2019.02.15-20.40.02:662][ 88]LogModuleManager: Shutting down and abandoning module DesktopPlatform (291)
[2019.02.15-20.40.02:662][ 88]LogModuleManager: Shutting down and abandoning module UObjectPlugin (288)
[2019.02.15-20.40.02:662][ 88]LogModuleManager: Shutting down and abandoning module SubversionSourceControl (286)
[2019.02.15-20.40.02:662][ 88]LogModuleManager: Shutting down and abandoning module PerforceSourceControl (284)
[2019.02.15-20.40.02:662][ 88]LogModuleManager: Shutting down and abandoning module GitSourceControl (282)
[2019.02.15-20.40.02:662][ 88]LogModuleManager: Shutting down and abandoning module SourceControl (281)
[2019.02.15-20.40.02:663][ 88]LogModuleManager: Shutting down and abandoning module LightPropagationVolumeEditor (278)
[2019.02.15-20.40.02:663][ 88]LogModuleManager: Shutting down and abandoning module PaperTiledImporter (276)
[2019.02.15-20.40.02:663][ 88]LogModuleManager: Shutting down and abandoning module PaperSpriteSheetImporter (274)
[2019.02.15-20.40.02:663][ 88]LogModuleManager: Shutting down and abandoning module Paper2DEditor (272)
[2019.02.15-20.40.02:663][ 88]LogModuleManager: Shutting down and abandoning module MeshPaint (271)
[2019.02.15-20.40.02:663][ 88]LogModuleManager: Shutting down and abandoning module LevelEditor (269)
[2019.02.15-20.40.02:663][ 88]LogModuleManager: Shutting down and abandoning module PixelInspectorModule (268)
[2019.02.15-20.40.02:663][ 88]LogModuleManager: Shutting down and abandoning module MainFrame (266)
[2019.02.15-20.40.02:663][ 88]LogModuleManager: Shutting down and abandoning module HotReload (265)
[2019.02.15-20.40.02:663][ 88]LogModuleManager: Shutting down and abandoning module RuntimePhysXCooking (260)
[2019.02.15-20.40.02:663][ 88]LogModuleManager: Shutting down and abandoning module PhysXVehiclesEditor (258)
[2019.02.15-20.40.02:663][ 88]LogModuleManager: Shutting down and abandoning module PhysXVehicles (256)
[2019.02.15-20.40.02:663][ 88]LogModuleManager: Shutting down and abandoning module OculusEditor (254)
[2019.02.15-20.40.02:663][ 88]LogModuleManager: Shutting down and abandoning module LocationServicesBPLibrary (252)
[2019.02.15-20.40.02:664][ 88]LogModuleManager: Shutting down and abandoning module ImmediatePhysicsEditor (250)
[2019.02.15-20.40.02:664][ 88]LogModuleManager: Shutting down and abandoning module ImmediatePhysics (248)
[2019.02.15-20.40.02:664][ 88]LogModuleManager: Shutting down and abandoning module UdpMessaging (246)
[2019.02.15-20.40.02:765][ 88]LogModuleManager: Shutting down and abandoning module TcpMessaging (244)
[2019.02.15-20.40.02:866][ 88]LogModuleManager: Shutting down and abandoning module GameplayTagsEditor (242)
[2019.02.15-20.40.02:866][ 88]LogModuleManager: Shutting down and abandoning module FacialAnimationEditor (240)
[2019.02.15-20.40.02:866][ 88]LogModuleManager: Shutting down and abandoning module FacialAnimation (238)
[2019.02.15-20.40.02:866][ 88]LogModuleManager: Shutting down and abandoning module AssetManagerEditor (236)
[2019.02.15-20.40.02:866][ 88]LogModuleManager: Shutting down and abandoning module GraphEditor (235)
[2019.02.15-20.40.02:866][ 88]LogModuleManager: Shutting down and abandoning module ContentBrowser (233)
[2019.02.15-20.40.02:866][ 88]LogModuleManager: Shutting down and abandoning module LightPropagationVolumeRuntime (230)
[2019.02.15-20.40.02:866][ 88]LogModuleManager: Shutting down and abandoning module Paper2D (228)
[2019.02.15-20.40.02:866][ 88]LogModuleManager: Shutting down and abandoning module WindowsMoviePlayer (226)
[2019.02.15-20.40.02:866][ 88]LogModuleManager: Shutting down and abandoning module WmfMedia (224)
[2019.02.15-20.40.02:868][ 88]LogModuleManager: Shutting down and abandoning module PacketHandler (222)
[2019.02.15-20.40.02:868][ 88]LogModuleManager: Shutting down and abandoning module ClothingSystemEditor (220)
[2019.02.15-20.40.02:868][ 88]LogModuleManager: Shutting down and abandoning module ClothingSystemRuntime (218)
[2019.02.15-20.40.02:868][ 88]LogModuleManager: Shutting down and abandoning module Overlay (216)
[2019.02.15-20.40.02:868][ 88]LogModuleManager: Shutting down and abandoning module OverlayEditor (215)
[2019.02.15-20.40.02:868][ 88]LogModuleManager: Shutting down and abandoning module MediaAssets (212)
[2019.02.15-20.40.02:868][ 88]LogModuleManager: Shutting down and abandoning module VREditor (210)
[2019.02.15-20.40.02:868][ 88]LogModuleManager: Shutting down and abandoning module StringTableEditor (208)
[2019.02.15-20.40.02:868][ 88]LogModuleManager: Shutting down and abandoning module GameplayTasksEditor (206)
[2019.02.15-20.40.02:868][ 88]LogModuleManager: Shutting down and abandoning module BehaviorTreeEditor (204)
[2019.02.15-20.40.02:868][ 88]LogModuleManager: Shutting down and abandoning module FunctionalTesting (202)
[2019.02.15-20.40.02:868][ 88]LogModuleManager: Shutting down and abandoning module CollisionAnalyzer (200)
[2019.02.15-20.40.02:868][ 88]LogModuleManager: Shutting down and abandoning module WorkspaceMenuStructure (199)
[2019.02.15-20.40.02:868][ 88]LogModuleManager: Shutting down and abandoning module UMG (196)
[2019.02.15-20.40.02:868][ 88]LogModuleManager: Shutting down and abandoning module UMGEditor (195)
[2019.02.15-20.40.02:868][ 88]LogModuleManager: Shutting down and abandoning module Sequencer (194)
[2019.02.15-20.40.02:868][ 88]LogModuleManager: Shutting down and abandoning module MessageLog (191)
[2019.02.15-20.40.02:868][ 88]LogModuleManager: Shutting down and abandoning module SlateReflector (186)
[2019.02.15-20.40.02:868][ 88]LogModuleManager: Shutting down and abandoning module Slate (184)
[2019.02.15-20.40.02:868][ 88]LogModuleManager: Shutting down and abandoning module EditorStyle (182)
[2019.02.15-20.40.02:870][ 88]LogModuleManager: Shutting down and abandoning module MRMesh (180)
[2019.02.15-20.40.02:870][ 88]LogModuleManager: Shutting down and abandoning module SourceCodeAccess (178)
[2019.02.15-20.40.02:870][ 88]LogModuleManager: Shutting down and abandoning module HeadMountedDisplay (176)
[2019.02.15-20.40.02:870][ 88]LogModuleManager: Shutting down and abandoning module XAudio2 (174)
[2019.02.15-20.40.02:870][ 88]LogModuleManager: Shutting down and abandoning module Networking (172)
[2019.02.15-20.40.02:870][ 88]LogModuleManager: Shutting down and abandoning module Core (168)
[2019.02.15-20.40.02:870][ 88]LogModuleManager: Shutting down and abandoning module KismetCompiler (164)
[2019.02.15-20.40.02:870][ 88]LogModuleManager: Shutting down and abandoning module LevelSequence (162)
[2019.02.15-20.40.02:870][ 88]LogModuleManager: Shutting down and abandoning module MeshUtilities (160)
[2019.02.15-20.40.02:870][ 88]LogModuleManager: Shutting down and abandoning module MeshMergeUtilities (159)
[2019.02.15-20.40.02:870][ 88]LogModuleManager: Shutting down and abandoning module MeshReductionInterface (158)
[2019.02.15-20.40.02:870][ 88]LogModuleManager: Shutting down and abandoning module SimplygonSwarm (157)
[2019.02.15-20.40.02:870][ 88]LogModuleManager: Shutting down and abandoning module SimplygonMeshReduction (155)
[2019.02.15-20.40.02:870][ 88]LogModuleManager: Shutting down and abandoning module QuadricMeshReduction (153)
[2019.02.15-20.40.02:870][ 88]LogModuleManager: Shutting down and abandoning module MaterialBaking (149)
[2019.02.15-20.40.02:870][ 88]LogModuleManager: Shutting down and abandoning module DirectoryWatcher (146)
[2019.02.15-20.40.02:870][ 88]LogModuleManager: Shutting down and abandoning module DerivedDataCache (144)
[2019.02.15-20.40.02:936][ 88]LogDerivedDataCache: Shutdown
[2019.02.15-20.40.02:936][ 88]LogModuleManager: Shutting down and abandoning module TargetPlatform (142)
[2019.02.15-20.40.02:936][ 88]LogModuleManager: Shutting down and abandoning module VulkanShaderFormat (141)
[2019.02.15-20.40.02:936][ 88]LogModuleManager: Shutting down and abandoning module ShaderFormatVectorVM (139)
[2019.02.15-20.40.02:936][ 88]LogModuleManager: Shutting down and abandoning module ShaderFormatOpenGL (137)
[2019.02.15-20.40.02:936][ 88]LogModuleManager: Shutting down and abandoning module ShaderFormatD3D (135)
[2019.02.15-20.40.02:936][ 88]LogModuleManager: Shutting down and abandoning module MetalShaderFormat (133)
[2019.02.15-20.40.02:936][ 88]LogModuleManager: Shutting down and abandoning module TextureFormatUncompressed (131)
[2019.02.15-20.40.02:936][ 88]LogModuleManager: Shutting down and abandoning module TextureFormatPVR (129)
[2019.02.15-20.40.02:936][ 88]LogModuleManager: Shutting down and abandoning module TextureFormatDXT (127)
[2019.02.15-20.40.02:936][ 88]LogModuleManager: Shutting down and abandoning module TextureFormatIntelISPCTexComp (125)
[2019.02.15-20.40.02:936][ 88]LogModuleManager: Shutting down and abandoning module TextureFormatASTC (123)
[2019.02.15-20.40.02:936][ 88]LogModuleManager: Shutting down and abandoning module ImageWrapper (122)
[2019.02.15-20.40.02:936][ 88]LogModuleManager: Shutting down and abandoning module TextureFormatAndroid (119)
[2019.02.15-20.40.02:936][ 88]LogModuleManager: Shutting down and abandoning module AudioFormatOpus (117)
[2019.02.15-20.40.02:936][ 88]LogModuleManager: Shutting down and abandoning module AudioFormatOgg (115)
[2019.02.15-20.40.02:936][ 88]LogModuleManager: Shutting down and abandoning module AudioFormatADPCM (113)
[2019.02.15-20.40.02:936][ 88]LogModuleManager: Shutting down and abandoning module LinuxTargetPlatform (111)
[2019.02.15-20.40.02:936][ 88]LogModuleManager: Shutting down and abandoning module LinuxServerTargetPlatform (109)
[2019.02.15-20.40.02:936][ 88]LogModuleManager: Shutting down and abandoning module LinuxNoEditorTargetPlatform (107)
[2019.02.15-20.40.02:936][ 88]LogModuleManager: Shutting down and abandoning module LinuxClientTargetPlatform (105)
[2019.02.15-20.40.02:936][ 88]LogModuleManager: Shutting down and abandoning module TVOSTargetPlatform (103)
[2019.02.15-20.40.02:936][ 88]LogModuleManager: Shutting down and abandoning module Messaging (101)
[2019.02.15-20.40.02:936][ 88]LogModuleManager: Shutting down and abandoning module IOSTargetPlatform (99)
[2019.02.15-20.40.02:936][ 88]LogModuleManager: Shutting down and abandoning module HTML5TargetPlatform (97)
[2019.02.15-20.40.02:936][ 88]LogModuleManager: Shutting down and abandoning module Android_PVRTCTargetPlatform (95)
[2019.02.15-20.40.02:936][ 88]LogModuleManager: Shutting down and abandoning module Android_MultiTargetPlatform (93)
[2019.02.15-20.40.02:936][ 88]LogModuleManager: Shutting down and abandoning module Android_ETC2TargetPlatform (91)
[2019.02.15-20.40.02:937][ 88]LogModuleManager: Shutting down and abandoning module Android_ETC1TargetPlatform (89)
[2019.02.15-20.40.02:937][ 88]LogModuleManager: Shutting down and abandoning module Android_DXTTargetPlatform (87)
[2019.02.15-20.40.02:937][ 88]LogModuleManager: Shutting down and abandoning module Android_ATCTargetPlatform (85)
[2019.02.15-20.40.02:937][ 88]LogModuleManager: Shutting down and abandoning module Android_ASTCTargetPlatform (83)
[2019.02.15-20.40.02:937][ 88]LogModuleManager: Shutting down and abandoning module AndroidTargetPlatform (81)
[2019.02.15-20.40.02:937][ 88]LogModuleManager: Shutting down and abandoning module WindowsTargetPlatform (79)
[2019.02.15-20.40.02:937][ 88]LogModuleManager: Shutting down and abandoning module WindowsServerTargetPlatform (77)
[2019.02.15-20.40.02:937][ 88]LogModuleManager: Shutting down and abandoning module WindowsNoEditorTargetPlatform (75)
[2019.02.15-20.40.02:937][ 88]LogModuleManager: Shutting down and abandoning module WindowsClientTargetPlatform (73)
[2019.02.15-20.40.02:937][ 88]LogModuleManager: Shutting down and abandoning module MacTargetPlatform (71)
[2019.02.15-20.40.02:937][ 88]LogModuleManager: Shutting down and abandoning module MacServerTargetPlatform (69)
[2019.02.15-20.40.02:937][ 88]LogModuleManager: Shutting down and abandoning module MacNoEditorTargetPlatform (67)
[2019.02.15-20.40.02:937][ 88]LogModuleManager: Shutting down and abandoning module MacClientTargetPlatform (65)
[2019.02.15-20.40.02:937][ 88]LogModuleManager: Shutting down and abandoning module AllDesktopTargetPlatform (63)
[2019.02.15-20.40.02:937][ 88]LogModuleManager: Shutting down and abandoning module InputCore (60)
[2019.02.15-20.40.02:937][ 88]LogModuleManager: Shutting down and abandoning module Settings (58)
[2019.02.15-20.40.02:937][ 88]LogModuleManager: Shutting down and abandoning module PhysXCooking (56)
[2019.02.15-20.40.02:937][ 88]LogModuleManager: Shutting down and abandoning module SteamVR (54)
[2019.02.15-20.40.02:937][ 88]LogModuleManager: Shutting down and abandoning module OculusHMD (52)
[2019.02.15-20.40.02:937][ 88]LogModuleManager: Shutting down and abandoning module ExampleDeviceProfileSelector (50)
[2019.02.15-20.40.02:937][ 88]LogModuleManager: Shutting down and abandoning module OnlineBlueprintSupport (48)
[2019.02.15-20.40.02:937][ 88]LogModuleManager: Shutting down and abandoning module OnlineSubsystem (44)
[2019.02.15-20.40.02:937][ 88]LogOnline: Display: Unloading online subsystem: NULL
[2019.02.15-20.40.02:937][ 88]LogModuleManager: Shutting down and abandoning module XMPP (43)
[2019.02.15-20.40.02:937][ 88]LogModuleManager: Shutting down and abandoning module HTTP (41)
[2019.02.15-20.40.02:937][ 88]LogHttp: Display: Http module shutting down, but needs to wait on 1 outstanding Http requests:
[2019.02.15-20.40.02:937][ 88]LogHttp: Display: 	verb=[POST] url=[https://datarouter.ol.epicgames.com/datarouter/api/v1/public/data?SessionID=%7B4474CCBA-4957-04E3-D08C-4EA7B1D24BB0%7D&AppID=UEEditor.Rocket.Release&AppVersion=4.17.2-3658906%2B%2B%2BUE4%2BRelease-4.17&UserID=f3d8047f4d5de87a61b662bf187d8438%7Cbbe00aada9074c3ca612a1cc2aee7827%7C6686b856-d3e6-41b7-8c5d-1c1bbcd2f03b&AppEnvironment=datacollector-binary&UploadType=eteventstream] status=Processing
[2019.02.15-20.40.02:971][ 88]LogModuleManager: Shutting down and abandoning module SSL (40)
[2019.02.15-20.40.02:971][ 88]LogModuleManager: Shutting down and abandoning module AnimationModifiers (36)
[2019.02.15-20.40.02:971][ 88]LogModuleManager: Shutting down and abandoning module PropertyEditor (35)
[2019.02.15-20.40.02:971][ 88]LogModuleManager: Shutting down and abandoning module AudioEditor (32)
[2019.02.15-20.40.02:971][ 88]LogModuleManager: Shutting down and abandoning module TextureCompressor (30)
[2019.02.15-20.40.02:971][ 88]LogModuleManager: Shutting down and abandoning module ShaderCore (28)
[2019.02.15-20.40.02:972][ 88]LogModuleManager: Shutting down and abandoning module Landscape (26)
[2019.02.15-20.40.02:972][ 88]LogModuleManager: Shutting down and abandoning module SlateRHIRenderer (24)
[2019.02.15-20.40.02:972][ 88]LogModuleManager: Shutting down and abandoning module OpenGLDrv (22)
[2019.02.15-20.40.02:972][ 88]LogModuleManager: Shutting down and abandoning module D3D11RHI (20)
[2019.02.15-20.40.02:972][ 88]LogModuleManager: Shutting down and abandoning module AnimGraphRuntime (18)
[2019.02.15-20.40.02:972][ 88]LogModuleManager: Shutting down and abandoning module Renderer (16)
[2019.02.15-20.40.02:972][ 88]LogModuleManager: Shutting down and abandoning module Engine (14)
[2019.02.15-20.40.02:972][ 88]LogModuleManager: Shutting down and abandoning module CoreUObject (12)
[2019.02.15-20.40.02:972][ 88]LogModuleManager: Shutting down and abandoning module NetworkFile (10)
[2019.02.15-20.40.02:972][ 88]LogModuleManager: Shutting down and abandoning module CookedIterativeFile (8)
[2019.02.15-20.40.02:972][ 88]LogModuleManager: Shutting down and abandoning module StreamingFile (6)
[2019.02.15-20.40.02:972][ 88]LogModuleManager: Shutting down and abandoning module SandboxFile (4)
[2019.02.15-20.40.02:972][ 88]LogModuleManager: Shutting down and abandoning module PakFile (2)
[2019.02.15-20.40.02:974][ 88]LogExit: Exiting.
[2019.02.15-20.40.02:980][ 88]Log file closed, 02/15/19 21:40:02
