Log file open, 02/15/19 08:57:39
LogWindows: Failed to load 'aqProf.dll' (GetLastError=126)
LogWindows: File 'aqProf.dll' does not exist
LogWindows: Failed to load 'VSPerf140.dll' (GetLastError=126)
LogWindows: File 'VSPerf140.dll' does not exist
LogWindows: Failed to load 'VtuneApi.dll' (GetLastError=126)
LogWindows: File 'VtuneApi.dll' does not exist
LogWindows: Failed to load 'VtuneApi32e.dll' (GetLastError=126)
LogWindows: File 'VtuneApi32e.dll' does not exist
LogInit: Display: Running engine for game: ProceduralGame
LogPlatformFile: Not using cached read wrapper
LogInit: Display: RandInit(-1740693999) SRandInit(-1740693999).
LogTaskGraph: Started task graph with 5 named threads and 14 total threads with 3 sets of task threads.
LogStats: Stats thread started at 0.161703
LogD3D11RHI: Aftermath initialized
LogPluginManager: Mounting plugin Paper2D
LogPluginManager: Mounting plugin LightPropagationVolume
LogPluginManager: Mounting plugin CodeLiteSourceCodeAccess
LogPluginManager: Mounting plugin GitSourceControl
LogPluginManager: Mounting plugin KDevelopSourceCodeAccess
LogPluginManager: Mounting plugin NullSourceCodeAccess
LogPluginManager: Mounting plugin PerforceSourceControl
LogPluginManager: Mounting plugin SubversionSourceControl
LogPluginManager: Mounting plugin UObjectPlugin
LogPluginManager: Mounting plugin VisualStudioSourceCodeAccess
LogPluginManager: Mounting plugin XCodeSourceCodeAccess
LogPluginManager: Mounting plugin AssetManagerEditor
LogPluginManager: Mounting plugin AudioCapture
LogPluginManager: Mounting plugin FacialAnimation
LogPluginManager: Mounting plugin GameplayTagsEditor
LogPluginManager: Mounting plugin MobileLauncherProfileWizard
LogPluginManager: Mounting plugin PluginBrowser
LogPluginManager: Mounting plugin SpeedTreeImporter
LogPluginManager: Mounting plugin AlembicImporter
LogPluginManager: Mounting plugin CharacterAI
LogPluginManager: Mounting plugin HTML5Networking
LogPluginManager: Mounting plugin AndroidMedia
LogPluginManager: Mounting plugin AvfMedia
LogPluginManager: Mounting plugin MediaPlayerEditor
LogPluginManager: Mounting plugin WmfMedia
LogPluginManager: Mounting plugin TcpMessaging
LogPluginManager: Mounting plugin UdpMessaging
LogPluginManager: Mounting plugin LevelSequenceEditor
LogPluginManager: Mounting plugin MatineeToLevelSequence
LogPluginManager: Mounting plugin OnlineSubsystemGooglePlay
LogPluginManager: Mounting plugin OnlineSubsystemIOS
LogPluginManager: Mounting plugin OnlineSubsystem
LogPluginManager: Mounting plugin OnlineSubsystemNull
LogPluginManager: Mounting plugin OnlineSubsystemUtils
LogPluginManager: Mounting plugin AndroidDeviceProfileSelector
LogPluginManager: Mounting plugin AndroidMoviePlayer
LogPluginManager: Mounting plugin AndroidPermission
LogPluginManager: Mounting plugin AppleMoviePlayer
LogPluginManager: Mounting plugin ArchVisCharacter
LogPluginManager: Mounting plugin CableComponent
LogPluginManager: Mounting plugin CustomMeshComponent
LogPluginManager: Mounting plugin ExampleDeviceProfileSelector
LogPluginManager: Mounting plugin GoogleCloudMessaging
LogPluginManager: Mounting plugin ImmediatePhysics
LogPluginManager: Mounting plugin IOSDeviceProfileSelector
LogPluginManager: Mounting plugin LinuxDeviceProfileSelector
LogPluginManager: Mounting plugin LocationServicesBPLibrary
LogPluginManager: Mounting plugin MobilePatchingUtils
LogPluginManager: Mounting plugin OculusVR
LogPluginManager: Mounting plugin PhysXVehicles
LogPluginManager: Mounting plugin ProceduralMeshComponent
LogPluginManager: Mounting plugin RuntimePhysXCooking
LogPluginManager: Mounting plugin SteamVR
LogPluginManager: Mounting plugin WindowsMoviePlayer
LogInit: Using libcurl 7.47.1
LogInit:  - built for x86_64-pc-win32
LogInit:  - supports SSL with OpenSSL/1.0.2g
LogInit:  - supports HTTP deflate (compression) using libz 1.2.8
LogInit:  - other features:
LogInit:      CURL_VERSION_SSL
LogInit:      CURL_VERSION_LIBZ
LogInit:      CURL_VERSION_IPV6
LogInit:      CURL_VERSION_ASYNCHDNS
LogInit:      CURL_VERSION_LARGEFILE
LogInit:      CURL_VERSION_IDN
LogInit:  CurlRequestOptions (configurable via config and command line):
LogInit:  - bVerifyPeer = false  - Libcurl will NOT verify peer certificate
LogInit:  - bUseHttpProxy = false  - Libcurl will NOT use HTTP proxy
LogInit:  - bDontReuseConnections = false  - Libcurl will reuse connections
LogInit:  - CertBundlePath = nullptr  - Libcurl will use whatever was configured at build time.
LogInit: Build: ++UE4+Release-4.17-CL-3658906
LogInit: Engine Version: 4.17.2-3658906+++UE4+Release-4.17
LogInit: Compatible Engine Version: 4.17.0-3573198+++UE4+Release-4.17
LogInit: Net CL: 3573198
LogDevObjectVersion: Number of dev versions registered: 16
LogDevObjectVersion:   Dev-Blueprints (B0D832E4-1F89-4F0D-ACCF-7EB736FD4AA2): 10
LogDevObjectVersion:   Dev-Build (E1C64328-A22C-4D53-A36C-8E866417BD8C): 0
LogDevObjectVersion:   Dev-Core (375EC13C-06E4-48FB-B500-84F0262A717E): 2
LogDevObjectVersion:   Dev-Editor (E4B068ED-F494-42E9-A231-DA0B2E46BB41): 20
LogDevObjectVersion:   Dev-Framework (CFFC743F-43B0-4480-9391-14DF171D2073): 28
LogDevObjectVersion:   Dev-Mobile (B02B49B5-BB20-44E9-A304-32B752E40360): 0
LogDevObjectVersion:   Dev-Networking (A4E4105C-59A1-49B5-A7C5-40C4547EDFEE): 0
LogDevObjectVersion:   Dev-Online (39C831C9-5AE6-47DC-9A44-9C173E1C8E7C): 0
LogDevObjectVersion:   Dev-Physics (78F01B33-EBEA-4F98-B9B4-84EACCB95AA2): 0
LogDevObjectVersion:   Dev-Platform (6631380F-2D4D-43E0-8009-CF276956A95A): 0
LogDevObjectVersion:   Dev-Rendering (12F88B9F-8875-4AFC-A67C-D90C383ABD29): 19
LogDevObjectVersion:   Dev-Sequencer (7B5AE74C-D270-4C10-A958-57980B212A5A): 4
LogDevObjectVersion:   Dev-VR (D7296918-1DD6-4BDD-9DE2-64A83CC13884): 0
LogDevObjectVersion:   Dev-LoadTimes (C2A15278-BFE7-4AFE-6C17-90FF531DF755): 1
LogDevObjectVersion:   Private-Geometry (6EACA3D4-40EC-4CC1-B786-8BED09428FC5): 1
LogDevObjectVersion:   Dev-AnimPhys (29E575DD-E0A3-4627-9D10-D276232CDCEA): 7
LogInit: Compiled (64-bit): Sep 22 2017 13:47:16
LogInit: Compiled with Visual C++: 19.00.24215.01
LogInit: Build Configuration: Development
LogInit: Branch Name: ++UE4+Release-4.17
LogInit: Command line: -EpicPortal  -epicusername="mansartesteban" -epicuserid=bbe00aada9074c3ca612a1cc2aee7827 -epiclocale=fr-FR
LogInit: Base directory: D:/Software/UnrealEngine/UE_4.17/Engine/Binaries/Win64/
LogInit: Installed Engine Build: 1
LogInit: Presizing for max 8388607 objects, including 0 objects not considered by GC, pre-allocating 0 bytes for permanent pool.
LogInit: Object subsystem initialized
[2019.02.15-07.57.40:798][  0]LogInit: Selected Device Profile: [Windows]
[2019.02.15-07.57.40:798][  0]LogInit: Applying CVar settings loaded from the selected device profile: [Windows]
[2019.02.15-07.57.40:828][  0]LogInit: Computer: DESKTOP-9LVK4B6
[2019.02.15-07.57.40:828][  0]LogInit: User: GENOM
[2019.02.15-07.57.40:828][  0]LogInit: CPU Page size=4096, Cores=4
[2019.02.15-07.57.40:828][  0]LogInit: High frequency timer resolution =4.101569 MHz
[2019.02.15-07.57.40:828][  0]LogMemory: Memory total: Physical=16.0GB (16GB approx)
[2019.02.15-07.57.40:828][  0]LogMemory: Platform Memory Stats for Windows
[2019.02.15-07.57.40:828][  0]LogMemory: Process Physical Memory: 278.38 MB used, 278.38 MB peak
[2019.02.15-07.57.40:828][  0]LogMemory: Process Virtual Memory: 282.26 MB used, 282.26 MB peak
[2019.02.15-07.57.40:828][  0]LogMemory: Physical Memory: 5448.98 MB used,  10887.44 MB free, 16336.42 MB total
[2019.02.15-07.57.40:828][  0]LogMemory: Virtual Memory: 4793.98 MB used,  10887.44 MB free, 134217728.00 MB total
[2019.02.15-07.57.40:946][  0]LogInit: Using OS detected language (fr-FR).
[2019.02.15-07.57.40:946][  0]LogInit: Using OS detected locale (fr-FR).
[2019.02.15-07.57.40:950][  0]LogTextLocalizationManager: No localization for 'fr-FR' exists, so 'en' will be used for the language.
[2019.02.15-07.57.40:951][  0]LogTextLocalizationManager: No localization for 'fr-FR' exists, so 'en' will be used for the locale.
[2019.02.15-07.57.41:518][  0]LogD3D11RHI: D3D11 adapters:
[2019.02.15-07.57.41:577][  0]LogD3D11RHI:    0. 'NVIDIA GeForce GTX 1080' (Feature Level 11_0)
[2019.02.15-07.57.41:578][  0]LogD3D11RHI:       8086/0/8168 MB DedicatedVideo/DedicatedSystem/SharedSystem, Outputs:2, VendorId:0x10de
[2019.02.15-07.57.41:580][  0]LogD3D11RHI:    1. 'Microsoft Basic Render Driver' (Feature Level 11_0)
[2019.02.15-07.57.41:580][  0]LogD3D11RHI:       0/0/8168 MB DedicatedVideo/DedicatedSystem/SharedSystem, Outputs:0, VendorId:0x1414
[2019.02.15-07.57.41:580][  0]LogD3D11RHI: Chosen D3D11 Adapter: 0
[2019.02.15-07.57.41:585][  0]LogD3D11RHI: Creating new Direct3DDevice
[2019.02.15-07.57.41:585][  0]LogD3D11RHI:     GPU DeviceId: 0x1b80 (for the marketing name, search the web for "GPU Device Id")
[2019.02.15-07.57.41:585][  0]LogWindows: EnumDisplayDevices:
[2019.02.15-07.57.41:585][  0]LogWindows:    0. 'NVIDIA GeForce GTX 1080' (P:0 D:1)
[2019.02.15-07.57.41:586][  0]LogWindows:    1. 'NVIDIA GeForce GTX 1080' (P:1 D:1)
[2019.02.15-07.57.41:586][  0]LogWindows:    2. 'NVIDIA GeForce GTX 1080' (P:0 D:0)
[2019.02.15-07.57.41:586][  0]LogWindows:    3. 'NVIDIA GeForce GTX 1080' (P:0 D:0)
[2019.02.15-07.57.41:586][  0]LogWindows: DebugString: GetVideoDriverDetailsInvalid PrimaryIsNotTheChoosenAdapter GetVideoDriverDetailsInvalid PrimaryIsNotTheChoosenAdapter GetVideoDriverDetailsInvalid PrimaryIsNotTheChoosenAdapter GetVideoDriverDetailsInvalid PrimaryIsNotTheChoosenAdapter FoundDriverCount:0 
[2019.02.15-07.57.41:586][  0]LogD3D11RHI:     Adapter Name: NVIDIA GeForce GTX 1080
[2019.02.15-07.57.41:586][  0]LogD3D11RHI:   Driver Version: Unknown (internal:Unknown, unified:Unknown)
[2019.02.15-07.57.41:586][  0]LogD3D11RHI:      Driver Date: Unknown
[2019.02.15-07.57.41:586][  0]LogRHI: Texture pool is 1361 MB (70% of 1945 MB)
[2019.02.15-07.57.41:609][  0]LogD3D11RHI: Async texture creation enabled
[2019.02.15-07.57.41:620][  0]LogD3D11RHI: GPU Timing Frequency: 1000.000000 (Debug: 2 1)
[2019.02.15-07.57.41:670][  0]LogShaderCompilers: Guid format shader working directory is -40 characters bigger than the processId version (../../../../../../Workspace/Dev/VideoGames/UnrealEngine/ProceduralGame/ProceduralGame/Intermediate/Shaders/WorkingDirectory/10840/).
[2019.02.15-07.57.41:670][  0]LogShaderCompilers: Cleaned the shader compiler working directory 'C:/Users/GENOM/AppData/Local/Temp/UnrealShaderWorkingDir/2D1147C04C64BC5743C3F3B322B28012/'.
[2019.02.15-07.57.41:670][  0]LogShaderCompilers: Display: Using Local Shader Compiler.
[2019.02.15-07.57.42:362][  0]LogTemp: Display: Loaded TP AllDesktopTargetPlatform
[2019.02.15-07.57.42:406][  0]LogTemp: Display: Loaded TP MacClientTargetPlatform
[2019.02.15-07.57.42:449][  0]LogTemp: Display: Loaded TP MacNoEditorTargetPlatform
[2019.02.15-07.57.42:490][  0]LogTemp: Display: Loaded TP MacServerTargetPlatform
[2019.02.15-07.57.42:535][  0]LogTemp: Display: Loaded TP MacTargetPlatform
[2019.02.15-07.57.42:591][  0]LogTemp: Display: Loaded TP WindowsClientTargetPlatform
[2019.02.15-07.57.42:634][  0]LogTemp: Display: Loaded TP WindowsNoEditorTargetPlatform
[2019.02.15-07.57.42:682][  0]LogTemp: Display: Loaded TP WindowsServerTargetPlatform
[2019.02.15-07.57.42:717][  0]LogTemp: Display: Loaded TP WindowsTargetPlatform
[2019.02.15-07.57.42:756][  0]LogTemp: Display: Loaded TP AndroidTargetPlatform
[2019.02.15-07.57.42:797][  0]LogTemp: Display: Loaded TP Android_ASTCTargetPlatform
[2019.02.15-07.57.42:843][  0]LogTemp: Display: Loaded TP Android_ATCTargetPlatform
[2019.02.15-07.57.42:882][  0]LogTemp: Display: Loaded TP Android_DXTTargetPlatform
[2019.02.15-07.57.42:921][  0]LogTemp: Display: Loaded TP Android_ETC1TargetPlatform
[2019.02.15-07.57.42:968][  0]LogTemp: Display: Loaded TP Android_ETC2TargetPlatform
[2019.02.15-07.57.43:051][  0]LogTemp: Display: Loaded TP Android_MultiTargetPlatform
[2019.02.15-07.57.43:051][  0]LogTemp: Display: Loaded TP Android_PVRTCTargetPlatform
[2019.02.15-07.57.43:084][  0]LogTemp: Display: Loaded TP HTML5TargetPlatform
[2019.02.15-07.57.43:166][  0]LogTemp: Display: Loaded TP IOSTargetPlatform
[2019.02.15-07.57.43:188][  0]LogTemp: Display: Loaded TP TVOSTargetPlatform
[2019.02.15-07.57.43:227][  0]LogTemp: Display: Loaded TP LinuxClientTargetPlatform
[2019.02.15-07.57.43:272][  0]LogTemp: Display: Loaded TP LinuxNoEditorTargetPlatform
[2019.02.15-07.57.43:313][  0]LogTemp: Display: Loaded TP LinuxServerTargetPlatform
[2019.02.15-07.57.43:356][  0]LogTemp: Display: Loaded TP LinuxTargetPlatform
[2019.02.15-07.57.43:356][  0]LogTargetPlatformManager: Display: Building Assets For Windows
[2019.02.15-07.57.43:774][  0]LogDerivedDataCache: Display: Max Cache Size: 512 MB
[2019.02.15-07.57.43:853][  0]LogDerivedDataCache: Loaded boot cache 0.08s 93MB C:/Users/GENOM/AppData/Local/UnrealEngine/4.17/DerivedDataCache/Boot.ddc.
[2019.02.15-07.57.43:853][  0]LogDerivedDataCache: Display: Loaded Boot cache: C:/Users/GENOM/AppData/Local/UnrealEngine/4.17/DerivedDataCache/Boot.ddc
[2019.02.15-07.57.43:853][  0]LogDerivedDataCache: FDerivedDataBackendGraph:  Pak pak cache file ../../../../../../Workspace/Dev/VideoGames/UnrealEngine/ProceduralGame/ProceduralGame/DerivedDataCache/DDC.ddp not found, will not use a pak cache.
[2019.02.15-07.57.43:853][  0]LogDerivedDataCache: Unable to find inner node Pak for hierarchical cache Hierarchy.
[2019.02.15-07.57.43:853][  0]LogDerivedDataCache: FDerivedDataBackendGraph:  CompressedPak pak cache file ../../../../../../Workspace/Dev/VideoGames/UnrealEngine/ProceduralGame/ProceduralGame/DerivedDataCache/Compressed.ddp not found, will not use a pak cache.
[2019.02.15-07.57.43:853][  0]LogDerivedDataCache: Unable to find inner node CompressedPak for hierarchical cache Hierarchy.
[2019.02.15-07.57.43:865][  0]LogDerivedDataCache: Display: Pak cache opened for reading ../../../Engine/DerivedDataCache/Compressed.ddp.
[2019.02.15-07.57.43:878][  0]LogDerivedDataCache: Using Local data cache path C:/Users/GENOM/AppData/Local/UnrealEngine/Common/DerivedDataCache: Writable
[2019.02.15-07.57.43:885][  0]LogMaterial: Verifying Global Shaders for PCD3D_SM5
[2019.02.15-07.57.43:885][  0]LogSlate: Using Freetype 2.6.0
[2019.02.15-07.57.43:886][  0]LogSlate: SlateFontCache - WITH_FREETYPE: 1, WITH_HARFBUZZ: 1
[2019.02.15-07.57.43:886][  0]LogSlate: SlateFontCache - WITH_FREETYPE: 1, WITH_HARFBUZZ: 1
[2019.02.15-07.57.44:102][  0]LogAssetRegistry: FAssetRegistry took 0.0253 seconds to start up
[2019.02.15-07.57.44:193][  0]LogInit: Selected Device Profile: [Windows]
[2019.02.15-07.57.44:350][  0]LogContentStreaming: Texture pool size is 0.00 MB
[2019.02.15-07.57.44:743][  0]LogSimplygon: Simplygon DLL not present - disabling.
[2019.02.15-07.57.44:793][  0]LogMeshReduction: Using SimplygonSwarm for distributed automatic mesh merging
[2019.02.15-07.57.44:793][  0]LogMeshReduction: Using QuadricMeshReduction for automatic static mesh reduction
[2019.02.15-07.57.44:793][  0]LogMeshReduction: No automatic skeletal mesh reduction module available
[2019.02.15-07.57.44:793][  0]LogMeshReduction: No automatic mesh merging module available
[2019.02.15-07.57.44:793][  0]LogMeshMerging: No automatic mesh merging module available
[2019.02.15-07.57.45:119][  0]LogNetVersion: ProceduralGame , NetCL: 3573198, EngineNetVer: 2, GameNetVer: 0 (Checksum: 561059596)
[2019.02.15-07.57.45:362][  0]LogPackageLocalizationCache: Processed 5 localized package path(s) for 1 prioritized culture(s) in 0.103151 seconds
[2019.02.15-07.57.45:367][  0]LogUObjectArray: 35825 objects as part of root set at end of initial load.
[2019.02.15-07.57.45:367][  0]LogUObjectAllocator: 7529112 out of 0 bytes used by permanent object pool.
[2019.02.15-07.57.45:367][  0]LogUObjectArray: CloseDisregardForGC: 0/0 objects in disregard for GC pool
[2019.02.15-07.57.45:421][  0]LogInit: WinSock: version 1.1 (2.2), MaxSocks=32767, MaxUdp=65467
[2019.02.15-07.57.47:709][  0]LogTcpMessaging: Initializing TcpMessaging bridge
[2019.02.15-07.57.47:750][  0]LogUdpMessaging: Initializing bridge on interface 0.0.0.0:0 to multicast group 230.0.0.1:6666.
[2019.02.15-07.57.48:416][  0]LogMaterial: Uniform references updated for custom material expression Custom.
[2019.02.15-07.57.48:762][  0]SourceControl: Source control is disabled
[2019.02.15-07.57.48:762][  0]SourceControl: Source control is disabled
[2019.02.15-07.57.48:805][  0]SourceControl: Source control is disabled
[2019.02.15-07.57.48:853][  0]SourceControl: Source control is disabled
[2019.02.15-07.57.49:464][  0]LogAndroidPermission: UAndroidPermissionCallbackProxy::GetInstance
[2019.02.15-07.57.49:720][  0]LogOcInput: OculusInput pre-init called
[2019.02.15-07.57.49:960][  0]LogEngine: Initializing Engine...
[2019.02.15-07.57.49:962][  0]LogHMD: Failed to initialize OpenVR with code 110
[2019.02.15-07.57.50:140][  0]LogStats: UGameplayTagsManager::ConstructGameplayTagTree: Construct from data asset -  0.000 s
[2019.02.15-07.57.50:140][  0]LogStats: UGameplayTagsManager::ConstructGameplayTagTree: GameplayTagTreeChangedEvent.Broadcast -  0.000 s
[2019.02.15-07.57.50:256][  0]LogAIModule: Creating AISystem for world Untitled
[2019.02.15-07.57.50:272][  0]LogInit: XAudio2 using 'Casque pour téléphone (Corsair VOID PRO USB Gaming Headset)' : 6 channels at 48 kHz using 16 bits per sample (channel mask 0x3f)
[2019.02.15-07.57.50:427][  0]LogInit: FAudioDevice initialized.
[2019.02.15-07.57.50:488][  0]LogDerivedDataCache: Saved boot cache 0.06s 93MB C:/Users/GENOM/AppData/Local/UnrealEngine/4.17/DerivedDataCache/Boot.ddc.
[2019.02.15-07.57.50:493][  0]LogInit: Texture streaming: Enabled
[2019.02.15-07.57.50:591][  0]LogEngineSessionManager: EngineSessionManager initialized
[2019.02.15-07.57.50:819][  0]LogInit: Transaction tracking system initialized
[2019.02.15-07.57.51:081][  0]BlueprintLog: New page: Editor Load
[2019.02.15-07.57.51:938][  0]LocalizationService: Localization service is disabled
[2019.02.15-07.57.52:558][  0]LogConsoleResponse: Display: 
[2019.02.15-07.57.52:773][  0]LogCook: Display: Max memory allowance for cook 16384mb min free memory 0mb
[2019.02.15-07.57.52:773][  0]LogCook: Display: Mobile HDR setting 1
[2019.02.15-07.57.52:773][  0]LogGameplayTags: Display: UGameplayTagsManager::DoneAddingNativeTags. DelegateIsBound: 0
[2019.02.15-07.57.53:019][  0]LogFileCache: Scanning file cache for directory 'D:/Workspace/Dev/VideoGames/UnrealEngine/ProceduralGame/ProceduralGame/Content/' took 0.03s
[2019.02.15-07.57.53:776][  0]SourceControl: Source control is disabled
[2019.02.15-07.57.53:776][  0]Cmd: MAP LOAD FILE="../../../../../../Workspace/Dev/VideoGames/UnrealEngine/ProceduralGame/ProceduralGame/Content/StarterContent/Maps/Minimal_Default.umap" TEMPLATE=0 SHOWPROGRESS=1 FEATURELEVEL=3
[2019.02.15-07.57.53:777][  0]LightingResults: New page: Lighting Build
[2019.02.15-07.57.53:816][  0]MapCheck: New page: Map Check
[2019.02.15-07.57.53:816][  0]LightingResults: New page: Lighting Build
[2019.02.15-07.57.55:480][  0]LogAIModule: Creating AISystem for world Minimal_Default
[2019.02.15-07.57.55:624][  0]LogEditorServer: Finished looking for orphan Actors (0.000 secs)
[2019.02.15-07.57.55:644][  0]Cmd: MAP CHECKDEP NOCLEARLOG
[2019.02.15-07.57.55:695][  0]MapCheck: Map check complete: 0 Error(s), 0 Warning(s), took 50.531ms to complete.
[2019.02.15-07.57.55:695][  0]LogFileHelpers: Loading map 'Minimal_Default' took 1.919
[2019.02.15-07.57.56:588][  0]LogCollectionManager: Loaded 0 collections in 0.001834 seconds
[2019.02.15-07.57.56:932][  0]LogFileCache: Scanning file cache for directory 'D:/Workspace/Dev/VideoGames/UnrealEngine/ProceduralGame/ProceduralGame/Saved/Collections/' took 0.01s
[2019.02.15-07.57.56:932][  0]LogFileCache: Scanning file cache for directory 'D:/Workspace/Dev/VideoGames/UnrealEngine/ProceduralGame/ProceduralGame/Content/Developers/GENOM/Collections/' took 0.01s
[2019.02.15-07.57.56:932][  0]LogFileCache: Scanning file cache for directory 'D:/Workspace/Dev/VideoGames/UnrealEngine/ProceduralGame/ProceduralGame/Content/Collections/' took 0.01s
[2019.02.15-07.57.56:932][  0]LogCollectionManager: Rebuilt the GUID cache for 0 collections in 0.000000 seconds
[2019.02.15-07.57.56:956][  0]LogContentBrowser: Native class hierarchy populated in 0.0222 seconds. Added 2386 classes and 500 folders.
[2019.02.15-07.57.57:087][  0]LogContentBrowser: Native class hierarchy updated for 'WidgetCarousel' in 0.0007 seconds. Added 0 classes and 0 folders.
[2019.02.15-07.57.59:912][  0]LogContentBrowser: Native class hierarchy updated for 'AddContentDialog' in 0.0007 seconds. Added 0 classes and 0 folders.
[2019.02.15-07.58.00:337][  0]LogContentBrowser: Native class hierarchy updated for 'SceneOutliner' in 0.0005 seconds. Added 1 classes and 2 folders.
[2019.02.15-07.58.02:379][  0]LogSlate: Took 0.001046 seconds to synchronously load lazily loaded font '../../../Engine/Content/Slate/Fonts/Roboto-Regular.ttf' (155K)
[2019.02.15-07.58.02:408][  0]LogSlate: Took 0.000227 seconds to synchronously load lazily loaded font '../../../Engine/Content/Slate/Fonts/Roboto-Bold.ttf' (160K)
[2019.02.15-07.58.02:515][  0]LogSlate: Took 0.049830 seconds to synchronously load lazily loaded font '../../../Engine/Content/Editor/Slate/Fonts/FontAwesome.ttf' (139K)
[2019.02.15-07.58.02:975][  0]LogRenderer: Reallocating scene render targets to support 1208x576 Format 10 NumSamples 1 (Frame:1).
[2019.02.15-07.58.03:935][  0]LogContentBrowser: Native class hierarchy updated for 'HierarchicalLODOutliner' in 0.0007 seconds. Added 1 classes and 2 folders.
[2019.02.15-07.58.03:935][  0]LogLoad: (Engine Initialization) Total time: 25.37 seconds
[2019.02.15-07.58.03:935][  0]LogLoad: (Engine Initialization) Total Blueprint compile time: 0.00 seconds
[2019.02.15-07.58.03:935][  0]LogExternalProfiler: No external profilers were discovered.  External profiling features will not be available.
[2019.02.15-07.58.03:944][  0]LogWindowsTextInputMethodSystem: Display: IME system now deactivated.
[2019.02.15-07.58.03:986][  0]LogContentStreaming: Texture pool size now 1000 MB
[2019.02.15-07.58.04:132][  0]LogSlate: Took 0.032711 seconds to synchronously load lazily loaded font '../../../Engine/Content/Slate/Fonts/Roboto-Light.ttf' (159K)
[2019.02.15-07.58.04:169][  1]LogAssetRegistry: Asset discovery search completed in 20.0888 seconds
[2019.02.15-07.58.04:170][  1]LogCollectionManager: Rebuilt the object cache for 0 collections in 0.000000 seconds (found 0 objects)
[2019.02.15-07.58.04:170][  1]LogCollectionManager: Fixed up redirectors for 0 collections in 0.000042 seconds (updated 0 objects)
[2019.02.15-07.58.05:502][ 37]LogSlate: Took 0.000336 seconds to synchronously load lazily loaded font '../../../Engine/Content/Slate/Fonts/Roboto-Light.ttf' (159K)
[2019.02.15-07.58.08:204][109]LogSlate: Took 0.000159 seconds to synchronously load lazily loaded font '../../../Engine/Content/Slate/Fonts/Roboto-Light.ttf' (159K)
[2019.02.15-07.58.09:201][109]LogSlate: Took 0.000166 seconds to synchronously load lazily loaded font '../../../Engine/Content/Slate/Fonts/Roboto-Regular.ttf' (155K)
[2019.02.15-07.58.09:790][109]LogContentBrowser: Native class hierarchy updated for 'BlueprintGraph' in 0.0007 seconds. Added 113 classes and 0 folders.
[2019.02.15-07.58.11:676][109]LogSlate: Took 0.232854 seconds to synchronously load lazily loaded font '../../../Engine/Content/Editor/Slate/Fonts/Roboto-BoldCondensed.ttf' (158K)
[2019.02.15-07.58.22:794][ 25]LogSlate: Took 0.080515 seconds to synchronously load lazily loaded font '../../../Engine/Content/Editor/Slate/Fonts/Roboto-Italic.ttf' (157K)
[2019.02.15-08.01.27:080][395]Cmd: OBJ SAVEPACKAGE PACKAGE="/Game/Procedural/TriangleMesh" FILE="../../../../../../Workspace/Dev/VideoGames/UnrealEngine/ProceduralGame/ProceduralGame/Content/Procedural/TriangleMesh.uasset" SILENT=true
[2019.02.15-08.01.27:667][395]LogSavePackage: Save=315.15ms
[2019.02.15-08.01.27:667][395]LogSavePackage: Moving '../../../../../../Workspace/Dev/VideoGames/UnrealEngine/ProceduralGame/ProceduralGame/Saved/TriangleMeshDD735543494000136EF85C91517AA104.tmp' to '../../../../../../Workspace/Dev/VideoGames/UnrealEngine/ProceduralGame/ProceduralGame/Content/Procedural/TriangleMesh.uasset'
[2019.02.15-08.01.28:277][395]LogSavePackage: Display: Finished SavePackage ../../../../../../Workspace/Dev/VideoGames/UnrealEngine/ProceduralGame/ProceduralGame/Content/Procedural/TriangleMesh.uasset
[2019.02.15-08.02.25:980][111]Cmd: OBJ SAVEPACKAGE PACKAGE="/Game/Procedural/TriangleMesh" FILE="../../../../../../Workspace/Dev/VideoGames/UnrealEngine/ProceduralGame/ProceduralGame/Content/Procedural/TriangleMesh.uasset" SILENT=true
[2019.02.15-08.02.26:044][111]LogSavePackage: Save=62.07ms
[2019.02.15-08.02.26:044][111]LogSavePackage: Moving '../../../../../../Workspace/Dev/VideoGames/UnrealEngine/ProceduralGame/ProceduralGame/Saved/TriangleMesh5E3277514261BC2C3CB752B8F6CEFA93.tmp' to '../../../../../../Workspace/Dev/VideoGames/UnrealEngine/ProceduralGame/ProceduralGame/Content/Procedural/TriangleMesh.uasset'
[2019.02.15-08.02.26:046][111]LogSavePackage: Display: Finished SavePackage ../../../../../../Workspace/Dev/VideoGames/UnrealEngine/ProceduralGame/ProceduralGame/Content/Procedural/TriangleMesh.uasset
[2019.02.15-08.02.43:270][127]Cmd: OBJ SAVEPACKAGE PACKAGE="/Game/Procedural/TriangleMesh" FILE="../../../../../../Workspace/Dev/VideoGames/UnrealEngine/ProceduralGame/ProceduralGame/Content/Procedural/TriangleMesh.uasset" SILENT=true
[2019.02.15-08.02.43:335][127]LogSavePackage: Save=61.25ms
[2019.02.15-08.02.43:335][127]LogSavePackage: Moving '../../../../../../Workspace/Dev/VideoGames/UnrealEngine/ProceduralGame/ProceduralGame/Saved/TriangleMesh99337F3E4829733B8D0B1DAA734E0AD8.tmp' to '../../../../../../Workspace/Dev/VideoGames/UnrealEngine/ProceduralGame/ProceduralGame/Content/Procedural/TriangleMesh.uasset'
[2019.02.15-08.02.43:337][127]LogSavePackage: Display: Finished SavePackage ../../../../../../Workspace/Dev/VideoGames/UnrealEngine/ProceduralGame/ProceduralGame/Content/Procedural/TriangleMesh.uasset
[2019.02.15-08.02.49:493][850]Cmd: OBJ SAVEPACKAGE PACKAGE="/Game/Procedural/TriangleMesh" FILE="../../../../../../Workspace/Dev/VideoGames/UnrealEngine/ProceduralGame/ProceduralGame/Content/Procedural/TriangleMesh.uasset" SILENT=true
[2019.02.15-08.02.49:557][850]LogSavePackage: Save=61.33ms
[2019.02.15-08.02.49:557][850]LogSavePackage: Moving '../../../../../../Workspace/Dev/VideoGames/UnrealEngine/ProceduralGame/ProceduralGame/Saved/TriangleMesh630992864D75946E0C74E097100DB60C.tmp' to '../../../../../../Workspace/Dev/VideoGames/UnrealEngine/ProceduralGame/ProceduralGame/Content/Procedural/TriangleMesh.uasset'
[2019.02.15-08.02.49:559][850]LogSavePackage: Display: Finished SavePackage ../../../../../../Workspace/Dev/VideoGames/UnrealEngine/ProceduralGame/ProceduralGame/Content/Procedural/TriangleMesh.uasset
[2019.02.15-08.03.17:001][994]Cmd: OBJ SAVEPACKAGE PACKAGE="/Game/Procedural/TriangleMesh" FILE="../../../../../../Workspace/Dev/VideoGames/UnrealEngine/ProceduralGame/ProceduralGame/Content/Procedural/TriangleMesh.uasset" SILENT=true
[2019.02.15-08.03.17:070][994]LogSavePackage: Save=65.49ms
[2019.02.15-08.03.17:070][994]LogSavePackage: Moving '../../../../../../Workspace/Dev/VideoGames/UnrealEngine/ProceduralGame/ProceduralGame/Saved/TriangleMesh3D5AC4D34D80215EDB926FB663C4A216.tmp' to '../../../../../../Workspace/Dev/VideoGames/UnrealEngine/ProceduralGame/ProceduralGame/Content/Procedural/TriangleMesh.uasset'
[2019.02.15-08.03.17:072][994]LogSavePackage: Display: Finished SavePackage ../../../../../../Workspace/Dev/VideoGames/UnrealEngine/ProceduralGame/ProceduralGame/Content/Procedural/TriangleMesh.uasset
[2019.02.15-08.03.35:686][155]Cmd: OBJ SAVEPACKAGE PACKAGE="/Game/Procedural/TriangleMesh" FILE="../../../../../../Workspace/Dev/VideoGames/UnrealEngine/ProceduralGame/ProceduralGame/Content/Procedural/TriangleMesh.uasset" SILENT=true
[2019.02.15-08.03.35:754][155]LogSavePackage: Save=65.21ms
[2019.02.15-08.03.35:754][155]LogSavePackage: Moving '../../../../../../Workspace/Dev/VideoGames/UnrealEngine/ProceduralGame/ProceduralGame/Saved/TriangleMeshADF2A86240C6CABD988A108398E6537F.tmp' to '../../../../../../Workspace/Dev/VideoGames/UnrealEngine/ProceduralGame/ProceduralGame/Content/Procedural/TriangleMesh.uasset'
[2019.02.15-08.03.35:756][155]LogSavePackage: Display: Finished SavePackage ../../../../../../Workspace/Dev/VideoGames/UnrealEngine/ProceduralGame/ProceduralGame/Content/Procedural/TriangleMesh.uasset
[2019.02.15-08.04.29:194][324]Cmd: OBJ SAVEPACKAGE PACKAGE="/Game/Procedural/TriangleMesh" FILE="../../../../../../Workspace/Dev/VideoGames/UnrealEngine/ProceduralGame/ProceduralGame/Content/Procedural/TriangleMesh.uasset" SILENT=true
[2019.02.15-08.04.29:266][324]LogSavePackage: Save=67.41ms
[2019.02.15-08.04.29:266][324]LogSavePackage: Moving '../../../../../../Workspace/Dev/VideoGames/UnrealEngine/ProceduralGame/ProceduralGame/Saved/TriangleMesh167E4AF1411E2375FBCD99804F8FA4BA.tmp' to '../../../../../../Workspace/Dev/VideoGames/UnrealEngine/ProceduralGame/ProceduralGame/Content/Procedural/TriangleMesh.uasset'
[2019.02.15-08.04.29:268][324]LogSavePackage: Display: Finished SavePackage ../../../../../../Workspace/Dev/VideoGames/UnrealEngine/ProceduralGame/ProceduralGame/Content/Procedural/TriangleMesh.uasset
[2019.02.15-08.08.03:227][378]Cmd: OBJ SAVEPACKAGE PACKAGE="/Game/Procedural/TriangleMesh" FILE="../../../../../../Workspace/Dev/VideoGames/UnrealEngine/ProceduralGame/ProceduralGame/Content/Procedural/TriangleMesh.uasset" SILENT=true
[2019.02.15-08.08.03:457][378]LogSavePackage: Save=124.07ms
[2019.02.15-08.08.03:458][378]LogSavePackage: Moving '../../../../../../Workspace/Dev/VideoGames/UnrealEngine/ProceduralGame/ProceduralGame/Saved/TriangleMesh3E2953304835D147121EFA9CE1FC6D37.tmp' to '../../../../../../Workspace/Dev/VideoGames/UnrealEngine/ProceduralGame/ProceduralGame/Content/Procedural/TriangleMesh.uasset'
[2019.02.15-08.08.03:556][378]LogSavePackage: Display: Finished SavePackage ../../../../../../Workspace/Dev/VideoGames/UnrealEngine/ProceduralGame/ProceduralGame/Content/Procedural/TriangleMesh.uasset
[2019.02.15-08.08.21:241][443]Cmd: OBJ SAVEPACKAGE PACKAGE="/Game/Procedural/TriangleMesh" FILE="../../../../../../Workspace/Dev/VideoGames/UnrealEngine/ProceduralGame/ProceduralGame/Content/Procedural/TriangleMesh.uasset" SILENT=true
[2019.02.15-08.08.21:316][443]LogSavePackage: Save=71.75ms
[2019.02.15-08.08.21:316][443]LogSavePackage: Moving '../../../../../../Workspace/Dev/VideoGames/UnrealEngine/ProceduralGame/ProceduralGame/Saved/TriangleMesh3DFCCF1841FEB6B567A45EB4A5F26062.tmp' to '../../../../../../Workspace/Dev/VideoGames/UnrealEngine/ProceduralGame/ProceduralGame/Content/Procedural/TriangleMesh.uasset'
[2019.02.15-08.08.21:318][443]LogSavePackage: Display: Finished SavePackage ../../../../../../Workspace/Dev/VideoGames/UnrealEngine/ProceduralGame/ProceduralGame/Content/Procedural/TriangleMesh.uasset
[2019.02.15-08.08.41:775][812]Cmd: OBJ SAVEPACKAGE PACKAGE="/Game/Procedural/TriangleMesh" FILE="../../../../../../Workspace/Dev/VideoGames/UnrealEngine/ProceduralGame/ProceduralGame/Content/Procedural/TriangleMesh.uasset" SILENT=true
[2019.02.15-08.08.41:850][812]LogSavePackage: Save=71.48ms
[2019.02.15-08.08.41:850][812]LogSavePackage: Moving '../../../../../../Workspace/Dev/VideoGames/UnrealEngine/ProceduralGame/ProceduralGame/Saved/TriangleMeshC01FA9EB43A3C53DA2144E9103006B9E.tmp' to '../../../../../../Workspace/Dev/VideoGames/UnrealEngine/ProceduralGame/ProceduralGame/Content/Procedural/TriangleMesh.uasset'
[2019.02.15-08.08.41:852][812]LogSavePackage: Display: Finished SavePackage ../../../../../../Workspace/Dev/VideoGames/UnrealEngine/ProceduralGame/ProceduralGame/Content/Procedural/TriangleMesh.uasset
[2019.02.15-08.08.47:019][416]Cmd: OBJ SAVEPACKAGE PACKAGE="/Game/Procedural/TriangleMesh" FILE="../../../../../../Workspace/Dev/VideoGames/UnrealEngine/ProceduralGame/ProceduralGame/Content/Procedural/TriangleMesh.uasset" SILENT=true
[2019.02.15-08.08.47:091][416]LogSavePackage: Save=69.14ms
[2019.02.15-08.08.47:091][416]LogSavePackage: Moving '../../../../../../Workspace/Dev/VideoGames/UnrealEngine/ProceduralGame/ProceduralGame/Saved/TriangleMesh3201269E4C2411E51AE8DA980F1EAC04.tmp' to '../../../../../../Workspace/Dev/VideoGames/UnrealEngine/ProceduralGame/ProceduralGame/Content/Procedural/TriangleMesh.uasset'
[2019.02.15-08.08.47:093][416]LogSavePackage: Display: Finished SavePackage ../../../../../../Workspace/Dev/VideoGames/UnrealEngine/ProceduralGame/ProceduralGame/Content/Procedural/TriangleMesh.uasset
[2019.02.15-08.08.54:721][869]LogSavePackage: Save=219.32ms
[2019.02.15-08.08.54:721][869]LogSavePackage: Moving '../../../../../../Workspace/Dev/VideoGames/UnrealEngine/ProceduralGame/ProceduralGame/Saved/Minimal_Default7F7B66CE47E7C9C14E1B63BBD5070341.tmp' to '../../../../../../Workspace/Dev/VideoGames/UnrealEngine/ProceduralGame/ProceduralGame/Content/StarterContent/Maps/Minimal_Default.umap'
[2019.02.15-08.08.54:723][869]LogSavePackage: Display: Finished SavePackage ../../../../../../Workspace/Dev/VideoGames/UnrealEngine/ProceduralGame/ProceduralGame/Content/StarterContent/Maps/Minimal_Default.umap
[2019.02.15-08.08.55:591][869]LogSavePackage: Save=304.29ms
[2019.02.15-08.08.55:591][869]LogSavePackage: Moving '../../../../../../Workspace/Dev/VideoGames/UnrealEngine/ProceduralGame/ProceduralGame/Saved/Minimal_Default_BuiltDataB2959D45492CD73FD97B779963D3E561.tmp' to '../../../../../../Workspace/Dev/VideoGames/UnrealEngine/ProceduralGame/ProceduralGame/Content/StarterContent/Maps/Minimal_Default_BuiltData.uasset'
[2019.02.15-08.08.55:614][869]LogSavePackage: Display: Finished SavePackage ../../../../../../Workspace/Dev/VideoGames/UnrealEngine/ProceduralGame/ProceduralGame/Content/StarterContent/Maps/Minimal_Default_BuiltData.uasset
[2019.02.15-08.08.58:951][250]Cmd: OBJ SAVEPACKAGE PACKAGE="/Game/Procedural/TriangleMesh" FILE="../../../../../../Workspace/Dev/VideoGames/UnrealEngine/ProceduralGame/ProceduralGame/Content/Procedural/TriangleMesh.uasset" SILENT=true
[2019.02.15-08.08.59:023][250]LogSavePackage: Save=68.87ms
[2019.02.15-08.08.59:023][250]LogSavePackage: Moving '../../../../../../Workspace/Dev/VideoGames/UnrealEngine/ProceduralGame/ProceduralGame/Saved/TriangleMeshFF8473CD4D264D8FB9B19BB4DF11491B.tmp' to '../../../../../../Workspace/Dev/VideoGames/UnrealEngine/ProceduralGame/ProceduralGame/Content/Procedural/TriangleMesh.uasset'
[2019.02.15-08.08.59:025][250]LogSavePackage: Display: Finished SavePackage ../../../../../../Workspace/Dev/VideoGames/UnrealEngine/ProceduralGame/ProceduralGame/Content/Procedural/TriangleMesh.uasset
[2019.02.15-08.10.07:346][ 58]Cmd: OBJ SAVEPACKAGE PACKAGE="/Game/Procedural/TriangleMesh" FILE="../../../../../../Workspace/Dev/VideoGames/UnrealEngine/ProceduralGame/ProceduralGame/Content/Procedural/TriangleMesh.uasset" SILENT=true
[2019.02.15-08.10.07:433][ 58]LogSavePackage: Save=81.79ms
[2019.02.15-08.10.07:433][ 58]LogSavePackage: Moving '../../../../../../Workspace/Dev/VideoGames/UnrealEngine/ProceduralGame/ProceduralGame/Saved/TriangleMesh4E919D8A479AD27C743748A29FCDEC48.tmp' to '../../../../../../Workspace/Dev/VideoGames/UnrealEngine/ProceduralGame/ProceduralGame/Content/Procedural/TriangleMesh.uasset'
[2019.02.15-08.10.07:435][ 58]LogSavePackage: Display: Finished SavePackage ../../../../../../Workspace/Dev/VideoGames/UnrealEngine/ProceduralGame/ProceduralGame/Content/Procedural/TriangleMesh.uasset
[2019.02.15-08.11.27:281][220]Cmd: OBJ SAVEPACKAGE PACKAGE="/Game/Procedural/TriangleMesh" FILE="../../../../../../Workspace/Dev/VideoGames/UnrealEngine/ProceduralGame/ProceduralGame/Content/Procedural/TriangleMesh.uasset" SILENT=true
[2019.02.15-08.11.27:356][220]LogSavePackage: Save=72.67ms
[2019.02.15-08.11.27:356][220]LogSavePackage: Moving '../../../../../../Workspace/Dev/VideoGames/UnrealEngine/ProceduralGame/ProceduralGame/Saved/TriangleMesh82A9AAEC4BBCC04BF241C8894AFE52B1.tmp' to '../../../../../../Workspace/Dev/VideoGames/UnrealEngine/ProceduralGame/ProceduralGame/Content/Procedural/TriangleMesh.uasset'
[2019.02.15-08.11.27:358][220]LogSavePackage: Display: Finished SavePackage ../../../../../../Workspace/Dev/VideoGames/UnrealEngine/ProceduralGame/ProceduralGame/Content/Procedural/TriangleMesh.uasset
[2019.02.15-08.12.08:787][554]Cmd: OBJ SAVEPACKAGE PACKAGE="/Game/Procedural/TriangleMesh" FILE="../../../../../../Workspace/Dev/VideoGames/UnrealEngine/ProceduralGame/ProceduralGame/Content/Procedural/TriangleMesh.uasset" SILENT=true
[2019.02.15-08.12.08:863][554]LogSavePackage: Save=72.75ms
[2019.02.15-08.12.08:863][554]LogSavePackage: Moving '../../../../../../Workspace/Dev/VideoGames/UnrealEngine/ProceduralGame/ProceduralGame/Saved/TriangleMesh4E65559A4FA3BECD389E9FB1815A6D66.tmp' to '../../../../../../Workspace/Dev/VideoGames/UnrealEngine/ProceduralGame/ProceduralGame/Content/Procedural/TriangleMesh.uasset'
[2019.02.15-08.12.08:865][554]LogSavePackage: Display: Finished SavePackage ../../../../../../Workspace/Dev/VideoGames/UnrealEngine/ProceduralGame/ProceduralGame/Content/Procedural/TriangleMesh.uasset
[2019.02.15-08.13.12:210][592]Cmd: OBJ SAVEPACKAGE PACKAGE="/Game/Procedural/TriangleMesh" FILE="../../../../../../Workspace/Dev/VideoGames/UnrealEngine/ProceduralGame/ProceduralGame/Content/Procedural/TriangleMesh.uasset" SILENT=true
[2019.02.15-08.13.12:289][592]LogSavePackage: Save=75.39ms
[2019.02.15-08.13.12:289][592]LogSavePackage: Moving '../../../../../../Workspace/Dev/VideoGames/UnrealEngine/ProceduralGame/ProceduralGame/Saved/TriangleMeshAD0F96DB4F0343335A1C12BD40BFD119.tmp' to '../../../../../../Workspace/Dev/VideoGames/UnrealEngine/ProceduralGame/ProceduralGame/Content/Procedural/TriangleMesh.uasset'
[2019.02.15-08.13.12:291][592]LogSavePackage: Display: Finished SavePackage ../../../../../../Workspace/Dev/VideoGames/UnrealEngine/ProceduralGame/ProceduralGame/Content/Procedural/TriangleMesh.uasset
[2019.02.15-08.13.46:392][355]Cmd: OBJ SAVEPACKAGE PACKAGE="/Game/Procedural/TriangleMesh" FILE="../../../../../../Workspace/Dev/VideoGames/UnrealEngine/ProceduralGame/ProceduralGame/Content/Procedural/TriangleMesh.uasset" SILENT=true
[2019.02.15-08.13.46:484][355]LogSavePackage: Save=87.76ms
[2019.02.15-08.13.46:484][355]LogSavePackage: Moving '../../../../../../Workspace/Dev/VideoGames/UnrealEngine/ProceduralGame/ProceduralGame/Saved/TriangleMesh47294DE141EE2A21692FE799D0CD4F98.tmp' to '../../../../../../Workspace/Dev/VideoGames/UnrealEngine/ProceduralGame/ProceduralGame/Content/Procedural/TriangleMesh.uasset'
[2019.02.15-08.13.46:486][355]LogSavePackage: Display: Finished SavePackage ../../../../../../Workspace/Dev/VideoGames/UnrealEngine/ProceduralGame/ProceduralGame/Content/Procedural/TriangleMesh.uasset
[2019.02.15-08.13.49:641][720]BlueprintLog: New page: Compile TriangleMesh
[2019.02.15-08.14.29:252][144]Cmd: OBJ SAVEPACKAGE PACKAGE="/Game/Procedural/TriangleMesh" FILE="../../../../../../Workspace/Dev/VideoGames/UnrealEngine/ProceduralGame/ProceduralGame/Content/Procedural/TriangleMesh.uasset" SILENT=true
[2019.02.15-08.14.29:335][144]LogSavePackage: Save=79.84ms
[2019.02.15-08.14.29:335][144]LogSavePackage: Moving '../../../../../../Workspace/Dev/VideoGames/UnrealEngine/ProceduralGame/ProceduralGame/Saved/TriangleMeshC3545BBF45AF3F744944CBBAB3337662.tmp' to '../../../../../../Workspace/Dev/VideoGames/UnrealEngine/ProceduralGame/ProceduralGame/Content/Procedural/TriangleMesh.uasset'
[2019.02.15-08.14.29:336][144]LogSavePackage: Display: Finished SavePackage ../../../../../../Workspace/Dev/VideoGames/UnrealEngine/ProceduralGame/ProceduralGame/Content/Procedural/TriangleMesh.uasset
[2019.02.15-08.15.16:778][682]Cmd: OBJ SAVEPACKAGE PACKAGE="/Game/Procedural/TriangleMesh" FILE="../../../../../../Workspace/Dev/VideoGames/UnrealEngine/ProceduralGame/ProceduralGame/Content/Procedural/TriangleMesh.uasset" SILENT=true
[2019.02.15-08.15.16:856][682]LogSavePackage: Save=76.56ms
[2019.02.15-08.15.16:856][682]LogSavePackage: Moving '../../../../../../Workspace/Dev/VideoGames/UnrealEngine/ProceduralGame/ProceduralGame/Saved/TriangleMesh0E4210B04BA277CE47FB92BA4AF865D6.tmp' to '../../../../../../Workspace/Dev/VideoGames/UnrealEngine/ProceduralGame/ProceduralGame/Content/Procedural/TriangleMesh.uasset'
[2019.02.15-08.15.16:858][682]LogSavePackage: Display: Finished SavePackage ../../../../../../Workspace/Dev/VideoGames/UnrealEngine/ProceduralGame/ProceduralGame/Content/Procedural/TriangleMesh.uasset
[2019.02.15-08.15.18:623][889]BlueprintLog: New page: Compile TriangleMesh
[2019.02.15-08.15.25:968][601]LogSavePackage: Save=39.17ms
[2019.02.15-08.15.25:969][601]LogSavePackage: Moving '../../../../../../Workspace/Dev/VideoGames/UnrealEngine/ProceduralGame/ProceduralGame/Saved/Minimal_DefaultE37D902D43966840A48DABA0D76E227C.tmp' to '../../../../../../Workspace/Dev/VideoGames/UnrealEngine/ProceduralGame/ProceduralGame/Content/StarterContent/Maps/Minimal_Default.umap'
[2019.02.15-08.15.25:971][601]LogSavePackage: Display: Finished SavePackage ../../../../../../Workspace/Dev/VideoGames/UnrealEngine/ProceduralGame/ProceduralGame/Content/StarterContent/Maps/Minimal_Default.umap
[2019.02.15-08.15.26:027][601]LogSavePackage: Save=44.62ms
[2019.02.15-08.15.26:027][601]LogSavePackage: Moving '../../../../../../Workspace/Dev/VideoGames/UnrealEngine/ProceduralGame/ProceduralGame/Saved/Minimal_Default_BuiltDataF468310C47AD8DF2C3838892D8C1F1EA.tmp' to '../../../../../../Workspace/Dev/VideoGames/UnrealEngine/ProceduralGame/ProceduralGame/Content/StarterContent/Maps/Minimal_Default_BuiltData.uasset'
[2019.02.15-08.15.26:028][601]LogSavePackage: Display: Finished SavePackage ../../../../../../Workspace/Dev/VideoGames/UnrealEngine/ProceduralGame/ProceduralGame/Content/StarterContent/Maps/Minimal_Default_BuiltData.uasset
[2019.02.15-08.21.18:557][999]BlueprintLog: New page: Compile TriangleMesh
[2019.02.15-08.21.19:742][999]Cmd: OBJ SAVEPACKAGE PACKAGE="/Game/Procedural/TriangleMesh" FILE="../../../../../../Workspace/Dev/VideoGames/UnrealEngine/ProceduralGame/ProceduralGame/Content/Procedural/TriangleMesh.uasset" SILENT=true
[2019.02.15-08.21.19:825][999]LogSavePackage: Save=79.16ms
[2019.02.15-08.21.19:825][999]LogSavePackage: Moving '../../../../../../Workspace/Dev/VideoGames/UnrealEngine/ProceduralGame/ProceduralGame/Saved/TriangleMesh3B1402A04506988F5DD3609C2157A186.tmp' to '../../../../../../Workspace/Dev/VideoGames/UnrealEngine/ProceduralGame/ProceduralGame/Content/Procedural/TriangleMesh.uasset'
[2019.02.15-08.21.19:827][999]LogSavePackage: Display: Finished SavePackage ../../../../../../Workspace/Dev/VideoGames/UnrealEngine/ProceduralGame/ProceduralGame/Content/Procedural/TriangleMesh.uasset
[2019.02.15-08.21.50:922][580]BlueprintLog: New page: Compile TriangleMesh
[2019.02.15-08.21.52:408][580]Cmd: OBJ SAVEPACKAGE PACKAGE="/Game/Procedural/TriangleMesh" FILE="../../../../../../Workspace/Dev/VideoGames/UnrealEngine/ProceduralGame/ProceduralGame/Content/Procedural/TriangleMesh.uasset" SILENT=true
[2019.02.15-08.21.52:492][580]LogSavePackage: Save=80.20ms
[2019.02.15-08.21.52:492][580]LogSavePackage: Moving '../../../../../../Workspace/Dev/VideoGames/UnrealEngine/ProceduralGame/ProceduralGame/Saved/TriangleMeshFC25C573403A7DD3890C25A3FAC31F0B.tmp' to '../../../../../../Workspace/Dev/VideoGames/UnrealEngine/ProceduralGame/ProceduralGame/Content/Procedural/TriangleMesh.uasset'
[2019.02.15-08.21.52:494][580]LogSavePackage: Display: Finished SavePackage ../../../../../../Workspace/Dev/VideoGames/UnrealEngine/ProceduralGame/ProceduralGame/Content/Procedural/TriangleMesh.uasset
[2019.02.15-08.22.03:449][832]BlueprintLog: New page: Compile TriangleMesh
[2019.02.15-08.22.04:915][832]Cmd: OBJ SAVEPACKAGE PACKAGE="/Game/Procedural/TriangleMesh" FILE="../../../../../../Workspace/Dev/VideoGames/UnrealEngine/ProceduralGame/ProceduralGame/Content/Procedural/TriangleMesh.uasset" SILENT=true
[2019.02.15-08.22.04:997][832]LogSavePackage: Save=78.26ms
[2019.02.15-08.22.04:997][832]LogSavePackage: Moving '../../../../../../Workspace/Dev/VideoGames/UnrealEngine/ProceduralGame/ProceduralGame/Saved/TriangleMesh1580FF9949EAD2A659AE1CB83D543E70.tmp' to '../../../../../../Workspace/Dev/VideoGames/UnrealEngine/ProceduralGame/ProceduralGame/Content/Procedural/TriangleMesh.uasset'
[2019.02.15-08.22.04:999][832]LogSavePackage: Display: Finished SavePackage ../../../../../../Workspace/Dev/VideoGames/UnrealEngine/ProceduralGame/ProceduralGame/Content/Procedural/TriangleMesh.uasset
[2019.02.15-17.52.57:025][ 53]LogSavePackage: Save=56.27ms
[2019.02.15-17.52.57:025][ 53]LogSavePackage: Moving '../../../../../../Workspace/Dev/VideoGames/UnrealEngine/ProceduralGame/ProceduralGame/Saved/Minimal_Default_Auto137F7F880433AAD65FEFAA3874D61E975.tmp' to '../../../../../../Workspace/Dev/VideoGames/UnrealEngine/ProceduralGame/ProceduralGame/Saved/Autosaves/Game/StarterContent/Maps/Minimal_Default_Auto1.umap'
[2019.02.15-17.52.57:027][ 53]LogSavePackage: Display: Finished SavePackage ../../../../../../Workspace/Dev/VideoGames/UnrealEngine/ProceduralGame/ProceduralGame/Saved/Autosaves/Game/StarterContent/Maps/Minimal_Default_Auto1.umap
[2019.02.15-17.52.57:028][ 53]LogFileHelpers: Editor autosave (incl. sublevels) for '/Game/StarterContent/Maps/Minimal_Default' took 0.123
[2019.02.15-17.52.57:028][ 53]LogFileHelpers: Editor autosave (incl. sublevels) for all levels took 0.123
[2019.02.15-20.08.29:792][407]LogFileHelpers: Editor autosave (incl. sublevels) for '/Game/StarterContent/Maps/Minimal_Default' took 0.014
[2019.02.15-20.08.30:037][407]OBJ SavePackage: Generating thumbnails for [0] asset(s) in package [/Game/Procedural/TriangleMesh] ([1] browsable assets)...
[2019.02.15-20.08.30:037][407]OBJ SavePackage: Finished generating thumbnails for package [/Game/Procedural/TriangleMesh]
[2019.02.15-20.08.30:112][407]LogSavePackage: Save=70.45ms
[2019.02.15-20.08.30:112][407]LogSavePackage: Moving '../../../../../../Workspace/Dev/VideoGames/UnrealEngine/ProceduralGame/ProceduralGame/Saved/TriangleMesh_Auto2A7F59DDD4641F7FC21C883918C8FD7D0.tmp' to '../../../../../../Workspace/Dev/VideoGames/UnrealEngine/ProceduralGame/ProceduralGame/Saved/Autosaves/Game/Procedural/TriangleMesh_Auto2.uasset'
[2019.02.15-20.08.30:140][407]LogSavePackage: Display: Finished SavePackage ../../../../../../Workspace/Dev/VideoGames/UnrealEngine/ProceduralGame/ProceduralGame/Saved/Autosaves/Game/Procedural/TriangleMesh_Auto2.uasset
[2019.02.15-20.08.30:140][407]LogFileHelpers: Auto-saving content packages took 0.348
[2019.02.15-20.13.06:342][  2]BlueprintLog: New page: Compile TriangleMesh
[2019.02.15-20.13.07:716][  2]Cmd: OBJ SAVEPACKAGE PACKAGE="/Game/Procedural/TriangleMesh" FILE="../../../../../../Workspace/Dev/VideoGames/UnrealEngine/ProceduralGame/ProceduralGame/Content/Procedural/TriangleMesh.uasset" SILENT=true
[2019.02.15-20.13.07:797][  2]LogSavePackage: Save=77.73ms
[2019.02.15-20.13.07:797][  2]LogSavePackage: Moving '../../../../../../Workspace/Dev/VideoGames/UnrealEngine/ProceduralGame/ProceduralGame/Saved/TriangleMesh862993F54714928BF52FB082D10B4731.tmp' to '../../../../../../Workspace/Dev/VideoGames/UnrealEngine/ProceduralGame/ProceduralGame/Content/Procedural/TriangleMesh.uasset'
[2019.02.15-20.13.07:799][  2]LogSavePackage: Display: Finished SavePackage ../../../../../../Workspace/Dev/VideoGames/UnrealEngine/ProceduralGame/ProceduralGame/Content/Procedural/TriangleMesh.uasset
[2019.02.15-20.13.20:498][490]BlueprintLog: New page: Compile TriangleMesh
[2019.02.15-20.13.21:849][490]Cmd: OBJ SAVEPACKAGE PACKAGE="/Game/Procedural/TriangleMesh" FILE="../../../../../../Workspace/Dev/VideoGames/UnrealEngine/ProceduralGame/ProceduralGame/Content/Procedural/TriangleMesh.uasset" SILENT=true
[2019.02.15-20.13.21:929][490]LogSavePackage: Save=76.27ms
[2019.02.15-20.13.21:929][490]LogSavePackage: Moving '../../../../../../Workspace/Dev/VideoGames/UnrealEngine/ProceduralGame/ProceduralGame/Saved/TriangleMesh0950D7E447533C3DDE5464B2F70D48D5.tmp' to '../../../../../../Workspace/Dev/VideoGames/UnrealEngine/ProceduralGame/ProceduralGame/Content/Procedural/TriangleMesh.uasset'
[2019.02.15-20.13.21:931][490]LogSavePackage: Display: Finished SavePackage ../../../../../../Workspace/Dev/VideoGames/UnrealEngine/ProceduralGame/ProceduralGame/Content/Procedural/TriangleMesh.uasset
[2019.02.15-20.13.25:134][832]LogEditorViewport: Clicking on Actor (LMB): BP_Sky_Sphere_C (BP_Sky_Sphere)
[2019.02.15-20.13.43:839][892]BlueprintLog: New page: Compile TriangleMesh
[2019.02.15-20.13.44:098][892]Cmd: OBJ SAVEPACKAGE PACKAGE="/Game/Procedural/TriangleMesh" FILE="../../../../../../Workspace/Dev/VideoGames/UnrealEngine/ProceduralGame/ProceduralGame/Content/Procedural/TriangleMesh.uasset" SILENT=true
[2019.02.15-20.13.44:180][892]LogSavePackage: Save=76.39ms
[2019.02.15-20.13.44:180][892]LogSavePackage: Moving '../../../../../../Workspace/Dev/VideoGames/UnrealEngine/ProceduralGame/ProceduralGame/Saved/TriangleMesh148AD9FD4D3BDB5ECE65A7A01D8F0CDC.tmp' to '../../../../../../Workspace/Dev/VideoGames/UnrealEngine/ProceduralGame/ProceduralGame/Content/Procedural/TriangleMesh.uasset'
[2019.02.15-20.13.44:182][892]LogSavePackage: Display: Finished SavePackage ../../../../../../Workspace/Dev/VideoGames/UnrealEngine/ProceduralGame/ProceduralGame/Content/Procedural/TriangleMesh.uasset
[2019.02.15-20.14.14:666][248]BlueprintLog: New page: Compile TriangleMesh
[2019.02.15-20.14.14:747][248]LogPhysics: Error: PHYSX: (D:\Build\++UE4+Release-4.17+PhysX_Compile\Sync\Engine\Source\ThirdParty\PhysX\PhysX_3.4\Source\PhysXCooking\src\mesh\TriangleMeshBuilder.cpp 802) eINVALID_PARAMETER : TriangleMesh::loadFromDesc: desc.isValid() failed!
[2019.02.15-20.14.14:747][248]LogPhysics: Warning: Failed to cook TriMesh: /Game/StarterContent/Maps/Minimal_Default.Minimal_Default:PersistentLevel.TriangleMesh_173.ProceduralMesh.
[2019.02.15-20.14.14:747][248]LogPhysics: Warning: Attempt to build physics data for /Game/StarterContent/Maps/Minimal_Default.Minimal_Default:PersistentLevel.TriangleMesh_173.ProceduralMesh.BodySetup_0 when we are unable to.
[2019.02.15-20.14.14:747][248]LogPhysics: Error: PHYSX: (D:\Build\++UE4+Release-4.17+PhysX_Compile\Sync\Engine\Source\ThirdParty\PhysX\PhysX_3.4\Source\PhysXCooking\src\mesh\TriangleMeshBuilder.cpp 802) eINVALID_PARAMETER : TriangleMesh::loadFromDesc: desc.isValid() failed!
[2019.02.15-20.14.14:747][248]LogPhysics: Warning: Failed to cook TriMesh: /Game/StarterContent/Maps/Minimal_Default.Minimal_Default:PersistentLevel.TriangleMesh_173.ProceduralMesh.
[2019.02.15-20.14.14:747][248]LogPhysics: Warning: Attempt to build physics data for /Game/StarterContent/Maps/Minimal_Default.Minimal_Default:PersistentLevel.TriangleMesh_173.ProceduralMesh.BodySetup_0 when we are unable to.
[2019.02.15-20.14.14:747][248]LogPhysics: Error: PHYSX: (D:\Build\++UE4+Release-4.17+PhysX_Compile\Sync\Engine\Source\ThirdParty\PhysX\PhysX_3.4\Source\PhysXCooking\src\mesh\TriangleMeshBuilder.cpp 802) eINVALID_PARAMETER : TriangleMesh::loadFromDesc: desc.isValid() failed!
[2019.02.15-20.14.14:747][248]LogPhysics: Warning: Failed to cook TriMesh: /Game/StarterContent/Maps/Minimal_Default.Minimal_Default:PersistentLevel.TriangleMesh_173.ProceduralMesh.
[2019.02.15-20.14.14:748][248]LogPhysics: Warning: Attempt to build physics data for /Game/StarterContent/Maps/Minimal_Default.Minimal_Default:PersistentLevel.TriangleMesh_173.ProceduralMesh.BodySetup_0 when we are unable to.
[2019.02.15-20.14.14:748][248]LogPhysics: Error: PHYSX: (D:\Build\++UE4+Release-4.17+PhysX_Compile\Sync\Engine\Source\ThirdParty\PhysX\PhysX_3.4\Source\PhysXCooking\src\mesh\TriangleMeshBuilder.cpp 802) eINVALID_PARAMETER : TriangleMesh::loadFromDesc: desc.isValid() failed!
[2019.02.15-20.14.14:748][248]LogPhysics: Warning: Failed to cook TriMesh: /Game/StarterContent/Maps/Minimal_Default.Minimal_Default:PersistentLevel.TriangleMesh_173.ProceduralMesh.
[2019.02.15-20.14.14:748][248]LogPhysics: Warning: Attempt to build physics data for /Game/StarterContent/Maps/Minimal_Default.Minimal_Default:PersistentLevel.TriangleMesh_173.ProceduralMesh.BodySetup_0 when we are unable to.
[2019.02.15-20.14.14:748][248]LogPhysics: Error: PHYSX: (D:\Build\++UE4+Release-4.17+PhysX_Compile\Sync\Engine\Source\ThirdParty\PhysX\PhysX_3.4\Source\PhysXCooking\src\mesh\TriangleMeshBuilder.cpp 802) eINVALID_PARAMETER : TriangleMesh::loadFromDesc: desc.isValid() failed!
[2019.02.15-20.14.14:748][248]LogPhysics: Warning: Failed to cook TriMesh: /Game/StarterContent/Maps/Minimal_Default.Minimal_Default:PersistentLevel.TriangleMesh_173.ProceduralMesh.
[2019.02.15-20.14.14:748][248]LogPhysics: Warning: Attempt to build physics data for /Game/StarterContent/Maps/Minimal_Default.Minimal_Default:PersistentLevel.TriangleMesh_173.ProceduralMesh.BodySetup_0 when we are unable to.
[2019.02.15-20.14.14:748][248]LogPhysics: Error: PHYSX: (D:\Build\++UE4+Release-4.17+PhysX_Compile\Sync\Engine\Source\ThirdParty\PhysX\PhysX_3.4\Source\PhysXCooking\src\mesh\TriangleMeshBuilder.cpp 802) eINVALID_PARAMETER : TriangleMesh::loadFromDesc: desc.isValid() failed!
[2019.02.15-20.14.14:748][248]LogPhysics: Warning: Failed to cook TriMesh: /Game/StarterContent/Maps/Minimal_Default.Minimal_Default:PersistentLevel.TriangleMesh_173.ProceduralMesh.
[2019.02.15-20.14.14:748][248]LogPhysics: Warning: Attempt to build physics data for /Game/StarterContent/Maps/Minimal_Default.Minimal_Default:PersistentLevel.TriangleMesh_173.ProceduralMesh.BodySetup_0 when we are unable to.
[2019.02.15-20.14.14:748][248]LogPhysics: Error: PHYSX: (D:\Build\++UE4+Release-4.17+PhysX_Compile\Sync\Engine\Source\ThirdParty\PhysX\PhysX_3.4\Source\PhysXCooking\src\mesh\TriangleMeshBuilder.cpp 802) eINVALID_PARAMETER : TriangleMesh::loadFromDesc: desc.isValid() failed!
[2019.02.15-20.14.14:748][248]LogPhysics: Warning: Failed to cook TriMesh: /Game/StarterContent/Maps/Minimal_Default.Minimal_Default:PersistentLevel.TriangleMesh_173.ProceduralMesh.
[2019.02.15-20.14.14:748][248]LogPhysics: Warning: Attempt to build physics data for /Game/StarterContent/Maps/Minimal_Default.Minimal_Default:PersistentLevel.TriangleMesh_173.ProceduralMesh.BodySetup_0 when we are unable to.
[2019.02.15-20.14.14:748][248]LogPhysics: Error: PHYSX: (D:\Build\++UE4+Release-4.17+PhysX_Compile\Sync\Engine\Source\ThirdParty\PhysX\PhysX_3.4\Source\PhysXCooking\src\mesh\TriangleMeshBuilder.cpp 802) eINVALID_PARAMETER : TriangleMesh::loadFromDesc: desc.isValid() failed!
[2019.02.15-20.14.14:748][248]LogPhysics: Warning: Failed to cook TriMesh: /Game/StarterContent/Maps/Minimal_Default.Minimal_Default:PersistentLevel.TriangleMesh_173.ProceduralMesh.
[2019.02.15-20.14.14:748][248]LogPhysics: Warning: Attempt to build physics data for /Game/StarterContent/Maps/Minimal_Default.Minimal_Default:PersistentLevel.TriangleMesh_173.ProceduralMesh.BodySetup_0 when we are unable to.
[2019.02.15-20.14.14:748][248]LogPhysics: Error: PHYSX: (D:\Build\++UE4+Release-4.17+PhysX_Compile\Sync\Engine\Source\ThirdParty\PhysX\PhysX_3.4\Source\PhysXCooking\src\mesh\TriangleMeshBuilder.cpp 802) eINVALID_PARAMETER : TriangleMesh::loadFromDesc: desc.isValid() failed!
[2019.02.15-20.14.14:748][248]LogPhysics: Warning: Failed to cook TriMesh: /Game/StarterContent/Maps/Minimal_Default.Minimal_Default:PersistentLevel.TriangleMesh_173.ProceduralMesh.
[2019.02.15-20.14.14:748][248]LogPhysics: Warning: Attempt to build physics data for /Game/StarterContent/Maps/Minimal_Default.Minimal_Default:PersistentLevel.TriangleMesh_173.ProceduralMesh.BodySetup_0 when we are unable to.
[2019.02.15-20.14.14:748][248]LogPhysics: Error: PHYSX: (D:\Build\++UE4+Release-4.17+PhysX_Compile\Sync\Engine\Source\ThirdParty\PhysX\PhysX_3.4\Source\PhysXCooking\src\mesh\TriangleMeshBuilder.cpp 802) eINVALID_PARAMETER : TriangleMesh::loadFromDesc: desc.isValid() failed!
[2019.02.15-20.14.14:748][248]LogPhysics: Warning: Failed to cook TriMesh: /Game/StarterContent/Maps/Minimal_Default.Minimal_Default:PersistentLevel.TriangleMesh_173.ProceduralMesh.
[2019.02.15-20.14.14:748][248]LogPhysics: Warning: Attempt to build physics data for /Game/StarterContent/Maps/Minimal_Default.Minimal_Default:PersistentLevel.TriangleMesh_173.ProceduralMesh.BodySetup_0 when we are unable to.
[2019.02.15-20.14.14:802][248]LogPhysics: Error: PHYSX: (D:\Build\++UE4+Release-4.17+PhysX_Compile\Sync\Engine\Source\ThirdParty\PhysX\PhysX_3.4\Source\PhysXCooking\src\mesh\TriangleMeshBuilder.cpp 802) eINVALID_PARAMETER : TriangleMesh::loadFromDesc: desc.isValid() failed!
[2019.02.15-20.14.14:802][248]LogPhysics: Warning: Failed to cook TriMesh: /Engine/Transient.World_1:PersistentLevel.TriangleMesh_C_0.ProceduralMesh.
[2019.02.15-20.14.14:802][248]LogPhysics: Warning: Attempt to build physics data for /Engine/Transient.World_1:PersistentLevel.TriangleMesh_C_0.ProceduralMesh.BodySetup_0 when we are unable to.
[2019.02.15-20.14.14:802][248]LogPhysics: Error: PHYSX: (D:\Build\++UE4+Release-4.17+PhysX_Compile\Sync\Engine\Source\ThirdParty\PhysX\PhysX_3.4\Source\PhysXCooking\src\mesh\TriangleMeshBuilder.cpp 802) eINVALID_PARAMETER : TriangleMesh::loadFromDesc: desc.isValid() failed!
[2019.02.15-20.14.14:803][248]LogPhysics: Warning: Failed to cook TriMesh: /Engine/Transient.World_1:PersistentLevel.TriangleMesh_C_0.ProceduralMesh.
[2019.02.15-20.14.14:803][248]LogPhysics: Warning: Attempt to build physics data for /Engine/Transient.World_1:PersistentLevel.TriangleMesh_C_0.ProceduralMesh.BodySetup_0 when we are unable to.
[2019.02.15-20.14.14:803][248]LogPhysics: Error: PHYSX: (D:\Build\++UE4+Release-4.17+PhysX_Compile\Sync\Engine\Source\ThirdParty\PhysX\PhysX_3.4\Source\PhysXCooking\src\mesh\TriangleMeshBuilder.cpp 802) eINVALID_PARAMETER : TriangleMesh::loadFromDesc: desc.isValid() failed!
[2019.02.15-20.14.14:803][248]LogPhysics: Warning: Failed to cook TriMesh: /Engine/Transient.World_1:PersistentLevel.TriangleMesh_C_0.ProceduralMesh.
[2019.02.15-20.14.14:803][248]LogPhysics: Warning: Attempt to build physics data for /Engine/Transient.World_1:PersistentLevel.TriangleMesh_C_0.ProceduralMesh.BodySetup_0 when we are unable to.
[2019.02.15-20.14.14:803][248]LogPhysics: Error: PHYSX: (D:\Build\++UE4+Release-4.17+PhysX_Compile\Sync\Engine\Source\ThirdParty\PhysX\PhysX_3.4\Source\PhysXCooking\src\mesh\TriangleMeshBuilder.cpp 802) eINVALID_PARAMETER : TriangleMesh::loadFromDesc: desc.isValid() failed!
[2019.02.15-20.14.14:803][248]LogPhysics: Warning: Failed to cook TriMesh: /Engine/Transient.World_1:PersistentLevel.TriangleMesh_C_0.ProceduralMesh.
[2019.02.15-20.14.14:803][248]LogPhysics: Warning: Attempt to build physics data for /Engine/Transient.World_1:PersistentLevel.TriangleMesh_C_0.ProceduralMesh.BodySetup_0 when we are unable to.
[2019.02.15-20.14.14:803][248]LogPhysics: Error: PHYSX: (D:\Build\++UE4+Release-4.17+PhysX_Compile\Sync\Engine\Source\ThirdParty\PhysX\PhysX_3.4\Source\PhysXCooking\src\mesh\TriangleMeshBuilder.cpp 802) eINVALID_PARAMETER : TriangleMesh::loadFromDesc: desc.isValid() failed!
[2019.02.15-20.14.14:803][248]LogPhysics: Warning: Failed to cook TriMesh: /Engine/Transient.World_1:PersistentLevel.TriangleMesh_C_0.ProceduralMesh.
[2019.02.15-20.14.14:803][248]LogPhysics: Warning: Attempt to build physics data for /Engine/Transient.World_1:PersistentLevel.TriangleMesh_C_0.ProceduralMesh.BodySetup_0 when we are unable to.
[2019.02.15-20.14.14:803][248]LogPhysics: Error: PHYSX: (D:\Build\++UE4+Release-4.17+PhysX_Compile\Sync\Engine\Source\ThirdParty\PhysX\PhysX_3.4\Source\PhysXCooking\src\mesh\TriangleMeshBuilder.cpp 802) eINVALID_PARAMETER : TriangleMesh::loadFromDesc: desc.isValid() failed!
[2019.02.15-20.14.14:803][248]LogPhysics: Warning: Failed to cook TriMesh: /Engine/Transient.World_1:PersistentLevel.TriangleMesh_C_0.ProceduralMesh.
[2019.02.15-20.14.14:803][248]LogPhysics: Warning: Attempt to build physics data for /Engine/Transient.World_1:PersistentLevel.TriangleMesh_C_0.ProceduralMesh.BodySetup_0 when we are unable to.
[2019.02.15-20.14.14:803][248]LogPhysics: Error: PHYSX: (D:\Build\++UE4+Release-4.17+PhysX_Compile\Sync\Engine\Source\ThirdParty\PhysX\PhysX_3.4\Source\PhysXCooking\src\mesh\TriangleMeshBuilder.cpp 802) eINVALID_PARAMETER : TriangleMesh::loadFromDesc: desc.isValid() failed!
[2019.02.15-20.14.14:803][248]LogPhysics: Warning: Failed to cook TriMesh: /Engine/Transient.World_1:PersistentLevel.TriangleMesh_C_0.ProceduralMesh.
[2019.02.15-20.14.14:803][248]LogPhysics: Warning: Attempt to build physics data for /Engine/Transient.World_1:PersistentLevel.TriangleMesh_C_0.ProceduralMesh.BodySetup_0 when we are unable to.
[2019.02.15-20.14.14:803][248]LogPhysics: Error: PHYSX: (D:\Build\++UE4+Release-4.17+PhysX_Compile\Sync\Engine\Source\ThirdParty\PhysX\PhysX_3.4\Source\PhysXCooking\src\mesh\TriangleMeshBuilder.cpp 802) eINVALID_PARAMETER : TriangleMesh::loadFromDesc: desc.isValid() failed!
[2019.02.15-20.14.14:803][248]LogPhysics: Warning: Failed to cook TriMesh: /Engine/Transient.World_1:PersistentLevel.TriangleMesh_C_0.ProceduralMesh.
[2019.02.15-20.14.14:803][248]LogPhysics: Warning: Attempt to build physics data for /Engine/Transient.World_1:PersistentLevel.TriangleMesh_C_0.ProceduralMesh.BodySetup_0 when we are unable to.
[2019.02.15-20.14.14:803][248]LogPhysics: Error: PHYSX: (D:\Build\++UE4+Release-4.17+PhysX_Compile\Sync\Engine\Source\ThirdParty\PhysX\PhysX_3.4\Source\PhysXCooking\src\mesh\TriangleMeshBuilder.cpp 802) eINVALID_PARAMETER : TriangleMesh::loadFromDesc: desc.isValid() failed!
[2019.02.15-20.14.14:803][248]LogPhysics: Warning: Failed to cook TriMesh: /Engine/Transient.World_1:PersistentLevel.TriangleMesh_C_0.ProceduralMesh.
[2019.02.15-20.14.14:803][248]LogPhysics: Warning: Attempt to build physics data for /Engine/Transient.World_1:PersistentLevel.TriangleMesh_C_0.ProceduralMesh.BodySetup_0 when we are unable to.
[2019.02.15-20.14.14:803][248]LogPhysics: Error: PHYSX: (D:\Build\++UE4+Release-4.17+PhysX_Compile\Sync\Engine\Source\ThirdParty\PhysX\PhysX_3.4\Source\PhysXCooking\src\mesh\TriangleMeshBuilder.cpp 802) eINVALID_PARAMETER : TriangleMesh::loadFromDesc: desc.isValid() failed!
[2019.02.15-20.14.14:803][248]LogPhysics: Warning: Failed to cook TriMesh: /Engine/Transient.World_1:PersistentLevel.TriangleMesh_C_0.ProceduralMesh.
[2019.02.15-20.14.14:803][248]LogPhysics: Warning: Attempt to build physics data for /Engine/Transient.World_1:PersistentLevel.TriangleMesh_C_0.ProceduralMesh.BodySetup_0 when we are unable to.
[2019.02.15-20.14.14:869][248]LogPhysics: Error: PHYSX: (D:\Build\++UE4+Release-4.17+PhysX_Compile\Sync\Engine\Source\ThirdParty\PhysX\PhysX_3.4\Source\PhysXCooking\src\mesh\TriangleMeshBuilder.cpp 802) eINVALID_PARAMETER : TriangleMesh::loadFromDesc: desc.isValid() failed!
[2019.02.15-20.14.14:869][248]LogPhysics: Warning: Failed to cook TriMesh: /Game/StarterContent/Maps/Minimal_Default.Minimal_Default:PersistentLevel.TriangleMesh_173.ProceduralMesh.
[2019.02.15-20.14.14:869][248]LogPhysics: Warning: Attempt to build physics data for /Game/StarterContent/Maps/Minimal_Default.Minimal_Default:PersistentLevel.TriangleMesh_173.ProceduralMesh.BodySetup_0 when we are unable to.
[2019.02.15-20.14.14:869][248]LogPhysics: Error: PHYSX: (D:\Build\++UE4+Release-4.17+PhysX_Compile\Sync\Engine\Source\ThirdParty\PhysX\PhysX_3.4\Source\PhysXCooking\src\mesh\TriangleMeshBuilder.cpp 802) eINVALID_PARAMETER : TriangleMesh::loadFromDesc: desc.isValid() failed!
[2019.02.15-20.14.14:869][248]LogPhysics: Warning: Failed to cook TriMesh: /Game/StarterContent/Maps/Minimal_Default.Minimal_Default:PersistentLevel.TriangleMesh_173.ProceduralMesh.
[2019.02.15-20.14.14:869][248]LogPhysics: Warning: Attempt to build physics data for /Game/StarterContent/Maps/Minimal_Default.Minimal_Default:PersistentLevel.TriangleMesh_173.ProceduralMesh.BodySetup_0 when we are unable to.
[2019.02.15-20.14.14:869][248]LogPhysics: Error: PHYSX: (D:\Build\++UE4+Release-4.17+PhysX_Compile\Sync\Engine\Source\ThirdParty\PhysX\PhysX_3.4\Source\PhysXCooking\src\mesh\TriangleMeshBuilder.cpp 802) eINVALID_PARAMETER : TriangleMesh::loadFromDesc: desc.isValid() failed!
[2019.02.15-20.14.14:869][248]LogPhysics: Warning: Failed to cook TriMesh: /Game/StarterContent/Maps/Minimal_Default.Minimal_Default:PersistentLevel.TriangleMesh_173.ProceduralMesh.
[2019.02.15-20.14.14:869][248]LogPhysics: Warning: Attempt to build physics data for /Game/StarterContent/Maps/Minimal_Default.Minimal_Default:PersistentLevel.TriangleMesh_173.ProceduralMesh.BodySetup_0 when we are unable to.
[2019.02.15-20.14.14:869][248]LogPhysics: Error: PHYSX: (D:\Build\++UE4+Release-4.17+PhysX_Compile\Sync\Engine\Source\ThirdParty\PhysX\PhysX_3.4\Source\PhysXCooking\src\mesh\TriangleMeshBuilder.cpp 802) eINVALID_PARAMETER : TriangleMesh::loadFromDesc: desc.isValid() failed!
[2019.02.15-20.14.14:869][248]LogPhysics: Warning: Failed to cook TriMesh: /Game/StarterContent/Maps/Minimal_Default.Minimal_Default:PersistentLevel.TriangleMesh_173.ProceduralMesh.
[2019.02.15-20.14.14:870][248]LogPhysics: Warning: Attempt to build physics data for /Game/StarterContent/Maps/Minimal_Default.Minimal_Default:PersistentLevel.TriangleMesh_173.ProceduralMesh.BodySetup_0 when we are unable to.
[2019.02.15-20.14.14:870][248]LogPhysics: Error: PHYSX: (D:\Build\++UE4+Release-4.17+PhysX_Compile\Sync\Engine\Source\ThirdParty\PhysX\PhysX_3.4\Source\PhysXCooking\src\mesh\TriangleMeshBuilder.cpp 802) eINVALID_PARAMETER : TriangleMesh::loadFromDesc: desc.isValid() failed!
[2019.02.15-20.14.14:870][248]LogPhysics: Warning: Failed to cook TriMesh: /Game/StarterContent/Maps/Minimal_Default.Minimal_Default:PersistentLevel.TriangleMesh_173.ProceduralMesh.
[2019.02.15-20.14.14:870][248]LogPhysics: Warning: Attempt to build physics data for /Game/StarterContent/Maps/Minimal_Default.Minimal_Default:PersistentLevel.TriangleMesh_173.ProceduralMesh.BodySetup_0 when we are unable to.
[2019.02.15-20.14.14:870][248]LogPhysics: Error: PHYSX: (D:\Build\++UE4+Release-4.17+PhysX_Compile\Sync\Engine\Source\ThirdParty\PhysX\PhysX_3.4\Source\PhysXCooking\src\mesh\TriangleMeshBuilder.cpp 802) eINVALID_PARAMETER : TriangleMesh::loadFromDesc: desc.isValid() failed!
[2019.02.15-20.14.14:870][248]LogPhysics: Warning: Failed to cook TriMesh: /Game/StarterContent/Maps/Minimal_Default.Minimal_Default:PersistentLevel.TriangleMesh_173.ProceduralMesh.
[2019.02.15-20.14.14:870][248]LogPhysics: Warning: Attempt to build physics data for /Game/StarterContent/Maps/Minimal_Default.Minimal_Default:PersistentLevel.TriangleMesh_173.ProceduralMesh.BodySetup_0 when we are unable to.
[2019.02.15-20.14.14:870][248]LogPhysics: Error: PHYSX: (D:\Build\++UE4+Release-4.17+PhysX_Compile\Sync\Engine\Source\ThirdParty\PhysX\PhysX_3.4\Source\PhysXCooking\src\mesh\TriangleMeshBuilder.cpp 802) eINVALID_PARAMETER : TriangleMesh::loadFromDesc: desc.isValid() failed!
[2019.02.15-20.14.14:870][248]LogPhysics: Warning: Failed to cook TriMesh: /Game/StarterContent/Maps/Minimal_Default.Minimal_Default:PersistentLevel.TriangleMesh_173.ProceduralMesh.
[2019.02.15-20.14.14:870][248]LogPhysics: Warning: Attempt to build physics data for /Game/StarterContent/Maps/Minimal_Default.Minimal_Default:PersistentLevel.TriangleMesh_173.ProceduralMesh.BodySetup_0 when we are unable to.
[2019.02.15-20.14.14:870][248]LogPhysics: Error: PHYSX: (D:\Build\++UE4+Release-4.17+PhysX_Compile\Sync\Engine\Source\ThirdParty\PhysX\PhysX_3.4\Source\PhysXCooking\src\mesh\TriangleMeshBuilder.cpp 802) eINVALID_PARAMETER : TriangleMesh::loadFromDesc: desc.isValid() failed!
[2019.02.15-20.14.14:870][248]LogPhysics: Warning: Failed to cook TriMesh: /Game/StarterContent/Maps/Minimal_Default.Minimal_Default:PersistentLevel.TriangleMesh_173.ProceduralMesh.
[2019.02.15-20.14.14:870][248]LogPhysics: Warning: Attempt to build physics data for /Game/StarterContent/Maps/Minimal_Default.Minimal_Default:PersistentLevel.TriangleMesh_173.ProceduralMesh.BodySetup_0 when we are unable to.
[2019.02.15-20.14.14:870][248]LogPhysics: Error: PHYSX: (D:\Build\++UE4+Release-4.17+PhysX_Compile\Sync\Engine\Source\ThirdParty\PhysX\PhysX_3.4\Source\PhysXCooking\src\mesh\TriangleMeshBuilder.cpp 802) eINVALID_PARAMETER : TriangleMesh::loadFromDesc: desc.isValid() failed!
[2019.02.15-20.14.14:870][248]LogPhysics: Warning: Failed to cook TriMesh: /Game/StarterContent/Maps/Minimal_Default.Minimal_Default:PersistentLevel.TriangleMesh_173.ProceduralMesh.
[2019.02.15-20.14.14:870][248]LogPhysics: Warning: Attempt to build physics data for /Game/StarterContent/Maps/Minimal_Default.Minimal_Default:PersistentLevel.TriangleMesh_173.ProceduralMesh.BodySetup_0 when we are unable to.
[2019.02.15-20.14.14:870][248]LogPhysics: Error: PHYSX: (D:\Build\++UE4+Release-4.17+PhysX_Compile\Sync\Engine\Source\ThirdParty\PhysX\PhysX_3.4\Source\PhysXCooking\src\mesh\TriangleMeshBuilder.cpp 802) eINVALID_PARAMETER : TriangleMesh::loadFromDesc: desc.isValid() failed!
[2019.02.15-20.14.14:870][248]LogPhysics: Warning: Failed to cook TriMesh: /Game/StarterContent/Maps/Minimal_Default.Minimal_Default:PersistentLevel.TriangleMesh_173.ProceduralMesh.
[2019.02.15-20.14.14:870][248]LogPhysics: Warning: Attempt to build physics data for /Game/StarterContent/Maps/Minimal_Default.Minimal_Default:PersistentLevel.TriangleMesh_173.ProceduralMesh.BodySetup_0 when we are unable to.
[2019.02.15-20.14.14:873][248]LogPhysics: Error: PHYSX: (D:\Build\++UE4+Release-4.17+PhysX_Compile\Sync\Engine\Source\ThirdParty\PhysX\PhysX_3.4\Source\PhysXCooking\src\mesh\TriangleMeshBuilder.cpp 802) eINVALID_PARAMETER : TriangleMesh::loadFromDesc: desc.isValid() failed!
[2019.02.15-20.14.14:873][248]LogPhysics: Warning: Failed to cook TriMesh: /Engine/Transient.World_1:PersistentLevel.TriangleMesh_C_0.ProceduralMesh.
[2019.02.15-20.14.14:873][248]LogPhysics: Warning: Attempt to build physics data for /Engine/Transient.World_1:PersistentLevel.TriangleMesh_C_0.ProceduralMesh.BodySetup_0 when we are unable to.
[2019.02.15-20.14.14:873][248]LogPhysics: Error: PHYSX: (D:\Build\++UE4+Release-4.17+PhysX_Compile\Sync\Engine\Source\ThirdParty\PhysX\PhysX_3.4\Source\PhysXCooking\src\mesh\TriangleMeshBuilder.cpp 802) eINVALID_PARAMETER : TriangleMesh::loadFromDesc: desc.isValid() failed!
[2019.02.15-20.14.14:873][248]LogPhysics: Warning: Failed to cook TriMesh: /Engine/Transient.World_1:PersistentLevel.TriangleMesh_C_0.ProceduralMesh.
[2019.02.15-20.14.14:873][248]LogPhysics: Warning: Attempt to build physics data for /Engine/Transient.World_1:PersistentLevel.TriangleMesh_C_0.ProceduralMesh.BodySetup_0 when we are unable to.
[2019.02.15-20.14.14:873][248]LogPhysics: Error: PHYSX: (D:\Build\++UE4+Release-4.17+PhysX_Compile\Sync\Engine\Source\ThirdParty\PhysX\PhysX_3.4\Source\PhysXCooking\src\mesh\TriangleMeshBuilder.cpp 802) eINVALID_PARAMETER : TriangleMesh::loadFromDesc: desc.isValid() failed!
[2019.02.15-20.14.14:873][248]LogPhysics: Warning: Failed to cook TriMesh: /Engine/Transient.World_1:PersistentLevel.TriangleMesh_C_0.ProceduralMesh.
[2019.02.15-20.14.14:873][248]LogPhysics: Warning: Attempt to build physics data for /Engine/Transient.World_1:PersistentLevel.TriangleMesh_C_0.ProceduralMesh.BodySetup_0 when we are unable to.
[2019.02.15-20.14.14:873][248]LogPhysics: Error: PHYSX: (D:\Build\++UE4+Release-4.17+PhysX_Compile\Sync\Engine\Source\ThirdParty\PhysX\PhysX_3.4\Source\PhysXCooking\src\mesh\TriangleMeshBuilder.cpp 802) eINVALID_PARAMETER : TriangleMesh::loadFromDesc: desc.isValid() failed!
[2019.02.15-20.14.14:873][248]LogPhysics: Warning: Failed to cook TriMesh: /Engine/Transient.World_1:PersistentLevel.TriangleMesh_C_0.ProceduralMesh.
[2019.02.15-20.14.14:873][248]LogPhysics: Warning: Attempt to build physics data for /Engine/Transient.World_1:PersistentLevel.TriangleMesh_C_0.ProceduralMesh.BodySetup_0 when we are unable to.
[2019.02.15-20.14.14:874][248]LogPhysics: Error: PHYSX: (D:\Build\++UE4+Release-4.17+PhysX_Compile\Sync\Engine\Source\ThirdParty\PhysX\PhysX_3.4\Source\PhysXCooking\src\mesh\TriangleMeshBuilder.cpp 802) eINVALID_PARAMETER : TriangleMesh::loadFromDesc: desc.isValid() failed!
[2019.02.15-20.14.14:874][248]LogPhysics: Warning: Failed to cook TriMesh: /Engine/Transient.World_1:PersistentLevel.TriangleMesh_C_0.ProceduralMesh.
[2019.02.15-20.14.14:874][248]LogPhysics: Warning: Attempt to build physics data for /Engine/Transient.World_1:PersistentLevel.TriangleMesh_C_0.ProceduralMesh.BodySetup_0 when we are unable to.
[2019.02.15-20.14.14:874][248]LogPhysics: Error: PHYSX: (D:\Build\++UE4+Release-4.17+PhysX_Compile\Sync\Engine\Source\ThirdParty\PhysX\PhysX_3.4\Source\PhysXCooking\src\mesh\TriangleMeshBuilder.cpp 802) eINVALID_PARAMETER : TriangleMesh::loadFromDesc: desc.isValid() failed!
[2019.02.15-20.14.14:874][248]LogPhysics: Warning: Failed to cook TriMesh: /Engine/Transient.World_1:PersistentLevel.TriangleMesh_C_0.ProceduralMesh.
[2019.02.15-20.14.14:874][248]LogPhysics: Warning: Attempt to build physics data for /Engine/Transient.World_1:PersistentLevel.TriangleMesh_C_0.ProceduralMesh.BodySetup_0 when we are unable to.
[2019.02.15-20.14.14:874][248]LogPhysics: Error: PHYSX: (D:\Build\++UE4+Release-4.17+PhysX_Compile\Sync\Engine\Source\ThirdParty\PhysX\PhysX_3.4\Source\PhysXCooking\src\mesh\TriangleMeshBuilder.cpp 802) eINVALID_PARAMETER : TriangleMesh::loadFromDesc: desc.isValid() failed!
[2019.02.15-20.14.14:874][248]LogPhysics: Warning: Failed to cook TriMesh: /Engine/Transient.World_1:PersistentLevel.TriangleMesh_C_0.ProceduralMesh.
[2019.02.15-20.14.14:874][248]LogPhysics: Warning: Attempt to build physics data for /Engine/Transient.World_1:PersistentLevel.TriangleMesh_C_0.ProceduralMesh.BodySetup_0 when we are unable to.
[2019.02.15-20.14.14:874][248]LogPhysics: Error: PHYSX: (D:\Build\++UE4+Release-4.17+PhysX_Compile\Sync\Engine\Source\ThirdParty\PhysX\PhysX_3.4\Source\PhysXCooking\src\mesh\TriangleMeshBuilder.cpp 802) eINVALID_PARAMETER : TriangleMesh::loadFromDesc: desc.isValid() failed!
[2019.02.15-20.14.14:874][248]LogPhysics: Warning: Failed to cook TriMesh: /Engine/Transient.World_1:PersistentLevel.TriangleMesh_C_0.ProceduralMesh.
[2019.02.15-20.14.14:874][248]LogPhysics: Warning: Attempt to build physics data for /Engine/Transient.World_1:PersistentLevel.TriangleMesh_C_0.ProceduralMesh.BodySetup_0 when we are unable to.
[2019.02.15-20.14.14:874][248]LogPhysics: Error: PHYSX: (D:\Build\++UE4+Release-4.17+PhysX_Compile\Sync\Engine\Source\ThirdParty\PhysX\PhysX_3.4\Source\PhysXCooking\src\mesh\TriangleMeshBuilder.cpp 802) eINVALID_PARAMETER : TriangleMesh::loadFromDesc: desc.isValid() failed!
[2019.02.15-20.14.14:874][248]LogPhysics: Warning: Failed to cook TriMesh: /Engine/Transient.World_1:PersistentLevel.TriangleMesh_C_0.ProceduralMesh.
[2019.02.15-20.14.14:874][248]LogPhysics: Warning: Attempt to build physics data for /Engine/Transient.World_1:PersistentLevel.TriangleMesh_C_0.ProceduralMesh.BodySetup_0 when we are unable to.
[2019.02.15-20.14.14:874][248]LogPhysics: Error: PHYSX: (D:\Build\++UE4+Release-4.17+PhysX_Compile\Sync\Engine\Source\ThirdParty\PhysX\PhysX_3.4\Source\PhysXCooking\src\mesh\TriangleMeshBuilder.cpp 802) eINVALID_PARAMETER : TriangleMesh::loadFromDesc: desc.isValid() failed!
[2019.02.15-20.14.14:874][248]LogPhysics: Warning: Failed to cook TriMesh: /Engine/Transient.World_1:PersistentLevel.TriangleMesh_C_0.ProceduralMesh.
[2019.02.15-20.14.14:874][248]LogPhysics: Warning: Attempt to build physics data for /Engine/Transient.World_1:PersistentLevel.TriangleMesh_C_0.ProceduralMesh.BodySetup_0 when we are unable to.
[2019.02.15-20.14.14:891][248]Cmd: OBJ SAVEPACKAGE PACKAGE="/Game/Procedural/TriangleMesh" FILE="../../../../../../Workspace/Dev/VideoGames/UnrealEngine/ProceduralGame/ProceduralGame/Content/Procedural/TriangleMesh.uasset" SILENT=true
[2019.02.15-20.14.14:980][248]LogSavePackage: Save=85.08ms
[2019.02.15-20.14.14:980][248]LogSavePackage: Moving '../../../../../../Workspace/Dev/VideoGames/UnrealEngine/ProceduralGame/ProceduralGame/Saved/TriangleMeshDBCA941346219071B50BB1BAF09FBDBC.tmp' to '../../../../../../Workspace/Dev/VideoGames/UnrealEngine/ProceduralGame/ProceduralGame/Content/Procedural/TriangleMesh.uasset'
[2019.02.15-20.14.14:982][248]LogSavePackage: Display: Finished SavePackage ../../../../../../Workspace/Dev/VideoGames/UnrealEngine/ProceduralGame/ProceduralGame/Content/Procedural/TriangleMesh.uasset
[2019.02.15-20.14.26:366][583]BlueprintLog: New page: Compile TriangleMesh
[2019.02.15-20.14.26:598][583]Cmd: OBJ SAVEPACKAGE PACKAGE="/Game/Procedural/TriangleMesh" FILE="../../../../../../Workspace/Dev/VideoGames/UnrealEngine/ProceduralGame/ProceduralGame/Content/Procedural/TriangleMesh.uasset" SILENT=true
[2019.02.15-20.14.26:678][583]LogSavePackage: Save=75.74ms
[2019.02.15-20.14.26:678][583]LogSavePackage: Moving '../../../../../../Workspace/Dev/VideoGames/UnrealEngine/ProceduralGame/ProceduralGame/Saved/TriangleMesh8F9A446A416A7857D8B36A8D3ACCED14.tmp' to '../../../../../../Workspace/Dev/VideoGames/UnrealEngine/ProceduralGame/ProceduralGame/Content/Procedural/TriangleMesh.uasset'
[2019.02.15-20.14.26:680][583]LogSavePackage: Display: Finished SavePackage ../../../../../../Workspace/Dev/VideoGames/UnrealEngine/ProceduralGame/ProceduralGame/Content/Procedural/TriangleMesh.uasset
[2019.02.15-20.18.03:163][248]BlueprintLog: New page: Compile TriangleMesh
[2019.02.15-20.18.03:400][248]Cmd: OBJ SAVEPACKAGE PACKAGE="/Game/Procedural/TriangleMesh" FILE="../../../../../../Workspace/Dev/VideoGames/UnrealEngine/ProceduralGame/ProceduralGame/Content/Procedural/TriangleMesh.uasset" SILENT=true
[2019.02.15-20.18.03:482][248]LogSavePackage: Save=77.67ms
[2019.02.15-20.18.03:482][248]LogSavePackage: Moving '../../../../../../Workspace/Dev/VideoGames/UnrealEngine/ProceduralGame/ProceduralGame/Saved/TriangleMesh6754875A4EF6B1365C9BB6AB1B4F093E.tmp' to '../../../../../../Workspace/Dev/VideoGames/UnrealEngine/ProceduralGame/ProceduralGame/Content/Procedural/TriangleMesh.uasset'
[2019.02.15-20.18.03:484][248]LogSavePackage: Display: Finished SavePackage ../../../../../../Workspace/Dev/VideoGames/UnrealEngine/ProceduralGame/ProceduralGame/Content/Procedural/TriangleMesh.uasset
[2019.02.15-20.19.08:243][917]LogSavePackage: Save=27.72ms
[2019.02.15-20.19.08:244][917]LogSavePackage: Moving '../../../../../../Workspace/Dev/VideoGames/UnrealEngine/ProceduralGame/ProceduralGame/Saved/Minimal_Default_Auto35E29CEF5458FE3C3056AACB23F644C65.tmp' to '../../../../../../Workspace/Dev/VideoGames/UnrealEngine/ProceduralGame/ProceduralGame/Saved/Autosaves/Game/StarterContent/Maps/Minimal_Default_Auto3.umap'
[2019.02.15-20.19.08:499][917]LogSavePackage: Display: Finished SavePackage ../../../../../../Workspace/Dev/VideoGames/UnrealEngine/ProceduralGame/ProceduralGame/Saved/Autosaves/Game/StarterContent/Maps/Minimal_Default_Auto3.umap
[2019.02.15-20.19.08:500][917]LogFileHelpers: Editor autosave (incl. sublevels) for '/Game/StarterContent/Maps/Minimal_Default' took 0.302
[2019.02.15-20.19.08:500][917]LogFileHelpers: Editor autosave (incl. sublevels) for all levels took 0.302
[2019.02.15-20.19.26:487][ 42]BlueprintLog: New page: Compile TriangleMesh
[2019.02.15-20.19.26:725][ 42]Cmd: OBJ SAVEPACKAGE PACKAGE="/Game/Procedural/TriangleMesh" FILE="../../../../../../Workspace/Dev/VideoGames/UnrealEngine/ProceduralGame/ProceduralGame/Content/Procedural/TriangleMesh.uasset" SILENT=true
[2019.02.15-20.19.26:807][ 42]LogSavePackage: Save=76.63ms
[2019.02.15-20.19.26:807][ 42]LogSavePackage: Moving '../../../../../../Workspace/Dev/VideoGames/UnrealEngine/ProceduralGame/ProceduralGame/Saved/TriangleMesh3DB5A0794E42D0E0C935E8AE0687CC38.tmp' to '../../../../../../Workspace/Dev/VideoGames/UnrealEngine/ProceduralGame/ProceduralGame/Content/Procedural/TriangleMesh.uasset'
[2019.02.15-20.19.26:809][ 42]LogSavePackage: Display: Finished SavePackage ../../../../../../Workspace/Dev/VideoGames/UnrealEngine/ProceduralGame/ProceduralGame/Content/Procedural/TriangleMesh.uasset
[2019.02.15-20.21.45:104][405]BlueprintLog: New page: Compile TriangleMesh
[2019.02.15-20.21.45:347][405]Cmd: OBJ SAVEPACKAGE PACKAGE="/Game/Procedural/TriangleMesh" FILE="../../../../../../Workspace/Dev/VideoGames/UnrealEngine/ProceduralGame/ProceduralGame/Content/Procedural/TriangleMesh.uasset" SILENT=true
[2019.02.15-20.21.45:428][405]LogSavePackage: Save=76.43ms
[2019.02.15-20.21.45:428][405]LogSavePackage: Moving '../../../../../../Workspace/Dev/VideoGames/UnrealEngine/ProceduralGame/ProceduralGame/Saved/TriangleMesh13BF363F4022D089C7F6D0839759DBB1.tmp' to '../../../../../../Workspace/Dev/VideoGames/UnrealEngine/ProceduralGame/ProceduralGame/Content/Procedural/TriangleMesh.uasset'
[2019.02.15-20.21.45:430][405]LogSavePackage: Display: Finished SavePackage ../../../../../../Workspace/Dev/VideoGames/UnrealEngine/ProceduralGame/ProceduralGame/Content/Procedural/TriangleMesh.uasset
[2019.02.15-20.24.26:723][284]BlueprintLog: New page: Compile TriangleMesh
[2019.02.15-20.24.26:955][284]Cmd: OBJ SAVEPACKAGE PACKAGE="/Game/Procedural/TriangleMesh" FILE="../../../../../../Workspace/Dev/VideoGames/UnrealEngine/ProceduralGame/ProceduralGame/Content/Procedural/TriangleMesh.uasset" SILENT=true
[2019.02.15-20.24.27:034][284]LogSavePackage: Save=74.56ms
[2019.02.15-20.24.27:034][284]LogSavePackage: Moving '../../../../../../Workspace/Dev/VideoGames/UnrealEngine/ProceduralGame/ProceduralGame/Saved/TriangleMeshA73E1A054A77B07E7E85D68F7F4E42C9.tmp' to '../../../../../../Workspace/Dev/VideoGames/UnrealEngine/ProceduralGame/ProceduralGame/Content/Procedural/TriangleMesh.uasset'
[2019.02.15-20.24.27:036][284]LogSavePackage: Display: Finished SavePackage ../../../../../../Workspace/Dev/VideoGames/UnrealEngine/ProceduralGame/ProceduralGame/Content/Procedural/TriangleMesh.uasset
[2019.02.15-20.24.46:002][484]BlueprintLog: New page: Compile TriangleMesh
[2019.02.15-20.24.46:222][484]Cmd: OBJ SAVEPACKAGE PACKAGE="/Game/Procedural/TriangleMesh" FILE="../../../../../../Workspace/Dev/VideoGames/UnrealEngine/ProceduralGame/ProceduralGame/Content/Procedural/TriangleMesh.uasset" SILENT=true
[2019.02.15-20.24.46:300][484]LogSavePackage: Save=73.88ms
[2019.02.15-20.24.46:300][484]LogSavePackage: Moving '../../../../../../Workspace/Dev/VideoGames/UnrealEngine/ProceduralGame/ProceduralGame/Saved/TriangleMesh74C4F616474B41870B42AB801AABFBC0.tmp' to '../../../../../../Workspace/Dev/VideoGames/UnrealEngine/ProceduralGame/ProceduralGame/Content/Procedural/TriangleMesh.uasset'
[2019.02.15-20.24.46:302][484]LogSavePackage: Display: Finished SavePackage ../../../../../../Workspace/Dev/VideoGames/UnrealEngine/ProceduralGame/ProceduralGame/Content/Procedural/TriangleMesh.uasset
[2019.02.15-20.29.08:556][172]LogSavePackage: Save=27.72ms
[2019.02.15-20.29.08:556][172]LogSavePackage: Moving '../../../../../../Workspace/Dev/VideoGames/UnrealEngine/ProceduralGame/ProceduralGame/Saved/Minimal_Default_Auto455FC5F0D4EE5FEE2F20EF0B5C9FD139A.tmp' to '../../../../../../Workspace/Dev/VideoGames/UnrealEngine/ProceduralGame/ProceduralGame/Saved/Autosaves/Game/StarterContent/Maps/Minimal_Default_Auto4.umap'
[2019.02.15-20.29.08:590][172]LogSavePackage: Display: Finished SavePackage ../../../../../../Workspace/Dev/VideoGames/UnrealEngine/ProceduralGame/ProceduralGame/Saved/Autosaves/Game/StarterContent/Maps/Minimal_Default_Auto4.umap
[2019.02.15-20.29.08:592][172]LogFileHelpers: Editor autosave (incl. sublevels) for '/Game/StarterContent/Maps/Minimal_Default' took 0.082
[2019.02.15-20.29.08:592][172]LogFileHelpers: Editor autosave (incl. sublevels) for all levels took 0.082
[2019.02.15-20.30.52:313][118]BlueprintLog: New page: Compile TriangleMesh
[2019.02.15-20.30.52:533][118]Cmd: OBJ SAVEPACKAGE PACKAGE="/Game/Procedural/TriangleMesh" FILE="../../../../../../Workspace/Dev/VideoGames/UnrealEngine/ProceduralGame/ProceduralGame/Content/Procedural/TriangleMesh.uasset" SILENT=true
[2019.02.15-20.30.52:873][118]LogSavePackage: Save=74.18ms
[2019.02.15-20.30.52:873][118]LogSavePackage: Moving '../../../../../../Workspace/Dev/VideoGames/UnrealEngine/ProceduralGame/ProceduralGame/Saved/TriangleMesh9335D1004A34FD762A44568AB2204824.tmp' to '../../../../../../Workspace/Dev/VideoGames/UnrealEngine/ProceduralGame/ProceduralGame/Content/Procedural/TriangleMesh.uasset'
[2019.02.15-20.30.52:875][118]LogSavePackage: Display: Finished SavePackage ../../../../../../Workspace/Dev/VideoGames/UnrealEngine/ProceduralGame/ProceduralGame/Content/Procedural/TriangleMesh.uasset
[2019.02.15-20.32.06:331][512]BlueprintLog: New page: Compile TriangleMesh
[2019.02.15-20.32.06:551][512]Cmd: OBJ SAVEPACKAGE PACKAGE="/Game/Procedural/TriangleMesh" FILE="../../../../../../Workspace/Dev/VideoGames/UnrealEngine/ProceduralGame/ProceduralGame/Content/Procedural/TriangleMesh.uasset" SILENT=true
[2019.02.15-20.32.06:631][512]LogSavePackage: Save=75.12ms
[2019.02.15-20.32.06:631][512]LogSavePackage: Moving '../../../../../../Workspace/Dev/VideoGames/UnrealEngine/ProceduralGame/ProceduralGame/Saved/TriangleMesh742750D245EB3CF61EC4F2B553476461.tmp' to '../../../../../../Workspace/Dev/VideoGames/UnrealEngine/ProceduralGame/ProceduralGame/Content/Procedural/TriangleMesh.uasset'
[2019.02.15-20.32.06:633][512]LogSavePackage: Display: Finished SavePackage ../../../../../../Workspace/Dev/VideoGames/UnrealEngine/ProceduralGame/ProceduralGame/Content/Procedural/TriangleMesh.uasset
[2019.02.15-20.32.50:754][507]Cmd: OBJ SAVEPACKAGE PACKAGE="/Game/Procedural/TriangleMesh" FILE="../../../../../../Workspace/Dev/VideoGames/UnrealEngine/ProceduralGame/ProceduralGame/Content/Procedural/TriangleMesh.uasset" SILENT=true
[2019.02.15-20.32.50:839][507]LogSavePackage: Save=81.88ms
[2019.02.15-20.32.50:839][507]LogSavePackage: Moving '../../../../../../Workspace/Dev/VideoGames/UnrealEngine/ProceduralGame/ProceduralGame/Saved/TriangleMeshE92629694DF7A253D874E4ABA4A016EB.tmp' to '../../../../../../Workspace/Dev/VideoGames/UnrealEngine/ProceduralGame/ProceduralGame/Content/Procedural/TriangleMesh.uasset'
[2019.02.15-20.32.50:841][507]LogSavePackage: Display: Finished SavePackage ../../../../../../Workspace/Dev/VideoGames/UnrealEngine/ProceduralGame/ProceduralGame/Content/Procedural/TriangleMesh.uasset
[2019.02.15-20.32.52:085][651]BlueprintLog: New page: Compile TriangleMesh
[2019.02.15-20.33.16:422][442]BlueprintLog: New page: Compile TriangleMesh
