Log file open, 02/17/19 21:58:14
LogWindows: Failed to load 'aqProf.dll' (GetLastError=126)
LogWindows: File 'aqProf.dll' does not exist
LogWindows: Failed to load 'VSPerf140.dll' (GetLastError=126)
LogWindows: File 'VSPerf140.dll' does not exist
LogWindows: Failed to load 'VtuneApi.dll' (GetLastError=126)
LogWindows: File 'VtuneApi.dll' does not exist
LogWindows: Failed to load 'VtuneApi32e.dll' (GetLastError=126)
LogWindows: File 'VtuneApi32e.dll' does not exist
LogInit: Display: Running engine for game: ProceduralGame
LogPlatformFile: Not using cached read wrapper
LogInit: Display: RandInit(-203476580) SRandInit(-203476580).
LogTaskGraph: Started task graph with 5 named threads and 14 total threads with 3 sets of task threads.
LogStats: Stats thread started at 0.165469
LogD3D11RHI: Aftermath initialized
LogPluginManager: Mounting plugin Paper2D
LogPluginManager: Mounting plugin LightPropagationVolume
LogPluginManager: Mounting plugin CodeLiteSourceCodeAccess
LogPluginManager: Mounting plugin GitSourceControl
LogPluginManager: Mounting plugin KDevelopSourceCodeAccess
LogPluginManager: Mounting plugin NullSourceCodeAccess
LogPluginManager: Mounting plugin PerforceSourceControl
LogPluginManager: Mounting plugin SubversionSourceControl
LogPluginManager: Mounting plugin UObjectPlugin
LogPluginManager: Mounting plugin VisualStudioSourceCodeAccess
LogPluginManager: Mounting plugin XCodeSourceCodeAccess
LogPluginManager: Mounting plugin AssetManagerEditor
LogPluginManager: Mounting plugin AudioCapture
LogPluginManager: Mounting plugin FacialAnimation
LogPluginManager: Mounting plugin GameplayTagsEditor
LogPluginManager: Mounting plugin MobileLauncherProfileWizard
LogPluginManager: Mounting plugin PluginBrowser
LogPluginManager: Mounting plugin SpeedTreeImporter
LogPluginManager: Mounting plugin AlembicImporter
LogPluginManager: Mounting plugin CharacterAI
LogPluginManager: Mounting plugin HTML5Networking
LogPluginManager: Mounting plugin AndroidMedia
LogPluginManager: Mounting plugin AvfMedia
LogPluginManager: Mounting plugin MediaPlayerEditor
LogPluginManager: Mounting plugin WmfMedia
LogPluginManager: Mounting plugin TcpMessaging
LogPluginManager: Mounting plugin UdpMessaging
LogPluginManager: Mounting plugin LevelSequenceEditor
LogPluginManager: Mounting plugin MatineeToLevelSequence
LogPluginManager: Mounting plugin OnlineSubsystemGooglePlay
LogPluginManager: Mounting plugin OnlineSubsystemIOS
LogPluginManager: Mounting plugin OnlineSubsystem
LogPluginManager: Mounting plugin OnlineSubsystemNull
LogPluginManager: Mounting plugin OnlineSubsystemUtils
LogPluginManager: Mounting plugin AndroidDeviceProfileSelector
LogPluginManager: Mounting plugin AndroidMoviePlayer
LogPluginManager: Mounting plugin AndroidPermission
LogPluginManager: Mounting plugin AppleMoviePlayer
LogPluginManager: Mounting plugin ArchVisCharacter
LogPluginManager: Mounting plugin CableComponent
LogPluginManager: Mounting plugin CustomMeshComponent
LogPluginManager: Mounting plugin ExampleDeviceProfileSelector
LogPluginManager: Mounting plugin GoogleCloudMessaging
LogPluginManager: Mounting plugin ImmediatePhysics
LogPluginManager: Mounting plugin IOSDeviceProfileSelector
LogPluginManager: Mounting plugin LinuxDeviceProfileSelector
LogPluginManager: Mounting plugin LocationServicesBPLibrary
LogPluginManager: Mounting plugin MobilePatchingUtils
LogPluginManager: Mounting plugin OculusVR
LogPluginManager: Mounting plugin PhysXVehicles
LogPluginManager: Mounting plugin ProceduralMeshComponent
LogPluginManager: Mounting plugin RuntimePhysXCooking
LogPluginManager: Mounting plugin SteamVR
LogPluginManager: Mounting plugin WindowsMoviePlayer
LogInit: Using libcurl 7.47.1
LogInit:  - built for x86_64-pc-win32
LogInit:  - supports SSL with OpenSSL/1.0.2g
LogInit:  - supports HTTP deflate (compression) using libz 1.2.8
LogInit:  - other features:
LogInit:      CURL_VERSION_SSL
LogInit:      CURL_VERSION_LIBZ
LogInit:      CURL_VERSION_IPV6
LogInit:      CURL_VERSION_ASYNCHDNS
LogInit:      CURL_VERSION_LARGEFILE
LogInit:      CURL_VERSION_IDN
LogInit:  CurlRequestOptions (configurable via config and command line):
LogInit:  - bVerifyPeer = false  - Libcurl will NOT verify peer certificate
LogInit:  - bUseHttpProxy = false  - Libcurl will NOT use HTTP proxy
LogInit:  - bDontReuseConnections = false  - Libcurl will reuse connections
LogInit:  - CertBundlePath = nullptr  - Libcurl will use whatever was configured at build time.
LogInit: Build: ++UE4+Release-4.17-CL-3658906
LogInit: Engine Version: 4.17.2-3658906+++UE4+Release-4.17
LogInit: Compatible Engine Version: 4.17.0-3573198+++UE4+Release-4.17
LogInit: Net CL: 3573198
LogDevObjectVersion: Number of dev versions registered: 16
LogDevObjectVersion:   Dev-Blueprints (B0D832E4-1F89-4F0D-ACCF-7EB736FD4AA2): 10
LogDevObjectVersion:   Dev-Build (E1C64328-A22C-4D53-A36C-8E866417BD8C): 0
LogDevObjectVersion:   Dev-Core (375EC13C-06E4-48FB-B500-84F0262A717E): 2
LogDevObjectVersion:   Dev-Editor (E4B068ED-F494-42E9-A231-DA0B2E46BB41): 20
LogDevObjectVersion:   Dev-Framework (CFFC743F-43B0-4480-9391-14DF171D2073): 28
LogDevObjectVersion:   Dev-Mobile (B02B49B5-BB20-44E9-A304-32B752E40360): 0
LogDevObjectVersion:   Dev-Networking (A4E4105C-59A1-49B5-A7C5-40C4547EDFEE): 0
LogDevObjectVersion:   Dev-Online (39C831C9-5AE6-47DC-9A44-9C173E1C8E7C): 0
LogDevObjectVersion:   Dev-Physics (78F01B33-EBEA-4F98-B9B4-84EACCB95AA2): 0
LogDevObjectVersion:   Dev-Platform (6631380F-2D4D-43E0-8009-CF276956A95A): 0
LogDevObjectVersion:   Dev-Rendering (12F88B9F-8875-4AFC-A67C-D90C383ABD29): 19
LogDevObjectVersion:   Dev-Sequencer (7B5AE74C-D270-4C10-A958-57980B212A5A): 4
LogDevObjectVersion:   Dev-VR (D7296918-1DD6-4BDD-9DE2-64A83CC13884): 0
LogDevObjectVersion:   Dev-LoadTimes (C2A15278-BFE7-4AFE-6C17-90FF531DF755): 1
LogDevObjectVersion:   Private-Geometry (6EACA3D4-40EC-4CC1-B786-8BED09428FC5): 1
LogDevObjectVersion:   Dev-AnimPhys (29E575DD-E0A3-4627-9D10-D276232CDCEA): 7
LogInit: Compiled (64-bit): Sep 22 2017 13:47:16
LogInit: Compiled with Visual C++: 19.00.24215.01
LogInit: Build Configuration: Development
LogInit: Branch Name: ++UE4+Release-4.17
LogInit: Command line: -EpicPortal  -epicusername="mansartesteban" -epicuserid=bbe00aada9074c3ca612a1cc2aee7827 -epiclocale=fr-FR
LogInit: Base directory: D:/Software/UnrealEngine/UE_4.17/Engine/Binaries/Win64/
LogInit: Installed Engine Build: 1
LogInit: Presizing for max 8388607 objects, including 0 objects not considered by GC, pre-allocating 0 bytes for permanent pool.
LogInit: Object subsystem initialized
[2019.02.17-20.58.15:094][  0]LogInit: Selected Device Profile: [Windows]
[2019.02.17-20.58.15:094][  0]LogInit: Applying CVar settings loaded from the selected device profile: [Windows]
[2019.02.17-20.58.15:119][  0]LogInit: Computer: DESKTOP-9LVK4B6
[2019.02.17-20.58.15:119][  0]LogInit: User: GENOM
[2019.02.17-20.58.15:119][  0]LogInit: CPU Page size=4096, Cores=4
[2019.02.17-20.58.15:119][  0]LogInit: High frequency timer resolution =4.101565 MHz
[2019.02.17-20.58.15:119][  0]LogMemory: Memory total: Physical=16.0GB (16GB approx)
[2019.02.17-20.58.15:119][  0]LogMemory: Platform Memory Stats for Windows
[2019.02.17-20.58.15:120][  0]LogMemory: Process Physical Memory: 277.34 MB used, 277.34 MB peak
[2019.02.17-20.58.15:120][  0]LogMemory: Process Virtual Memory: 274.30 MB used, 274.30 MB peak
[2019.02.17-20.58.15:120][  0]LogMemory: Physical Memory: 5594.33 MB used,  10742.09 MB free, 16336.42 MB total
[2019.02.17-20.58.15:120][  0]LogMemory: Virtual Memory: 4785.98 MB used,  10742.09 MB free, 134217728.00 MB total
[2019.02.17-20.58.15:240][  0]LogInit: Using OS detected language (fr-FR).
[2019.02.17-20.58.15:241][  0]LogInit: Using OS detected locale (fr-FR).
[2019.02.17-20.58.15:243][  0]LogTextLocalizationManager: No localization for 'fr-FR' exists, so 'en' will be used for the language.
[2019.02.17-20.58.15:244][  0]LogTextLocalizationManager: No localization for 'fr-FR' exists, so 'en' will be used for the locale.
[2019.02.17-20.58.15:775][  0]LogD3D11RHI: D3D11 adapters:
[2019.02.17-20.58.15:831][  0]LogD3D11RHI:    0. 'NVIDIA GeForce GTX 1080' (Feature Level 11_0)
[2019.02.17-20.58.15:831][  0]LogD3D11RHI:       8086/0/8168 MB DedicatedVideo/DedicatedSystem/SharedSystem, Outputs:2, VendorId:0x10de
[2019.02.17-20.58.15:833][  0]LogD3D11RHI:    1. 'Microsoft Basic Render Driver' (Feature Level 11_0)
[2019.02.17-20.58.15:833][  0]LogD3D11RHI:       0/0/8168 MB DedicatedVideo/DedicatedSystem/SharedSystem, Outputs:0, VendorId:0x1414
[2019.02.17-20.58.15:833][  0]LogD3D11RHI: Chosen D3D11 Adapter: 0
[2019.02.17-20.58.15:839][  0]LogD3D11RHI: Creating new Direct3DDevice
[2019.02.17-20.58.15:839][  0]LogD3D11RHI:     GPU DeviceId: 0x1b80 (for the marketing name, search the web for "GPU Device Id")
[2019.02.17-20.58.15:839][  0]LogWindows: EnumDisplayDevices:
[2019.02.17-20.58.15:839][  0]LogWindows:    0. 'NVIDIA GeForce GTX 1080' (P:0 D:1)
[2019.02.17-20.58.15:839][  0]LogWindows:    1. 'NVIDIA GeForce GTX 1080' (P:1 D:1)
[2019.02.17-20.58.15:840][  0]LogWindows:    2. 'NVIDIA GeForce GTX 1080' (P:0 D:0)
[2019.02.17-20.58.15:840][  0]LogWindows:    3. 'NVIDIA GeForce GTX 1080' (P:0 D:0)
[2019.02.17-20.58.15:840][  0]LogWindows: DebugString: GetVideoDriverDetailsInvalid PrimaryIsNotTheChoosenAdapter GetVideoDriverDetailsInvalid PrimaryIsNotTheChoosenAdapter GetVideoDriverDetailsInvalid PrimaryIsNotTheChoosenAdapter GetVideoDriverDetailsInvalid PrimaryIsNotTheChoosenAdapter FoundDriverCount:0 
[2019.02.17-20.58.15:840][  0]LogD3D11RHI:     Adapter Name: NVIDIA GeForce GTX 1080
[2019.02.17-20.58.15:840][  0]LogD3D11RHI:   Driver Version: Unknown (internal:Unknown, unified:Unknown)
[2019.02.17-20.58.15:840][  0]LogD3D11RHI:      Driver Date: Unknown
[2019.02.17-20.58.15:840][  0]LogRHI: Texture pool is 1361 MB (70% of 1945 MB)
[2019.02.17-20.58.15:869][  0]LogD3D11RHI: Async texture creation enabled
[2019.02.17-20.58.15:878][  0]LogD3D11RHI: GPU Timing Frequency: 1000.000000 (Debug: 2 1)
[2019.02.17-20.58.15:929][  0]LogShaderCompilers: Guid format shader working directory is -39 characters bigger than the processId version (../../../../../../Workspace/Dev/VideoGames/UnrealEngine/ProceduralGame/ProceduralGame/Intermediate/Shaders/WorkingDirectory/1184/).
[2019.02.17-20.58.15:929][  0]LogShaderCompilers: Cleaned the shader compiler working directory 'C:/Users/GENOM/AppData/Local/Temp/UnrealShaderWorkingDir/D76294E64DA561BC76E3FA8B75C546D6/'.
[2019.02.17-20.58.15:929][  0]LogShaderCompilers: Display: Using Local Shader Compiler.
[2019.02.17-20.58.16:584][  0]LogTemp: Display: Loaded TP AllDesktopTargetPlatform
[2019.02.17-20.58.16:622][  0]LogTemp: Display: Loaded TP MacClientTargetPlatform
[2019.02.17-20.58.16:661][  0]LogTemp: Display: Loaded TP MacNoEditorTargetPlatform
[2019.02.17-20.58.16:728][  0]LogTemp: Display: Loaded TP MacServerTargetPlatform
[2019.02.17-20.58.16:771][  0]LogTemp: Display: Loaded TP MacTargetPlatform
[2019.02.17-20.58.16:810][  0]LogTemp: Display: Loaded TP WindowsClientTargetPlatform
[2019.02.17-20.58.16:850][  0]LogTemp: Display: Loaded TP WindowsNoEditorTargetPlatform
[2019.02.17-20.58.16:889][  0]LogTemp: Display: Loaded TP WindowsServerTargetPlatform
[2019.02.17-20.58.16:925][  0]LogTemp: Display: Loaded TP WindowsTargetPlatform
[2019.02.17-20.58.16:968][  0]LogTemp: Display: Loaded TP AndroidTargetPlatform
[2019.02.17-20.58.17:039][  0]LogTemp: Display: Loaded TP Android_ASTCTargetPlatform
[2019.02.17-20.58.17:078][  0]LogTemp: Display: Loaded TP Android_ATCTargetPlatform
[2019.02.17-20.58.17:115][  0]LogTemp: Display: Loaded TP Android_DXTTargetPlatform
[2019.02.17-20.58.17:166][  0]LogTemp: Display: Loaded TP Android_ETC1TargetPlatform
[2019.02.17-20.58.17:206][  0]LogTemp: Display: Loaded TP Android_ETC2TargetPlatform
[2019.02.17-20.58.17:281][  0]LogTemp: Display: Loaded TP Android_MultiTargetPlatform
[2019.02.17-20.58.17:281][  0]LogTemp: Display: Loaded TP Android_PVRTCTargetPlatform
[2019.02.17-20.58.17:312][  0]LogTemp: Display: Loaded TP HTML5TargetPlatform
[2019.02.17-20.58.17:388][  0]LogTemp: Display: Loaded TP IOSTargetPlatform
[2019.02.17-20.58.17:409][  0]LogTemp: Display: Loaded TP TVOSTargetPlatform
[2019.02.17-20.58.17:447][  0]LogTemp: Display: Loaded TP LinuxClientTargetPlatform
[2019.02.17-20.58.17:483][  0]LogTemp: Display: Loaded TP LinuxNoEditorTargetPlatform
[2019.02.17-20.58.17:520][  0]LogTemp: Display: Loaded TP LinuxServerTargetPlatform
[2019.02.17-20.58.17:559][  0]LogTemp: Display: Loaded TP LinuxTargetPlatform
[2019.02.17-20.58.17:559][  0]LogTargetPlatformManager: Display: Building Assets For Windows
[2019.02.17-20.58.17:956][  0]LogDerivedDataCache: Display: Max Cache Size: 512 MB
[2019.02.17-20.58.18:032][  0]LogDerivedDataCache: Loaded boot cache 0.08s 93MB C:/Users/GENOM/AppData/Local/UnrealEngine/4.17/DerivedDataCache/Boot.ddc.
[2019.02.17-20.58.18:032][  0]LogDerivedDataCache: Display: Loaded Boot cache: C:/Users/GENOM/AppData/Local/UnrealEngine/4.17/DerivedDataCache/Boot.ddc
[2019.02.17-20.58.18:033][  0]LogDerivedDataCache: FDerivedDataBackendGraph:  Pak pak cache file ../../../../../../Workspace/Dev/VideoGames/UnrealEngine/ProceduralGame/ProceduralGame/DerivedDataCache/DDC.ddp not found, will not use a pak cache.
[2019.02.17-20.58.18:033][  0]LogDerivedDataCache: Unable to find inner node Pak for hierarchical cache Hierarchy.
[2019.02.17-20.58.18:033][  0]LogDerivedDataCache: FDerivedDataBackendGraph:  CompressedPak pak cache file ../../../../../../Workspace/Dev/VideoGames/UnrealEngine/ProceduralGame/ProceduralGame/DerivedDataCache/Compressed.ddp not found, will not use a pak cache.
[2019.02.17-20.58.18:033][  0]LogDerivedDataCache: Unable to find inner node CompressedPak for hierarchical cache Hierarchy.
[2019.02.17-20.58.18:044][  0]LogDerivedDataCache: Display: Pak cache opened for reading ../../../Engine/DerivedDataCache/Compressed.ddp.
[2019.02.17-20.58.18:056][  0]LogDerivedDataCache: Using Local data cache path C:/Users/GENOM/AppData/Local/UnrealEngine/Common/DerivedDataCache: Writable
[2019.02.17-20.58.18:063][  0]LogMaterial: Verifying Global Shaders for PCD3D_SM5
[2019.02.17-20.58.18:064][  0]LogSlate: Using Freetype 2.6.0
[2019.02.17-20.58.18:064][  0]LogSlate: SlateFontCache - WITH_FREETYPE: 1, WITH_HARFBUZZ: 1
[2019.02.17-20.58.18:064][  0]LogSlate: SlateFontCache - WITH_FREETYPE: 1, WITH_HARFBUZZ: 1
[2019.02.17-20.58.18:296][  0]LogAssetRegistry: FAssetRegistry took 0.0260 seconds to start up
[2019.02.17-20.58.18:383][  0]LogInit: Selected Device Profile: [Windows]
[2019.02.17-20.58.18:504][  0]LogContentStreaming: Texture pool size is 0.00 MB
[2019.02.17-20.58.18:741][  0]LogSimplygon: Simplygon DLL not present - disabling.
[2019.02.17-20.58.18:987][  0]LogMeshReduction: Using SimplygonSwarm for distributed automatic mesh merging
[2019.02.17-20.58.18:987][  0]LogMeshReduction: Using QuadricMeshReduction for automatic static mesh reduction
[2019.02.17-20.58.18:987][  0]LogMeshReduction: No automatic skeletal mesh reduction module available
[2019.02.17-20.58.18:987][  0]LogMeshReduction: No automatic mesh merging module available
[2019.02.17-20.58.18:987][  0]LogMeshMerging: No automatic mesh merging module available
[2019.02.17-20.58.19:367][  0]LogNetVersion: ProceduralGame , NetCL: 3573198, EngineNetVer: 2, GameNetVer: 0 (Checksum: 561059596)
[2019.02.17-20.58.19:692][  0]LogPackageLocalizationCache: Processed 5 localized package path(s) for 1 prioritized culture(s) in 0.035356 seconds
[2019.02.17-20.58.19:697][  0]LogUObjectArray: 35825 objects as part of root set at end of initial load.
[2019.02.17-20.58.19:697][  0]LogUObjectAllocator: 7529112 out of 0 bytes used by permanent object pool.
[2019.02.17-20.58.19:697][  0]LogUObjectArray: CloseDisregardForGC: 0/0 objects in disregard for GC pool
[2019.02.17-20.58.19:752][  0]LogInit: WinSock: version 1.1 (2.2), MaxSocks=32767, MaxUdp=65467
[2019.02.17-20.58.22:241][  0]LogTcpMessaging: Initializing TcpMessaging bridge
[2019.02.17-20.58.22:287][  0]LogUdpMessaging: Initializing bridge on interface 0.0.0.0:0 to multicast group 230.0.0.1:6666.
[2019.02.17-20.58.22:978][  0]LogMaterial: Uniform references updated for custom material expression Custom.
[2019.02.17-20.58.23:375][  0]SourceControl: Source control is disabled
[2019.02.17-20.58.23:376][  0]SourceControl: Source control is disabled
[2019.02.17-20.58.23:424][  0]SourceControl: Source control is disabled
[2019.02.17-20.58.23:474][  0]SourceControl: Source control is disabled
[2019.02.17-20.58.24:079][  0]LogAndroidPermission: UAndroidPermissionCallbackProxy::GetInstance
[2019.02.17-20.58.24:318][  0]LogOcInput: OculusInput pre-init called
[2019.02.17-20.58.24:574][  0]LogEngine: Initializing Engine...
[2019.02.17-20.58.24:576][  0]LogHMD: Failed to initialize OpenVR with code 110
[2019.02.17-20.58.24:753][  0]LogStats: UGameplayTagsManager::ConstructGameplayTagTree: Construct from data asset -  0.000 s
[2019.02.17-20.58.24:753][  0]LogStats: UGameplayTagsManager::ConstructGameplayTagTree: GameplayTagTreeChangedEvent.Broadcast -  0.000 s
[2019.02.17-20.58.24:869][  0]LogAIModule: Creating AISystem for world Untitled
[2019.02.17-20.58.24:892][  0]LogInit: XAudio2 using 'Casque pour téléphone (Corsair VOID PRO USB Gaming Headset)' : 6 channels at 48 kHz using 16 bits per sample (channel mask 0x3f)
[2019.02.17-20.58.25:051][  0]LogInit: FAudioDevice initialized.
[2019.02.17-20.58.25:112][  0]LogDerivedDataCache: Saved boot cache 0.06s 93MB C:/Users/GENOM/AppData/Local/UnrealEngine/4.17/DerivedDataCache/Boot.ddc.
[2019.02.17-20.58.25:131][  0]LogInit: Texture streaming: Enabled
[2019.02.17-20.58.25:231][  0]LogEngineSessionManager: EngineSessionManager initialized
[2019.02.17-20.58.25:433][  0]LogInit: Transaction tracking system initialized
[2019.02.17-20.58.25:685][  0]BlueprintLog: New page: Editor Load
[2019.02.17-20.58.26:502][  0]LocalizationService: Localization service is disabled
[2019.02.17-20.58.27:153][  0]LogConsoleResponse: Display: 
[2019.02.17-20.58.27:323][  0]LogCook: Display: Max memory allowance for cook 16384mb min free memory 0mb
[2019.02.17-20.58.27:323][  0]LogCook: Display: Mobile HDR setting 1
[2019.02.17-20.58.27:323][  0]LogGameplayTags: Display: UGameplayTagsManager::DoneAddingNativeTags. DelegateIsBound: 0
[2019.02.17-20.58.28:318][  0]LogFileCache: Scanning file cache for directory 'D:/Workspace/Dev/VideoGames/UnrealEngine/ProceduralGame/ProceduralGame/Content/' took 0.01s
[2019.02.17-20.58.28:359][  0]SourceControl: Source control is disabled
[2019.02.17-20.58.28:359][  0]Cmd: MAP LOAD FILE="../../../../../../Workspace/Dev/VideoGames/UnrealEngine/ProceduralGame/ProceduralGame/Content/StarterContent/Maps/Minimal_Default.umap" TEMPLATE=0 SHOWPROGRESS=1 FEATURELEVEL=3
[2019.02.17-20.58.28:359][  0]LightingResults: New page: Lighting Build
[2019.02.17-20.58.28:403][  0]MapCheck: New page: Map Check
[2019.02.17-20.58.28:403][  0]LightingResults: New page: Lighting Build
[2019.02.17-20.58.28:865][  0]LogAIModule: Creating AISystem for world Minimal_Default
[2019.02.17-20.58.28:911][  0]LogEditorServer: Finished looking for orphan Actors (0.000 secs)
[2019.02.17-20.58.28:919][  0]Cmd: MAP CHECKDEP NOCLEARLOG
[2019.02.17-20.58.28:974][  0]MapCheck: Map check complete: 0 Error(s), 0 Warning(s), took 53.751ms to complete.
[2019.02.17-20.58.28:974][  0]LogFileHelpers: Loading map 'Minimal_Default' took 0.615
[2019.02.17-20.58.29:557][  0]LogCollectionManager: Loaded 0 collections in 0.002116 seconds
[2019.02.17-20.58.29:747][  0]LogFileCache: Scanning file cache for directory 'D:/Workspace/Dev/VideoGames/UnrealEngine/ProceduralGame/ProceduralGame/Saved/Collections/' took 0.01s
[2019.02.17-20.58.29:747][  0]LogFileCache: Scanning file cache for directory 'D:/Workspace/Dev/VideoGames/UnrealEngine/ProceduralGame/ProceduralGame/Content/Developers/GENOM/Collections/' took 0.01s
[2019.02.17-20.58.29:747][  0]LogFileCache: Scanning file cache for directory 'D:/Workspace/Dev/VideoGames/UnrealEngine/ProceduralGame/ProceduralGame/Content/Collections/' took 0.01s
[2019.02.17-20.58.29:747][  0]LogCollectionManager: Rebuilt the GUID cache for 0 collections in 0.000000 seconds
[2019.02.17-20.58.29:758][  0]LogContentBrowser: Native class hierarchy populated in 0.0089 seconds. Added 2386 classes and 500 folders.
[2019.02.17-20.58.29:853][  0]LogContentBrowser: Native class hierarchy updated for 'WidgetCarousel' in 0.0012 seconds. Added 0 classes and 0 folders.
[2019.02.17-20.58.30:918][  0]LogContentBrowser: Native class hierarchy updated for 'AddContentDialog' in 0.0007 seconds. Added 0 classes and 0 folders.
[2019.02.17-20.58.31:067][  0]LogContentBrowser: Native class hierarchy updated for 'SceneOutliner' in 0.0005 seconds. Added 1 classes and 2 folders.
[2019.02.17-20.58.31:915][  0]LogContentBrowser: Native class hierarchy updated for 'HierarchicalLODOutliner' in 0.0005 seconds. Added 1 classes and 2 folders.
[2019.02.17-20.58.31:915][  0]LogLoad: (Engine Initialization) Total time: 18.97 seconds
[2019.02.17-20.58.31:915][  0]LogLoad: (Engine Initialization) Total Blueprint compile time: 0.00 seconds
[2019.02.17-20.58.31:916][  0]LogExternalProfiler: No external profilers were discovered.  External profiling features will not be available.
[2019.02.17-20.58.32:345][  0]LogAssetRegistry: Asset discovery search completed in 14.0717 seconds
[2019.02.17-20.58.32:347][  0]LogCollectionManager: Rebuilt the object cache for 0 collections in 0.000000 seconds (found 0 objects)
[2019.02.17-20.58.32:347][  0]LogCollectionManager: Fixed up redirectors for 0 collections in 0.000049 seconds (updated 0 objects)
[2019.02.17-20.58.32:425][  0]LogContentStreaming: Texture pool size now 1000 MB
[2019.02.17-20.58.32:431][  0]LogSlate: Took 0.000178 seconds to synchronously load lazily loaded font '../../../Engine/Content/Slate/Fonts/Roboto-Regular.ttf' (155K)
[2019.02.17-20.58.32:433][  0]LogSlate: Took 0.000140 seconds to synchronously load lazily loaded font '../../../Engine/Content/Slate/Fonts/Roboto-Bold.ttf' (160K)
[2019.02.17-20.58.32:530][  0]LogSlate: Took 0.017149 seconds to synchronously load lazily loaded font '../../../Engine/Content/Editor/Slate/Fonts/FontAwesome.ttf' (139K)
[2019.02.17-20.58.32:601][  0]LogSlate: Took 0.034683 seconds to synchronously load lazily loaded font '../../../Engine/Content/Editor/Slate/Fonts/DroidSansMono.ttf' (77K)
[2019.02.17-20.58.33:224][  1]LogRenderer: Reallocating scene render targets to support 804x400 Format 10 NumSamples 1 (Frame:1).
[2019.02.17-20.58.33:695][  2]LogSlate: Took 0.017068 seconds to synchronously load lazily loaded font '../../../Engine/Content/Slate/Fonts/Roboto-Light.ttf' (159K)
[2019.02.17-21.12.04:925][576]LogRenderer: Reallocating scene render targets to support 1208x636 Format 10 NumSamples 1 (Frame:147).
[2019.02.17-21.12.06:841][769]LogSlate: Took 0.000230 seconds to synchronously load lazily loaded font '../../../Engine/Content/Slate/Fonts/Roboto-Light.ttf' (159K)
[2019.02.17-21.12.08:118][903]LogSlate: Took 0.000195 seconds to synchronously load lazily loaded font '../../../Engine/Content/Slate/Fonts/Roboto-Light.ttf' (159K)
[2019.02.17-21.12.08:805][903]LogSlate: Took 0.000171 seconds to synchronously load lazily loaded font '../../../Engine/Content/Slate/Fonts/Roboto-Regular.ttf' (155K)
[2019.02.17-21.12.09:068][903]LogContentBrowser: Native class hierarchy updated for 'BlueprintGraph' in 0.0007 seconds. Added 113 classes and 0 folders.
[2019.02.17-21.12.10:979][903]LogSlate: Took 0.020473 seconds to synchronously load lazily loaded font '../../../Engine/Content/Editor/Slate/Fonts/Roboto-BoldCondensed.ttf' (158K)
[2019.02.17-21.13.52:475][873]LogSlate: Took 0.013225 seconds to synchronously load lazily loaded font '../../../Engine/Content/Editor/Slate/Fonts/Roboto-BoldCondensedItalic.ttf' (160K)
[2019.02.17-21.14.06:877][588]BlueprintLog: New page: Compile Planet
[2019.02.17-21.14.07:719][588]Cmd: OBJ SAVEPACKAGE PACKAGE="/Game/Procedural/Planet" FILE="../../../../../../Workspace/Dev/VideoGames/UnrealEngine/ProceduralGame/ProceduralGame/Content/Procedural/Planet.uasset" SILENT=true
[2019.02.17-21.14.08:069][588]LogSavePackage: Save=244.46ms
[2019.02.17-21.14.08:069][588]LogSavePackage: Moving '../../../../../../Workspace/Dev/VideoGames/UnrealEngine/ProceduralGame/ProceduralGame/Saved/PlanetDF03700246313F4BA01DB499B648BD7D.tmp' to '../../../../../../Workspace/Dev/VideoGames/UnrealEngine/ProceduralGame/ProceduralGame/Content/Procedural/Planet.uasset'
[2019.02.17-21.14.08:071][588]LogSavePackage: Display: Finished SavePackage ../../../../../../Workspace/Dev/VideoGames/UnrealEngine/ProceduralGame/ProceduralGame/Content/Procedural/Planet.uasset
[2019.02.17-21.15.50:597][776]LogSavePackage: Save=103.24ms
[2019.02.17-21.15.50:597][776]LogSavePackage: Moving '../../../../../../Workspace/Dev/VideoGames/UnrealEngine/ProceduralGame/ProceduralGame/Saved/Minimal_Default_Auto13F1A578F40CEF68790E932989C64D98E.tmp' to '../../../../../../Workspace/Dev/VideoGames/UnrealEngine/ProceduralGame/ProceduralGame/Saved/Autosaves/Game/StarterContent/Maps/Minimal_Default_Auto1.umap'
[2019.02.17-21.15.50:598][776]LogSavePackage: Display: Finished SavePackage ../../../../../../Workspace/Dev/VideoGames/UnrealEngine/ProceduralGame/ProceduralGame/Saved/Autosaves/Game/StarterContent/Maps/Minimal_Default_Auto1.umap
[2019.02.17-21.15.50:600][776]LogFileHelpers: Editor autosave (incl. sublevels) for '/Game/StarterContent/Maps/Minimal_Default' took 0.447
[2019.02.17-21.15.50:600][776]LogFileHelpers: Editor autosave (incl. sublevels) for all levels took 0.447
[2019.02.17-21.15.50:624][776]OBJ SavePackage: Generating thumbnails for [0] asset(s) in package [/Game/Procedural/Planet] ([1] browsable assets)...
[2019.02.17-21.15.50:624][776]OBJ SavePackage: Finished generating thumbnails for package [/Game/Procedural/Planet]
[2019.02.17-21.15.50:758][776]LogSavePackage: Save=129.68ms
[2019.02.17-21.15.50:758][776]LogSavePackage: Moving '../../../../../../Workspace/Dev/VideoGames/UnrealEngine/ProceduralGame/ProceduralGame/Saved/Planet_Auto1F7473D06485C044FDBF068B3EA842EA3.tmp' to '../../../../../../Workspace/Dev/VideoGames/UnrealEngine/ProceduralGame/ProceduralGame/Saved/Autosaves/Game/Procedural/Planet_Auto1.uasset'
[2019.02.17-21.15.50:819][776]LogSavePackage: Display: Finished SavePackage ../../../../../../Workspace/Dev/VideoGames/UnrealEngine/ProceduralGame/ProceduralGame/Saved/Autosaves/Game/Procedural/Planet_Auto1.uasset
[2019.02.17-21.15.50:819][776]LogFileHelpers: Auto-saving content packages took 0.218
[2019.02.17-21.16.41:824][846]Cmd: OBJ SAVEPACKAGE PACKAGE="/Game/Procedural/Planet" FILE="../../../../../../Workspace/Dev/VideoGames/UnrealEngine/ProceduralGame/ProceduralGame/Content/Procedural/Planet.uasset" SILENT=true
[2019.02.17-21.16.41:962][846]LogSavePackage: Save=132.18ms
[2019.02.17-21.16.41:962][846]LogSavePackage: Moving '../../../../../../Workspace/Dev/VideoGames/UnrealEngine/ProceduralGame/ProceduralGame/Saved/PlanetC93B91BF4B86252C268B6B8ACAFEA284.tmp' to '../../../../../../Workspace/Dev/VideoGames/UnrealEngine/ProceduralGame/ProceduralGame/Content/Procedural/Planet.uasset'
[2019.02.17-21.16.41:964][846]LogSavePackage: Display: Finished SavePackage ../../../../../../Workspace/Dev/VideoGames/UnrealEngine/ProceduralGame/ProceduralGame/Content/Procedural/Planet.uasset
[2019.02.17-21.19.14:984][ 72]LogSlate: Took 0.300971 seconds to synchronously load lazily loaded font '../../../Engine/Content/Editor/Slate/Fonts/Roboto-Italic.ttf' (157K)
[2019.02.17-21.25.49:125][119]BlueprintLog: New page: Compile Planet
[2019.02.17-21.25.49:559][119]Cmd: OBJ SAVEPACKAGE PACKAGE="/Game/Procedural/Planet" FILE="../../../../../../Workspace/Dev/VideoGames/UnrealEngine/ProceduralGame/ProceduralGame/Content/Procedural/Planet.uasset" SILENT=true
[2019.02.17-21.25.49:706][119]LogSavePackage: Save=137.91ms
[2019.02.17-21.25.49:706][119]LogSavePackage: Moving '../../../../../../Workspace/Dev/VideoGames/UnrealEngine/ProceduralGame/ProceduralGame/Saved/Planet483BF3DE44621C8AF0826189D1CD5561.tmp' to '../../../../../../Workspace/Dev/VideoGames/UnrealEngine/ProceduralGame/ProceduralGame/Content/Procedural/Planet.uasset'
[2019.02.17-21.25.49:708][119]LogSavePackage: Display: Finished SavePackage ../../../../../../Workspace/Dev/VideoGames/UnrealEngine/ProceduralGame/ProceduralGame/Content/Procedural/Planet.uasset
[2019.02.17-21.26.54:453][833]BlueprintLog: New page: Compile Planet
[2019.02.17-21.26.54:850][833]Cmd: OBJ SAVEPACKAGE PACKAGE="/Game/Procedural/Planet" FILE="../../../../../../Workspace/Dev/VideoGames/UnrealEngine/ProceduralGame/ProceduralGame/Content/Procedural/Planet.uasset" SILENT=true
[2019.02.17-21.26.54:992][833]LogSavePackage: Save=136.87ms
[2019.02.17-21.26.54:992][833]LogSavePackage: Moving '../../../../../../Workspace/Dev/VideoGames/UnrealEngine/ProceduralGame/ProceduralGame/Saved/Planet50C096A04F2D55B9940E7C84ACF470A3.tmp' to '../../../../../../Workspace/Dev/VideoGames/UnrealEngine/ProceduralGame/ProceduralGame/Content/Procedural/Planet.uasset'
[2019.02.17-21.26.54:995][833]LogSavePackage: Display: Finished SavePackage ../../../../../../Workspace/Dev/VideoGames/UnrealEngine/ProceduralGame/ProceduralGame/Content/Procedural/Planet.uasset
[2019.02.17-21.30.46:024][255]BlueprintLog: New page: Compile Planet
[2019.02.17-21.30.46:496][255]Cmd: OBJ SAVEPACKAGE PACKAGE="/Game/Procedural/Planet" FILE="../../../../../../Workspace/Dev/VideoGames/UnrealEngine/ProceduralGame/ProceduralGame/Content/Procedural/Planet.uasset" SILENT=true
[2019.02.17-21.30.46:645][255]LogSavePackage: Save=141.97ms
[2019.02.17-21.30.46:645][255]LogSavePackage: Moving '../../../../../../Workspace/Dev/VideoGames/UnrealEngine/ProceduralGame/ProceduralGame/Saved/Planet97FAC65B4C0710B6F7C3EC9F181FFDBF.tmp' to '../../../../../../Workspace/Dev/VideoGames/UnrealEngine/ProceduralGame/ProceduralGame/Content/Procedural/Planet.uasset'
[2019.02.17-21.30.46:647][255]LogSavePackage: Display: Finished SavePackage ../../../../../../Workspace/Dev/VideoGames/UnrealEngine/ProceduralGame/ProceduralGame/Content/Procedural/Planet.uasset
[2019.02.17-21.32.04:053][465]BlueprintLog: New page: Compile Planet
[2019.02.17-21.32.04:362][465]LogBlueprint: Error: [Compiler Planet] The current value of the ' Cache ' pin is invalid: Array inputs (like 'Cache') must have an input wired into them (try connecting a MakeArray node).
[2019.02.17-21.32.04:363][465]LogBlueprint: Error: [Compiler Planet] The current value of the ' Cache ' pin is invalid: Array inputs (like 'Cache') must have an input wired into them (try connecting a MakeArray node).
[2019.02.17-21.32.04:486][465]Cmd: OBJ SAVEPACKAGE PACKAGE="/Game/Procedural/Planet" FILE="../../../../../../Workspace/Dev/VideoGames/UnrealEngine/ProceduralGame/ProceduralGame/Content/Procedural/Planet.uasset" SILENT=true
[2019.02.17-21.32.04:635][465]LogSavePackage: Save=140.58ms
[2019.02.17-21.32.04:635][465]LogSavePackage: Moving '../../../../../../Workspace/Dev/VideoGames/UnrealEngine/ProceduralGame/ProceduralGame/Saved/Planet36D81037416C69E014BABA8F72E67E78.tmp' to '../../../../../../Workspace/Dev/VideoGames/UnrealEngine/ProceduralGame/ProceduralGame/Content/Procedural/Planet.uasset'
[2019.02.17-21.32.04:637][465]LogSavePackage: Display: Finished SavePackage ../../../../../../Workspace/Dev/VideoGames/UnrealEngine/ProceduralGame/ProceduralGame/Content/Procedural/Planet.uasset
[2019.02.17-21.32.04:640][465]LogBlueprint: Warning: [Compiler Planet] [2031.69] Compile of Planet failed. 2 Fatal Issue(s) 0 Warning(s) [in 587 ms] (/Game/Procedural/Planet.Planet)
[2019.02.17-21.32.04:862][485]Cmd: OBJ SAVEPACKAGE PACKAGE="/Game/Procedural/Planet" FILE="../../../../../../Workspace/Dev/VideoGames/UnrealEngine/ProceduralGame/ProceduralGame/Content/Procedural/Planet.uasset" SILENT=true
[2019.02.17-21.32.05:006][485]LogSavePackage: Save=138.60ms
[2019.02.17-21.32.05:006][485]LogSavePackage: Moving '../../../../../../Workspace/Dev/VideoGames/UnrealEngine/ProceduralGame/ProceduralGame/Saved/PlanetD872955C4E997215C45D4B8896D02CB8.tmp' to '../../../../../../Workspace/Dev/VideoGames/UnrealEngine/ProceduralGame/ProceduralGame/Content/Procedural/Planet.uasset'
[2019.02.17-21.32.05:007][485]LogSavePackage: Display: Finished SavePackage ../../../../../../Workspace/Dev/VideoGames/UnrealEngine/ProceduralGame/ProceduralGame/Content/Procedural/Planet.uasset
[2019.02.17-21.32.18:941][149]Cmd: OBJ SAVEPACKAGE PACKAGE="/Game/Procedural/Planet" FILE="../../../../../../Workspace/Dev/VideoGames/UnrealEngine/ProceduralGame/ProceduralGame/Content/Procedural/Planet.uasset" SILENT=true
[2019.02.17-21.32.19:087][149]LogSavePackage: Save=139.93ms
[2019.02.17-21.32.19:087][149]LogSavePackage: Moving '../../../../../../Workspace/Dev/VideoGames/UnrealEngine/ProceduralGame/ProceduralGame/Saved/PlanetFAB0E5CB4B8F682081D433B9ABD9BFF7.tmp' to '../../../../../../Workspace/Dev/VideoGames/UnrealEngine/ProceduralGame/ProceduralGame/Content/Procedural/Planet.uasset'
[2019.02.17-21.32.19:089][149]LogSavePackage: Display: Finished SavePackage ../../../../../../Workspace/Dev/VideoGames/UnrealEngine/ProceduralGame/ProceduralGame/Content/Procedural/Planet.uasset
[2019.02.17-21.32.28:223][241]Cmd: OBJ SAVEPACKAGE PACKAGE="/Game/Procedural/Planet" FILE="../../../../../../Workspace/Dev/VideoGames/UnrealEngine/ProceduralGame/ProceduralGame/Content/Procedural/Planet.uasset" SILENT=true
[2019.02.17-21.32.28:367][241]LogSavePackage: Save=139.29ms
[2019.02.17-21.32.28:367][241]LogSavePackage: Moving '../../../../../../Workspace/Dev/VideoGames/UnrealEngine/ProceduralGame/ProceduralGame/Saved/PlanetF2B8969542543519D0B6FDA219EDA8B9.tmp' to '../../../../../../Workspace/Dev/VideoGames/UnrealEngine/ProceduralGame/ProceduralGame/Content/Procedural/Planet.uasset'
[2019.02.17-21.32.28:369][241]LogSavePackage: Display: Finished SavePackage ../../../../../../Workspace/Dev/VideoGames/UnrealEngine/ProceduralGame/ProceduralGame/Content/Procedural/Planet.uasset
[2019.02.17-21.32.30:185][457]BlueprintLog: New page: Compile Planet
[2019.02.17-21.32.31:274][570]Cmd: OBJ SAVEPACKAGE PACKAGE="/Game/Procedural/Planet" FILE="../../../../../../Workspace/Dev/VideoGames/UnrealEngine/ProceduralGame/ProceduralGame/Content/Procedural/Planet.uasset" SILENT=true
[2019.02.17-21.32.31:425][570]LogSavePackage: Save=145.52ms
[2019.02.17-21.32.31:425][570]LogSavePackage: Moving '../../../../../../Workspace/Dev/VideoGames/UnrealEngine/ProceduralGame/ProceduralGame/Saved/PlanetCBE1153540EAFD361E9D6AA80EDA4574.tmp' to '../../../../../../Workspace/Dev/VideoGames/UnrealEngine/ProceduralGame/ProceduralGame/Content/Procedural/Planet.uasset'
[2019.02.17-21.32.31:426][570]LogSavePackage: Display: Finished SavePackage ../../../../../../Workspace/Dev/VideoGames/UnrealEngine/ProceduralGame/ProceduralGame/Content/Procedural/Planet.uasset
[2019.02.17-21.34.18:942][393]LogSavePackage: Save=44.60ms
[2019.02.17-21.34.18:942][393]LogSavePackage: Moving '../../../../../../Workspace/Dev/VideoGames/UnrealEngine/ProceduralGame/ProceduralGame/Saved/Minimal_Default_Auto2AE690D324B9D7ED613C402B0C2D80D23.tmp' to '../../../../../../Workspace/Dev/VideoGames/UnrealEngine/ProceduralGame/ProceduralGame/Saved/Autosaves/Game/StarterContent/Maps/Minimal_Default_Auto2.umap'
[2019.02.17-21.34.18:943][393]LogSavePackage: Display: Finished SavePackage ../../../../../../Workspace/Dev/VideoGames/UnrealEngine/ProceduralGame/ProceduralGame/Saved/Autosaves/Game/StarterContent/Maps/Minimal_Default_Auto2.umap
[2019.02.17-21.34.18:944][393]LogFileHelpers: Editor autosave (incl. sublevels) for '/Game/StarterContent/Maps/Minimal_Default' took 0.066
[2019.02.17-21.34.18:944][393]LogFileHelpers: Editor autosave (incl. sublevels) for all levels took 0.066
[2019.02.17-21.34.18:946][393]OBJ SavePackage: Generating thumbnails for [0] asset(s) in package [/Game/Procedural/Planet] ([1] browsable assets)...
[2019.02.17-21.34.18:946][393]OBJ SavePackage: Finished generating thumbnails for package [/Game/Procedural/Planet]
[2019.02.17-21.34.19:104][393]LogSavePackage: Save=152.44ms
[2019.02.17-21.34.19:104][393]LogSavePackage: Moving '../../../../../../Workspace/Dev/VideoGames/UnrealEngine/ProceduralGame/ProceduralGame/Saved/Planet_Auto2716346874E9DCD2A8D488C8B30585822.tmp' to '../../../../../../Workspace/Dev/VideoGames/UnrealEngine/ProceduralGame/ProceduralGame/Saved/Autosaves/Game/Procedural/Planet_Auto2.uasset'
[2019.02.17-21.34.19:105][393]LogSavePackage: Display: Finished SavePackage ../../../../../../Workspace/Dev/VideoGames/UnrealEngine/ProceduralGame/ProceduralGame/Saved/Autosaves/Game/Procedural/Planet_Auto2.uasset
[2019.02.17-21.34.19:105][393]LogFileHelpers: Auto-saving content packages took 0.159
[2019.02.17-21.44.25:022][297]LogFileHelpers: Editor autosave (incl. sublevels) for '/Game/StarterContent/Maps/Minimal_Default' took 0.013
[2019.02.17-21.44.25:023][297]OBJ SavePackage: Generating thumbnails for [0] asset(s) in package [/Game/Procedural/Planet] ([1] browsable assets)...
[2019.02.17-21.44.25:023][297]OBJ SavePackage: Finished generating thumbnails for package [/Game/Procedural/Planet]
[2019.02.17-21.44.25:177][297]LogSavePackage: Save=146.45ms
[2019.02.17-21.44.25:177][297]LogSavePackage: Moving '../../../../../../Workspace/Dev/VideoGames/UnrealEngine/ProceduralGame/ProceduralGame/Saved/Planet_Auto310DF4F2A4E60BBF97D8106B74D4E6896.tmp' to '../../../../../../Workspace/Dev/VideoGames/UnrealEngine/ProceduralGame/ProceduralGame/Saved/Autosaves/Game/Procedural/Planet_Auto3.uasset'
[2019.02.17-21.44.25:179][297]LogSavePackage: Display: Finished SavePackage ../../../../../../Workspace/Dev/VideoGames/UnrealEngine/ProceduralGame/ProceduralGame/Saved/Autosaves/Game/Procedural/Planet_Auto3.uasset
[2019.02.17-21.44.25:179][297]LogFileHelpers: Auto-saving content packages took 0.156
[2019.02.17-21.54.40:284][295]Cmd: OBJ SAVEPACKAGE PACKAGE="/Game/Procedural/Planet" FILE="../../../../../../Workspace/Dev/VideoGames/UnrealEngine/ProceduralGame/ProceduralGame/Content/Procedural/Planet.uasset" SILENT=true
[2019.02.17-21.54.40:441][295]LogSavePackage: Save=149.90ms
[2019.02.17-21.54.40:441][295]LogSavePackage: Moving '../../../../../../Workspace/Dev/VideoGames/UnrealEngine/ProceduralGame/ProceduralGame/Saved/PlanetA24800D0468805FC0EEDA9AD32286531.tmp' to '../../../../../../Workspace/Dev/VideoGames/UnrealEngine/ProceduralGame/ProceduralGame/Content/Procedural/Planet.uasset'
[2019.02.17-21.54.40:443][295]LogSavePackage: Display: Finished SavePackage ../../../../../../Workspace/Dev/VideoGames/UnrealEngine/ProceduralGame/ProceduralGame/Content/Procedural/Planet.uasset
[2019.02.17-21.57.21:080][637]LogSavePackage: Save=45.17ms
[2019.02.17-21.57.21:080][637]LogSavePackage: Moving '../../../../../../Workspace/Dev/VideoGames/UnrealEngine/ProceduralGame/ProceduralGame/Saved/Minimal_Default_Auto4E292147740039586E4AE078690A93116.tmp' to '../../../../../../Workspace/Dev/VideoGames/UnrealEngine/ProceduralGame/ProceduralGame/Saved/Autosaves/Game/StarterContent/Maps/Minimal_Default_Auto4.umap'
[2019.02.17-21.57.21:081][637]LogSavePackage: Display: Finished SavePackage ../../../../../../Workspace/Dev/VideoGames/UnrealEngine/ProceduralGame/ProceduralGame/Saved/Autosaves/Game/StarterContent/Maps/Minimal_Default_Auto4.umap
[2019.02.17-21.57.21:082][637]LogFileHelpers: Editor autosave (incl. sublevels) for '/Game/StarterContent/Maps/Minimal_Default' took 0.073
[2019.02.17-21.57.21:082][637]LogFileHelpers: Editor autosave (incl. sublevels) for all levels took 0.073
[2019.02.17-21.57.21:084][637]OBJ SavePackage: Generating thumbnails for [0] asset(s) in package [/Game/Procedural/Planet] ([1] browsable assets)...
[2019.02.17-21.57.21:084][637]OBJ SavePackage: Finished generating thumbnails for package [/Game/Procedural/Planet]
[2019.02.17-21.57.21:240][637]LogSavePackage: Save=150.33ms
[2019.02.17-21.57.21:241][637]LogSavePackage: Moving '../../../../../../Workspace/Dev/VideoGames/UnrealEngine/ProceduralGame/ProceduralGame/Saved/Planet_Auto4520C8A7C45C3C43BD61A638807EFF1B5.tmp' to '../../../../../../Workspace/Dev/VideoGames/UnrealEngine/ProceduralGame/ProceduralGame/Saved/Autosaves/Game/Procedural/Planet_Auto4.uasset'
[2019.02.17-21.57.21:242][637]LogSavePackage: Display: Finished SavePackage ../../../../../../Workspace/Dev/VideoGames/UnrealEngine/ProceduralGame/ProceduralGame/Saved/Autosaves/Game/Procedural/Planet_Auto4.uasset
[2019.02.17-21.57.21:242][637]LogFileHelpers: Auto-saving content packages took 0.158
[2019.02.17-22.02.19:626][190]Cmd: OBJ SAVEPACKAGE PACKAGE="/Game/Procedural/Planet" FILE="../../../../../../Workspace/Dev/VideoGames/UnrealEngine/ProceduralGame/ProceduralGame/Content/Procedural/Planet.uasset" SILENT=true
[2019.02.17-22.02.19:783][190]LogSavePackage: Save=150.27ms
[2019.02.17-22.02.19:783][190]LogSavePackage: Moving '../../../../../../Workspace/Dev/VideoGames/UnrealEngine/ProceduralGame/ProceduralGame/Saved/PlanetF88509D8425E0AF246649EB19B7D4FBD.tmp' to '../../../../../../Workspace/Dev/VideoGames/UnrealEngine/ProceduralGame/ProceduralGame/Content/Procedural/Planet.uasset'
[2019.02.17-22.02.19:785][190]LogSavePackage: Display: Finished SavePackage ../../../../../../Workspace/Dev/VideoGames/UnrealEngine/ProceduralGame/ProceduralGame/Content/Procedural/Planet.uasset
[2019.02.17-22.02.21:560][396]Cmd: OBJ SAVEPACKAGE PACKAGE="/Game/Procedural/Planet" FILE="../../../../../../Workspace/Dev/VideoGames/UnrealEngine/ProceduralGame/ProceduralGame/Content/Procedural/Planet.uasset" SILENT=true
[2019.02.17-22.02.21:723][396]LogSavePackage: Save=157.90ms
[2019.02.17-22.02.21:723][396]LogSavePackage: Moving '../../../../../../Workspace/Dev/VideoGames/UnrealEngine/ProceduralGame/ProceduralGame/Saved/Planet794E58BF41D29C2BAB3AA6878CC60BA8.tmp' to '../../../../../../Workspace/Dev/VideoGames/UnrealEngine/ProceduralGame/ProceduralGame/Content/Procedural/Planet.uasset'
[2019.02.17-22.02.21:724][396]LogSavePackage: Display: Finished SavePackage ../../../../../../Workspace/Dev/VideoGames/UnrealEngine/ProceduralGame/ProceduralGame/Content/Procedural/Planet.uasset
[2019.02.17-22.07.22:180][756]LogSavePackage: Save=45.14ms
[2019.02.17-22.07.22:180][756]LogSavePackage: Moving '../../../../../../Workspace/Dev/VideoGames/UnrealEngine/ProceduralGame/ProceduralGame/Saved/Minimal_Default_Auto59947479F44336C600672C8868B0EAFC8.tmp' to '../../../../../../Workspace/Dev/VideoGames/UnrealEngine/ProceduralGame/ProceduralGame/Saved/Autosaves/Game/StarterContent/Maps/Minimal_Default_Auto5.umap'
[2019.02.17-22.07.22:181][756]LogSavePackage: Display: Finished SavePackage ../../../../../../Workspace/Dev/VideoGames/UnrealEngine/ProceduralGame/ProceduralGame/Saved/Autosaves/Game/StarterContent/Maps/Minimal_Default_Auto5.umap
[2019.02.17-22.07.22:182][756]LogFileHelpers: Editor autosave (incl. sublevels) for '/Game/StarterContent/Maps/Minimal_Default' took 0.072
[2019.02.17-22.07.22:182][756]LogFileHelpers: Editor autosave (incl. sublevels) for all levels took 0.072
[2019.02.17-22.07.22:184][756]OBJ SavePackage: Generating thumbnails for [0] asset(s) in package [/Game/Procedural/Planet] ([1] browsable assets)...
[2019.02.17-22.07.22:184][756]OBJ SavePackage: Finished generating thumbnails for package [/Game/Procedural/Planet]
[2019.02.17-22.07.22:348][756]LogSavePackage: Save=158.60ms
[2019.02.17-22.07.22:348][756]LogSavePackage: Moving '../../../../../../Workspace/Dev/VideoGames/UnrealEngine/ProceduralGame/ProceduralGame/Saved/Planet_Auto5EF4BD6B44463588FFB217782306DC424.tmp' to '../../../../../../Workspace/Dev/VideoGames/UnrealEngine/ProceduralGame/ProceduralGame/Saved/Autosaves/Game/Procedural/Planet_Auto5.uasset'
[2019.02.17-22.07.22:349][756]LogSavePackage: Display: Finished SavePackage ../../../../../../Workspace/Dev/VideoGames/UnrealEngine/ProceduralGame/ProceduralGame/Saved/Autosaves/Game/Procedural/Planet_Auto5.uasset
[2019.02.17-22.07.22:349][756]LogFileHelpers: Auto-saving content packages took 0.167
[2019.02.17-22.15.27:937][770]LogEditorTransaction: Undo Add Node
[2019.02.17-22.19.50:407][925]LogSavePackage: Save=44.88ms
[2019.02.17-22.19.50:407][925]LogSavePackage: Moving '../../../../../../Workspace/Dev/VideoGames/UnrealEngine/ProceduralGame/ProceduralGame/Saved/Minimal_Default_Auto68E262CE44B47717AB632C0B8026E9DE6.tmp' to '../../../../../../Workspace/Dev/VideoGames/UnrealEngine/ProceduralGame/ProceduralGame/Saved/Autosaves/Game/StarterContent/Maps/Minimal_Default_Auto6.umap'
[2019.02.17-22.19.50:408][925]LogSavePackage: Display: Finished SavePackage ../../../../../../Workspace/Dev/VideoGames/UnrealEngine/ProceduralGame/ProceduralGame/Saved/Autosaves/Game/StarterContent/Maps/Minimal_Default_Auto6.umap
[2019.02.17-22.19.50:409][925]LogFileHelpers: Editor autosave (incl. sublevels) for '/Game/StarterContent/Maps/Minimal_Default' took 0.071
[2019.02.17-22.19.50:409][925]LogFileHelpers: Editor autosave (incl. sublevels) for all levels took 0.071
[2019.02.17-22.19.50:411][925]OBJ SavePackage: Generating thumbnails for [0] asset(s) in package [/Game/Procedural/Planet] ([1] browsable assets)...
[2019.02.17-22.19.50:411][925]OBJ SavePackage: Finished generating thumbnails for package [/Game/Procedural/Planet]
[2019.02.17-22.19.50:575][925]LogSavePackage: Save=158.88ms
[2019.02.17-22.19.50:575][925]LogSavePackage: Moving '../../../../../../Workspace/Dev/VideoGames/UnrealEngine/ProceduralGame/ProceduralGame/Saved/Planet_Auto64F9EBF424465A943DAB16E8359096E20.tmp' to '../../../../../../Workspace/Dev/VideoGames/UnrealEngine/ProceduralGame/ProceduralGame/Saved/Autosaves/Game/Procedural/Planet_Auto6.uasset'
[2019.02.17-22.19.50:577][925]LogSavePackage: Display: Finished SavePackage ../../../../../../Workspace/Dev/VideoGames/UnrealEngine/ProceduralGame/ProceduralGame/Saved/Autosaves/Game/Procedural/Planet_Auto6.uasset
[2019.02.17-22.19.50:577][925]LogFileHelpers: Auto-saving content packages took 0.167
[2019.02.17-22.25.11:307][ 98]Cmd: OBJ SAVEPACKAGE PACKAGE="/Game/Procedural/Planet" FILE="../../../../../../Workspace/Dev/VideoGames/UnrealEngine/ProceduralGame/ProceduralGame/Content/Procedural/Planet.uasset" SILENT=true
[2019.02.17-22.25.11:474][ 98]LogSavePackage: Save=159.59ms
[2019.02.17-22.25.11:474][ 98]LogSavePackage: Moving '../../../../../../Workspace/Dev/VideoGames/UnrealEngine/ProceduralGame/ProceduralGame/Saved/PlanetF57419334344DCAAC603AD86FC7DC022.tmp' to '../../../../../../Workspace/Dev/VideoGames/UnrealEngine/ProceduralGame/ProceduralGame/Content/Procedural/Planet.uasset'
[2019.02.17-22.25.11:476][ 98]LogSavePackage: Display: Finished SavePackage ../../../../../../Workspace/Dev/VideoGames/UnrealEngine/ProceduralGame/ProceduralGame/Content/Procedural/Planet.uasset
[2019.02.17-22.25.19:996][113]Cmd: OBJ SAVEPACKAGE PACKAGE="/Game/Procedural/Planet" FILE="../../../../../../Workspace/Dev/VideoGames/UnrealEngine/ProceduralGame/ProceduralGame/Content/Procedural/Planet.uasset" SILENT=true
[2019.02.17-22.25.20:163][113]LogSavePackage: Save=161.41ms
[2019.02.17-22.25.20:163][113]LogSavePackage: Moving '../../../../../../Workspace/Dev/VideoGames/UnrealEngine/ProceduralGame/ProceduralGame/Saved/Planet269E8B2746452869CA35128C27E58F05.tmp' to '../../../../../../Workspace/Dev/VideoGames/UnrealEngine/ProceduralGame/ProceduralGame/Content/Procedural/Planet.uasset'
[2019.02.17-22.25.20:164][113]LogSavePackage: Display: Finished SavePackage ../../../../../../Workspace/Dev/VideoGames/UnrealEngine/ProceduralGame/ProceduralGame/Content/Procedural/Planet.uasset
[2019.02.17-22.27.34:975][ 97]LogEditorTransaction: Undo Break Pin Link
[2019.02.17-22.27.35:192][111]LogEditorTransaction: Undo Move Node
[2019.02.17-22.28.42:137][ 83]Cmd: OBJ SAVEPACKAGE PACKAGE="/Game/Procedural/Planet" FILE="../../../../../../Workspace/Dev/VideoGames/UnrealEngine/ProceduralGame/ProceduralGame/Content/Procedural/Planet.uasset" SILENT=true
[2019.02.17-22.28.42:303][ 83]LogSavePackage: Save=158.40ms
[2019.02.17-22.28.42:303][ 83]LogSavePackage: Moving '../../../../../../Workspace/Dev/VideoGames/UnrealEngine/ProceduralGame/ProceduralGame/Saved/Planet2EB6FC304938C257A22BDFB5DDEFC585.tmp' to '../../../../../../Workspace/Dev/VideoGames/UnrealEngine/ProceduralGame/ProceduralGame/Content/Procedural/Planet.uasset'
[2019.02.17-22.28.42:305][ 83]LogSavePackage: Display: Finished SavePackage ../../../../../../Workspace/Dev/VideoGames/UnrealEngine/ProceduralGame/ProceduralGame/Content/Procedural/Planet.uasset
[2019.02.17-22.30.19:593][675]LogSavePackage: Save=47.59ms
[2019.02.17-22.30.19:593][675]LogSavePackage: Moving '../../../../../../Workspace/Dev/VideoGames/UnrealEngine/ProceduralGame/ProceduralGame/Saved/Minimal_Default_Auto7371089884AACFEF2953D3082BE144A39.tmp' to '../../../../../../Workspace/Dev/VideoGames/UnrealEngine/ProceduralGame/ProceduralGame/Saved/Autosaves/Game/StarterContent/Maps/Minimal_Default_Auto7.umap'
[2019.02.17-22.30.19:594][675]LogSavePackage: Display: Finished SavePackage ../../../../../../Workspace/Dev/VideoGames/UnrealEngine/ProceduralGame/ProceduralGame/Saved/Autosaves/Game/StarterContent/Maps/Minimal_Default_Auto7.umap
[2019.02.17-22.30.19:595][675]LogFileHelpers: Editor autosave (incl. sublevels) for '/Game/StarterContent/Maps/Minimal_Default' took 0.076
[2019.02.17-22.30.19:595][675]LogFileHelpers: Editor autosave (incl. sublevels) for all levels took 0.076
[2019.02.17-22.30.19:597][675]OBJ SavePackage: Generating thumbnails for [0] asset(s) in package [/Game/Procedural/Planet] ([1] browsable assets)...
[2019.02.17-22.30.19:597][675]OBJ SavePackage: Finished generating thumbnails for package [/Game/Procedural/Planet]
[2019.02.17-22.30.19:763][675]LogSavePackage: Save=159.90ms
[2019.02.17-22.30.19:763][675]LogSavePackage: Moving '../../../../../../Workspace/Dev/VideoGames/UnrealEngine/ProceduralGame/ProceduralGame/Saved/Planet_Auto7B23B3C30431550BB44A8C9AB12AEB62C.tmp' to '../../../../../../Workspace/Dev/VideoGames/UnrealEngine/ProceduralGame/ProceduralGame/Saved/Autosaves/Game/Procedural/Planet_Auto7.uasset'
[2019.02.17-22.30.19:765][675]LogSavePackage: Display: Finished SavePackage ../../../../../../Workspace/Dev/VideoGames/UnrealEngine/ProceduralGame/ProceduralGame/Saved/Autosaves/Game/Procedural/Planet_Auto7.uasset
[2019.02.17-22.30.19:765][675]LogFileHelpers: Auto-saving content packages took 0.169
[2019.02.17-22.35.08:043][974]LogDialogs: Warning: Suppressed: Local Variable Vertices is in use! Do you really want to delete it?
[2019.02.17-22.40.37:706][ 34]LogSavePackage: Save=48.62ms
[2019.02.17-22.40.37:706][ 34]LogSavePackage: Moving '../../../../../../Workspace/Dev/VideoGames/UnrealEngine/ProceduralGame/ProceduralGame/Saved/Minimal_Default_Auto8C8F8B3AE42F26C7299B8E8B8D8D48F1A.tmp' to '../../../../../../Workspace/Dev/VideoGames/UnrealEngine/ProceduralGame/ProceduralGame/Saved/Autosaves/Game/StarterContent/Maps/Minimal_Default_Auto8.umap'
[2019.02.17-22.40.37:707][ 34]LogSavePackage: Display: Finished SavePackage ../../../../../../Workspace/Dev/VideoGames/UnrealEngine/ProceduralGame/ProceduralGame/Saved/Autosaves/Game/StarterContent/Maps/Minimal_Default_Auto8.umap
[2019.02.17-22.40.37:708][ 34]LogFileHelpers: Editor autosave (incl. sublevels) for '/Game/StarterContent/Maps/Minimal_Default' took 0.080
[2019.02.17-22.40.37:708][ 34]LogFileHelpers: Editor autosave (incl. sublevels) for all levels took 0.080
[2019.02.17-22.40.37:710][ 34]OBJ SavePackage: Generating thumbnails for [0] asset(s) in package [/Game/Procedural/Planet] ([1] browsable assets)...
[2019.02.17-22.40.37:710][ 34]OBJ SavePackage: Finished generating thumbnails for package [/Game/Procedural/Planet]
[2019.02.17-22.40.37:879][ 34]LogSavePackage: Save=162.29ms
[2019.02.17-22.40.37:879][ 34]LogSavePackage: Moving '../../../../../../Workspace/Dev/VideoGames/UnrealEngine/ProceduralGame/ProceduralGame/Saved/Planet_Auto84758E2D04B4F153DF08848B6375A0761.tmp' to '../../../../../../Workspace/Dev/VideoGames/UnrealEngine/ProceduralGame/ProceduralGame/Saved/Autosaves/Game/Procedural/Planet_Auto8.uasset'
[2019.02.17-22.40.37:880][ 34]LogSavePackage: Display: Finished SavePackage ../../../../../../Workspace/Dev/VideoGames/UnrealEngine/ProceduralGame/ProceduralGame/Saved/Autosaves/Game/Procedural/Planet_Auto8.uasset
[2019.02.17-22.40.37:880][ 34]LogFileHelpers: Auto-saving content packages took 0.171
[2019.02.17-22.41.39:746][ 36]Cmd: OBJ SAVEPACKAGE PACKAGE="/Game/Procedural/Planet" FILE="../../../../../../Workspace/Dev/VideoGames/UnrealEngine/ProceduralGame/ProceduralGame/Content/Procedural/Planet.uasset" SILENT=true
[2019.02.17-22.41.39:912][ 36]LogSavePackage: Save=161.24ms
[2019.02.17-22.41.39:912][ 36]LogSavePackage: Moving '../../../../../../Workspace/Dev/VideoGames/UnrealEngine/ProceduralGame/ProceduralGame/Saved/Planet4CDF8B294AF61A8939DBC093F702AAC5.tmp' to '../../../../../../Workspace/Dev/VideoGames/UnrealEngine/ProceduralGame/ProceduralGame/Content/Procedural/Planet.uasset'
[2019.02.17-22.41.39:915][ 36]LogSavePackage: Display: Finished SavePackage ../../../../../../Workspace/Dev/VideoGames/UnrealEngine/ProceduralGame/ProceduralGame/Content/Procedural/Planet.uasset
[2019.02.17-22.50.38:577][789]LogSavePackage: Save=45.52ms
[2019.02.17-22.50.38:577][789]LogSavePackage: Moving '../../../../../../Workspace/Dev/VideoGames/UnrealEngine/ProceduralGame/ProceduralGame/Saved/Minimal_Default_Auto96E2D3B4346EAFC0D1F913FB316895A06.tmp' to '../../../../../../Workspace/Dev/VideoGames/UnrealEngine/ProceduralGame/ProceduralGame/Saved/Autosaves/Game/StarterContent/Maps/Minimal_Default_Auto9.umap'
[2019.02.17-22.50.38:578][789]LogSavePackage: Display: Finished SavePackage ../../../../../../Workspace/Dev/VideoGames/UnrealEngine/ProceduralGame/ProceduralGame/Saved/Autosaves/Game/StarterContent/Maps/Minimal_Default_Auto9.umap
[2019.02.17-22.50.38:579][789]LogFileHelpers: Editor autosave (incl. sublevels) for '/Game/StarterContent/Maps/Minimal_Default' took 0.073
[2019.02.17-22.50.38:579][789]LogFileHelpers: Editor autosave (incl. sublevels) for all levels took 0.073
[2019.02.17-22.50.38:581][789]OBJ SavePackage: Generating thumbnails for [0] asset(s) in package [/Game/Procedural/Planet] ([1] browsable assets)...
[2019.02.17-22.50.38:581][789]OBJ SavePackage: Finished generating thumbnails for package [/Game/Procedural/Planet]
[2019.02.17-22.50.38:747][789]LogSavePackage: Save=159.96ms
[2019.02.17-22.50.38:747][789]LogSavePackage: Moving '../../../../../../Workspace/Dev/VideoGames/UnrealEngine/ProceduralGame/ProceduralGame/Saved/Planet_Auto9308DFD4B4E845BD60228A2B669030BC3.tmp' to '../../../../../../Workspace/Dev/VideoGames/UnrealEngine/ProceduralGame/ProceduralGame/Saved/Autosaves/Game/Procedural/Planet_Auto9.uasset'
[2019.02.17-22.50.38:748][789]LogSavePackage: Display: Finished SavePackage ../../../../../../Workspace/Dev/VideoGames/UnrealEngine/ProceduralGame/ProceduralGame/Saved/Autosaves/Game/Procedural/Planet_Auto9.uasset
[2019.02.17-22.50.38:748][789]LogFileHelpers: Auto-saving content packages took 0.168
[2019.02.17-22.59.44:927][506]Cmd: OBJ SAVEPACKAGE PACKAGE="/Game/Procedural/Planet" FILE="../../../../../../Workspace/Dev/VideoGames/UnrealEngine/ProceduralGame/ProceduralGame/Content/Procedural/Planet.uasset" SILENT=true
[2019.02.17-22.59.45:110][506]LogSavePackage: Save=176.07ms
[2019.02.17-22.59.45:111][506]LogSavePackage: Moving '../../../../../../Workspace/Dev/VideoGames/UnrealEngine/ProceduralGame/ProceduralGame/Saved/PlanetA9F01DF94AF99F2FD58CADA23C0E7345.tmp' to '../../../../../../Workspace/Dev/VideoGames/UnrealEngine/ProceduralGame/ProceduralGame/Content/Procedural/Planet.uasset'
[2019.02.17-22.59.45:113][506]LogSavePackage: Display: Finished SavePackage ../../../../../../Workspace/Dev/VideoGames/UnrealEngine/ProceduralGame/ProceduralGame/Content/Procedural/Planet.uasset
[2019.02.17-23.01.03:458][711]BlueprintLog: New page: Compile Planet
[2019.02.17-23.01.03:778][711]LogBlueprint: Error: [Compiler Planet] Blueprint Internal Compiler Error: Could not connect default value to input pin  Mid Points Cache
[2019.02.17-23.01.03:798][711]LogBlueprint: Error: [Compiler Planet] In use pin  Index Mid Point  no longer exists on this node. Please refresh node or break links to remove pin.
[2019.02.17-23.01.03:798][711]LogBlueprint: Error: [Compiler Planet] In use pin  Index Mid Point  no longer exists on this node. Please refresh node or break links to remove pin.
[2019.02.17-23.01.03:798][711]LogBlueprint: Error: [Compiler Planet] In use pin  Index Mid Point  no longer exists on this node. Please refresh node or break links to remove pin.
[2019.02.17-23.01.03:800][711]LogBlueprint: Error: [Compiler Planet] The current value of the ' Source Array ' pin is invalid: Array inputs (like 'Source Array') must have an input wired into them (try connecting a MakeArray node).
[2019.02.17-23.01.03:910][711]Cmd: OBJ SAVEPACKAGE PACKAGE="/Game/Procedural/Planet" FILE="../../../../../../Workspace/Dev/VideoGames/UnrealEngine/ProceduralGame/ProceduralGame/Content/Procedural/Planet.uasset" SILENT=true
[2019.02.17-23.01.04:083][711]LogSavePackage: Save=167.24ms
[2019.02.17-23.01.04:083][711]LogSavePackage: Moving '../../../../../../Workspace/Dev/VideoGames/UnrealEngine/ProceduralGame/ProceduralGame/Saved/Planet8E4D76E7465955D699A8F1B86F9A9308.tmp' to '../../../../../../Workspace/Dev/VideoGames/UnrealEngine/ProceduralGame/ProceduralGame/Content/Procedural/Planet.uasset'
[2019.02.17-23.01.04:085][711]LogSavePackage: Display: Finished SavePackage ../../../../../../Workspace/Dev/VideoGames/UnrealEngine/ProceduralGame/ProceduralGame/Content/Procedural/Planet.uasset
[2019.02.17-23.01.04:088][711]LogBlueprint: Warning: [Compiler Planet] [7371.14] Compile of Planet failed. 5 Fatal Issue(s) 0 Warning(s) [in 630 ms] (/Game/Procedural/Planet.Planet)
[2019.02.17-23.02.57:790][955]Cmd: OBJ SAVEPACKAGE PACKAGE="/Game/Procedural/Planet" FILE="../../../../../../Workspace/Dev/VideoGames/UnrealEngine/ProceduralGame/ProceduralGame/Content/Procedural/Planet.uasset" SILENT=true
[2019.02.17-23.02.57:965][955]LogSavePackage: Save=169.21ms
[2019.02.17-23.02.57:965][955]LogSavePackage: Moving '../../../../../../Workspace/Dev/VideoGames/UnrealEngine/ProceduralGame/ProceduralGame/Saved/Planet5DC2AEDA428F5C5D2D55B798DF42E88C.tmp' to '../../../../../../Workspace/Dev/VideoGames/UnrealEngine/ProceduralGame/ProceduralGame/Content/Procedural/Planet.uasset'
[2019.02.17-23.02.57:967][955]LogSavePackage: Display: Finished SavePackage ../../../../../../Workspace/Dev/VideoGames/UnrealEngine/ProceduralGame/ProceduralGame/Content/Procedural/Planet.uasset
[2019.02.17-23.06.54:337][156]Cmd: OBJ SAVEPACKAGE PACKAGE="/Game/Procedural/Planet" FILE="../../../../../../Workspace/Dev/VideoGames/UnrealEngine/ProceduralGame/ProceduralGame/Content/Procedural/Planet.uasset" SILENT=true
[2019.02.17-23.06.54:528][156]LogSavePackage: Save=182.29ms
[2019.02.17-23.06.54:528][156]LogSavePackage: Moving '../../../../../../Workspace/Dev/VideoGames/UnrealEngine/ProceduralGame/ProceduralGame/Saved/Planet66DC73264AABA265C4510EAA03CAC6CF.tmp' to '../../../../../../Workspace/Dev/VideoGames/UnrealEngine/ProceduralGame/ProceduralGame/Content/Procedural/Planet.uasset'
[2019.02.17-23.06.54:530][156]LogSavePackage: Display: Finished SavePackage ../../../../../../Workspace/Dev/VideoGames/UnrealEngine/ProceduralGame/ProceduralGame/Content/Procedural/Planet.uasset
[2019.02.17-23.07.33:444][778]Cmd: OBJ SAVEPACKAGE PACKAGE="/Game/Procedural/Planet" FILE="../../../../../../Workspace/Dev/VideoGames/UnrealEngine/ProceduralGame/ProceduralGame/Content/Procedural/Planet.uasset" SILENT=true
[2019.02.17-23.07.33:628][778]LogSavePackage: Save=177.43ms
[2019.02.17-23.07.33:628][778]LogSavePackage: Moving '../../../../../../Workspace/Dev/VideoGames/UnrealEngine/ProceduralGame/ProceduralGame/Saved/PlanetCB34C29D48BF10AC04CDCD8008071483.tmp' to '../../../../../../Workspace/Dev/VideoGames/UnrealEngine/ProceduralGame/ProceduralGame/Content/Procedural/Planet.uasset'
[2019.02.17-23.07.33:630][778]LogSavePackage: Display: Finished SavePackage ../../../../../../Workspace/Dev/VideoGames/UnrealEngine/ProceduralGame/ProceduralGame/Content/Procedural/Planet.uasset
[2019.02.17-23.08.05:961][597]LogSavePackage: Save=41.90ms
[2019.02.17-23.08.05:961][597]LogSavePackage: Moving '../../../../../../Workspace/Dev/VideoGames/UnrealEngine/ProceduralGame/ProceduralGame/Saved/Minimal_Default_Auto0C370D767452802B43BCAADB067626478.tmp' to '../../../../../../Workspace/Dev/VideoGames/UnrealEngine/ProceduralGame/ProceduralGame/Saved/Autosaves/Game/StarterContent/Maps/Minimal_Default_Auto0.umap'
[2019.02.17-23.08.05:963][597]LogSavePackage: Display: Finished SavePackage ../../../../../../Workspace/Dev/VideoGames/UnrealEngine/ProceduralGame/ProceduralGame/Saved/Autosaves/Game/StarterContent/Maps/Minimal_Default_Auto0.umap
[2019.02.17-23.08.05:964][597]LogFileHelpers: Editor autosave (incl. sublevels) for '/Game/StarterContent/Maps/Minimal_Default' took 0.068
[2019.02.17-23.08.05:964][597]LogFileHelpers: Editor autosave (incl. sublevels) for all levels took 0.068
[2019.02.17-23.08.05:966][597]OBJ SavePackage: Generating thumbnails for [0] asset(s) in package [/Game/Procedural/Planet] ([1] browsable assets)...
[2019.02.17-23.08.05:966][597]OBJ SavePackage: Finished generating thumbnails for package [/Game/Procedural/Planet]
[2019.02.17-23.08.06:148][597]LogSavePackage: Save=176.06ms
[2019.02.17-23.08.06:148][597]LogSavePackage: Moving '../../../../../../Workspace/Dev/VideoGames/UnrealEngine/ProceduralGame/ProceduralGame/Saved/Planet_Auto08DBD1C8F4FC0D34075A72E8FE25A02E7.tmp' to '../../../../../../Workspace/Dev/VideoGames/UnrealEngine/ProceduralGame/ProceduralGame/Saved/Autosaves/Game/Procedural/Planet_Auto0.uasset'
[2019.02.17-23.08.06:149][597]LogSavePackage: Display: Finished SavePackage ../../../../../../Workspace/Dev/VideoGames/UnrealEngine/ProceduralGame/ProceduralGame/Saved/Autosaves/Game/Procedural/Planet_Auto0.uasset
[2019.02.17-23.08.06:149][597]LogFileHelpers: Auto-saving content packages took 0.184
[2019.02.17-23.11.38:478][981]BlueprintLog: New page: Compile Planet
[2019.02.17-23.11.38:542][981]LogBlueprint: Error: [Compiler Planet] Blueprint Internal Compiler Error: Could not connect default value to input pin  Mid Points Cache
[2019.02.17-23.11.38:543][981]LogBlueprint: Error: [Compiler Planet] In use pin  Index Mid Point  no longer exists on this node. Please refresh node or break links to remove pin.
[2019.02.17-23.11.38:543][981]LogBlueprint: Error: [Compiler Planet] In use pin  Index Mid Point  no longer exists on this node. Please refresh node or break links to remove pin.
[2019.02.17-23.11.38:543][981]LogBlueprint: Error: [Compiler Planet] In use pin  Index Mid Point  no longer exists on this node. Please refresh node or break links to remove pin.
[2019.02.17-23.11.38:643][981]Cmd: OBJ SAVEPACKAGE PACKAGE="/Game/Procedural/Planet" FILE="../../../../../../Workspace/Dev/VideoGames/UnrealEngine/ProceduralGame/ProceduralGame/Content/Procedural/Planet.uasset" SILENT=true
[2019.02.17-23.11.38:831][981]LogSavePackage: Save=182.48ms
[2019.02.17-23.11.38:831][981]LogSavePackage: Moving '../../../../../../Workspace/Dev/VideoGames/UnrealEngine/ProceduralGame/ProceduralGame/Saved/Planet291893624F807DE0D7EBAA8DC9EDB557.tmp' to '../../../../../../Workspace/Dev/VideoGames/UnrealEngine/ProceduralGame/ProceduralGame/Content/Procedural/Planet.uasset'
[2019.02.17-23.11.38:833][981]LogSavePackage: Display: Finished SavePackage ../../../../../../Workspace/Dev/VideoGames/UnrealEngine/ProceduralGame/ProceduralGame/Content/Procedural/Planet.uasset
[2019.02.17-23.11.38:836][981]LogBlueprint: Warning: [Compiler Planet] [8005.89] Compile of Planet failed. 4 Fatal Issue(s) 0 Warning(s) [in 357 ms] (/Game/Procedural/Planet.Planet)
[2019.02.17-23.12.38:788][ 58]BlueprintLog: New page: Compile Planet
[2019.02.17-23.12.38:852][ 58]LogBlueprint: Error: [Compiler Planet] Blueprint Internal Compiler Error: Could not connect default value to input pin  Mid Points Cache
[2019.02.17-23.12.38:856][ 58]LogBlueprint: Warning: [Compiler Planet] Unable to find local variable with name 'Triangles' for  Get Triangles
[2019.02.17-23.12.38:857][ 58]LogBlueprint: Error: [Compiler Planet] The property associated with  Triangles  could not be found
[2019.02.17-23.12.38:857][ 58]LogBlueprint: Error: [Compiler Planet] Default value '' for  Mid Points Cache  is invalid: 'Map inputs (like 'Mid Points Cache') must have an input wired into them (try connecting a MakeMap node).'
[2019.02.17-23.12.38:948][ 58]Cmd: OBJ SAVEPACKAGE PACKAGE="/Game/Procedural/Planet" FILE="../../../../../../Workspace/Dev/VideoGames/UnrealEngine/ProceduralGame/ProceduralGame/Content/Procedural/Planet.uasset" SILENT=true
[2019.02.17-23.12.39:136][ 58]LogSavePackage: Save=181.69ms
[2019.02.17-23.12.39:136][ 58]LogSavePackage: Moving '../../../../../../Workspace/Dev/VideoGames/UnrealEngine/ProceduralGame/ProceduralGame/Saved/Planet1D75F25343D7030DAD38E1A222CE20F2.tmp' to '../../../../../../Workspace/Dev/VideoGames/UnrealEngine/ProceduralGame/ProceduralGame/Content/Procedural/Planet.uasset'
[2019.02.17-23.12.39:138][ 58]LogSavePackage: Display: Finished SavePackage ../../../../../../Workspace/Dev/VideoGames/UnrealEngine/ProceduralGame/ProceduralGame/Content/Procedural/Planet.uasset
[2019.02.17-23.12.39:141][ 58]LogBlueprint: Warning: [Compiler Planet] [8066.19] Compile of Planet failed. 3 Fatal Issue(s) 1 Warning(s) [in 352 ms] (/Game/Procedural/Planet.Planet)
[2019.02.17-23.13.05:233][155]BlueprintLog: New page: Compile Planet
[2019.02.17-23.13.05:298][155]LogBlueprint: Error: [Compiler Planet] Blueprint Internal Compiler Error: Could not connect default value to input pin  Mid Points Cache
[2019.02.17-23.13.05:300][155]LogBlueprint: Error: [Compiler Planet] Default value '' for  Mid Points Cache  is invalid: 'Map inputs (like 'Mid Points Cache') must have an input wired into them (try connecting a MakeMap node).'
[2019.02.17-23.13.05:392][155]Cmd: OBJ SAVEPACKAGE PACKAGE="/Game/Procedural/Planet" FILE="../../../../../../Workspace/Dev/VideoGames/UnrealEngine/ProceduralGame/ProceduralGame/Content/Procedural/Planet.uasset" SILENT=true
[2019.02.17-23.13.05:580][155]LogSavePackage: Save=182.02ms
[2019.02.17-23.13.05:580][155]LogSavePackage: Moving '../../../../../../Workspace/Dev/VideoGames/UnrealEngine/ProceduralGame/ProceduralGame/Saved/Planet338DCC9F46DF57926B0320AD403A7E25.tmp' to '../../../../../../Workspace/Dev/VideoGames/UnrealEngine/ProceduralGame/ProceduralGame/Content/Procedural/Planet.uasset'
[2019.02.17-23.13.05:583][155]LogSavePackage: Display: Finished SavePackage ../../../../../../Workspace/Dev/VideoGames/UnrealEngine/ProceduralGame/ProceduralGame/Content/Procedural/Planet.uasset
[2019.02.17-23.13.05:585][155]LogBlueprint: Warning: [Compiler Planet] [8092.64] Compile of Planet failed. 2 Fatal Issue(s) 0 Warning(s) [in 351 ms] (/Game/Procedural/Planet.Planet)
[2019.02.17-23.13.30:439][111]BlueprintLog: New page: Compile Planet
[2019.02.17-23.13.30:507][111]LogBlueprint: Error: [Compiler Planet] Blueprint Internal Compiler Error: Could not connect default value to input pin  Mid Points Cache
[2019.02.17-23.13.30:510][111]LogBlueprint: Error: [Compiler Planet] Default value '' for  Mid Points Cache  is invalid: 'Map inputs (like 'Mid Points Cache') must have an input wired into them (try connecting a MakeMap node).'
[2019.02.17-23.13.30:599][111]Cmd: OBJ SAVEPACKAGE PACKAGE="/Game/Procedural/Planet" FILE="../../../../../../Workspace/Dev/VideoGames/UnrealEngine/ProceduralGame/ProceduralGame/Content/Procedural/Planet.uasset" SILENT=true
[2019.02.17-23.13.30:790][111]LogSavePackage: Save=184.97ms
[2019.02.17-23.13.30:790][111]LogSavePackage: Moving '../../../../../../Workspace/Dev/VideoGames/UnrealEngine/ProceduralGame/ProceduralGame/Saved/PlanetDADB2686403E584211D8A7BCC0C2B47A.tmp' to '../../../../../../Workspace/Dev/VideoGames/UnrealEngine/ProceduralGame/ProceduralGame/Content/Procedural/Planet.uasset'
[2019.02.17-23.13.30:792][111]LogSavePackage: Display: Finished SavePackage ../../../../../../Workspace/Dev/VideoGames/UnrealEngine/ProceduralGame/ProceduralGame/Content/Procedural/Planet.uasset
[2019.02.17-23.13.30:795][111]LogBlueprint: Warning: [Compiler Planet] [8117.85] Compile of Planet failed. 2 Fatal Issue(s) 0 Warning(s) [in 354 ms] (/Game/Procedural/Planet.Planet)
[2019.02.17-23.13.55:691][ 77]BlueprintLog: New page: Compile Planet
[2019.02.17-23.13.55:755][ 77]LogBlueprint: Error: [Compiler Planet] Blueprint Internal Compiler Error: Could not connect default value to input pin  Mid Points Cache
[2019.02.17-23.13.55:758][ 77]LogBlueprint: Error: [Compiler Planet] Default value '' for  Mid Points Cache  is invalid: 'Map inputs (like 'Mid Points Cache') must have an input wired into them (try connecting a MakeMap node).'
[2019.02.17-23.13.55:847][ 77]Cmd: OBJ SAVEPACKAGE PACKAGE="/Game/Procedural/Planet" FILE="../../../../../../Workspace/Dev/VideoGames/UnrealEngine/ProceduralGame/ProceduralGame/Content/Procedural/Planet.uasset" SILENT=true
[2019.02.17-23.13.56:035][ 77]LogSavePackage: Save=180.52ms
[2019.02.17-23.13.56:035][ 77]LogSavePackage: Moving '../../../../../../Workspace/Dev/VideoGames/UnrealEngine/ProceduralGame/ProceduralGame/Saved/PlanetD62F70FF4E6F103993324595A5E2E40B.tmp' to '../../../../../../Workspace/Dev/VideoGames/UnrealEngine/ProceduralGame/ProceduralGame/Content/Procedural/Planet.uasset'
[2019.02.17-23.13.56:037][ 77]LogSavePackage: Display: Finished SavePackage ../../../../../../Workspace/Dev/VideoGames/UnrealEngine/ProceduralGame/ProceduralGame/Content/Procedural/Planet.uasset
[2019.02.17-23.13.56:039][ 77]LogBlueprint: Warning: [Compiler Planet] [8143.09] Compile of Planet failed. 2 Fatal Issue(s) 0 Warning(s) [in 347 ms] (/Game/Procedural/Planet.Planet)
[2019.02.17-23.18.39:681][463]LogSavePackage: Save=42.62ms
[2019.02.17-23.18.39:681][463]LogSavePackage: Moving '../../../../../../Workspace/Dev/VideoGames/UnrealEngine/ProceduralGame/ProceduralGame/Saved/Minimal_Default_Auto1B2EE62D041BCD3CC724FF6B11F4775F7.tmp' to '../../../../../../Workspace/Dev/VideoGames/UnrealEngine/ProceduralGame/ProceduralGame/Saved/Autosaves/Game/StarterContent/Maps/Minimal_Default_Auto1.umap'
[2019.02.17-23.18.39:683][463]LogSavePackage: Display: Finished SavePackage ../../../../../../Workspace/Dev/VideoGames/UnrealEngine/ProceduralGame/ProceduralGame/Saved/Autosaves/Game/StarterContent/Maps/Minimal_Default_Auto1.umap
[2019.02.17-23.18.39:684][463]LogFileHelpers: Editor autosave (incl. sublevels) for '/Game/StarterContent/Maps/Minimal_Default' took 0.065
[2019.02.17-23.18.39:684][463]LogFileHelpers: Editor autosave (incl. sublevels) for all levels took 0.065
[2019.02.17-23.18.39:686][463]OBJ SavePackage: Generating thumbnails for [0] asset(s) in package [/Game/Procedural/Planet] ([1] browsable assets)...
[2019.02.17-23.18.39:686][463]OBJ SavePackage: Finished generating thumbnails for package [/Game/Procedural/Planet]
[2019.02.17-23.18.39:892][463]LogSavePackage: Save=199.73ms
[2019.02.17-23.18.39:892][463]LogSavePackage: Moving '../../../../../../Workspace/Dev/VideoGames/UnrealEngine/ProceduralGame/ProceduralGame/Saved/Planet_Auto163ECC07348A8F6D5BF40068F99915E8D.tmp' to '../../../../../../Workspace/Dev/VideoGames/UnrealEngine/ProceduralGame/ProceduralGame/Saved/Autosaves/Game/Procedural/Planet_Auto1.uasset'
[2019.02.17-23.18.39:893][463]LogSavePackage: Display: Finished SavePackage ../../../../../../Workspace/Dev/VideoGames/UnrealEngine/ProceduralGame/ProceduralGame/Saved/Autosaves/Game/Procedural/Planet_Auto1.uasset
[2019.02.17-23.18.39:893][463]LogFileHelpers: Auto-saving content packages took 0.209
[2019.02.17-23.18.54:399][822]BlueprintLog: New page: Compile Planet
[2019.02.17-23.18.54:462][822]LogBlueprint: Error: [Compiler Planet] Blueprint Internal Compiler Error: Could not connect default value to input pin  Mid Points Cache
[2019.02.17-23.18.54:465][822]LogBlueprint: Error: [Compiler Planet] Default value '' for  Mid Points Cache  is invalid: 'Map inputs (like 'Mid Points Cache') must have an input wired into them (try connecting a MakeMap node).'
[2019.02.17-23.18.54:556][822]Cmd: OBJ SAVEPACKAGE PACKAGE="/Game/Procedural/Planet" FILE="../../../../../../Workspace/Dev/VideoGames/UnrealEngine/ProceduralGame/ProceduralGame/Content/Procedural/Planet.uasset" SILENT=true
[2019.02.17-23.18.54:742][822]LogSavePackage: Save=180.28ms
[2019.02.17-23.18.54:742][822]LogSavePackage: Moving '../../../../../../Workspace/Dev/VideoGames/UnrealEngine/ProceduralGame/ProceduralGame/Saved/Planet2679E419426420373887EC91C187FBEF.tmp' to '../../../../../../Workspace/Dev/VideoGames/UnrealEngine/ProceduralGame/ProceduralGame/Content/Procedural/Planet.uasset'
[2019.02.17-23.18.54:744][822]LogSavePackage: Display: Finished SavePackage ../../../../../../Workspace/Dev/VideoGames/UnrealEngine/ProceduralGame/ProceduralGame/Content/Procedural/Planet.uasset
[2019.02.17-23.18.54:746][822]LogBlueprint: Warning: [Compiler Planet] [8441.80] Compile of Planet failed. 2 Fatal Issue(s) 0 Warning(s) [in 347 ms] (/Game/Procedural/Planet.Planet)
[2019.02.17-23.18.58:844][311]BlueprintLog: New page: Compile Planet
[2019.02.17-23.18.58:915][311]LogBlueprint: Error: [Compiler Planet] Blueprint Internal Compiler Error: Could not connect default value to input pin  Mid Points Cache
[2019.02.17-23.18.58:919][311]LogBlueprint: Error: [Compiler Planet] Default value '' for  Mid Points Cache  is invalid: 'Map inputs (like 'Mid Points Cache') must have an input wired into them (try connecting a MakeMap node).'
[2019.02.17-23.18.58:998][311]LogBlueprint: Warning: [Compiler Planet] [8446.05] Compile of Planet failed. 2 Fatal Issue(s) 0 Warning(s) [in 154 ms] (/Game/Procedural/Planet.Planet)
[2019.02.17-23.19.15:412][270]BlueprintLog: New page: Compile Planet
[2019.02.17-23.19.15:478][270]LogBlueprint: Error: [Compiler Planet] Blueprint Internal Compiler Error: Could not connect default value to input pin  Mid Points Cache
[2019.02.17-23.19.15:482][270]LogBlueprint: Error: [Compiler Planet] Default value '' for  Mid Points Cache  is invalid: 'Map inputs (like 'Mid Points Cache') must have an input wired into them (try connecting a MakeMap node).'
[2019.02.17-23.19.15:568][270]Cmd: OBJ SAVEPACKAGE PACKAGE="/Game/Procedural/Planet" FILE="../../../../../../Workspace/Dev/VideoGames/UnrealEngine/ProceduralGame/ProceduralGame/Content/Procedural/Planet.uasset" SILENT=true
[2019.02.17-23.19.15:762][270]LogSavePackage: Save=186.37ms
[2019.02.17-23.19.15:762][270]LogSavePackage: Moving '../../../../../../Workspace/Dev/VideoGames/UnrealEngine/ProceduralGame/ProceduralGame/Saved/PlanetB135B51245B1F4BE511778807BAC94AB.tmp' to '../../../../../../Workspace/Dev/VideoGames/UnrealEngine/ProceduralGame/ProceduralGame/Content/Procedural/Planet.uasset'
[2019.02.17-23.19.15:765][270]LogSavePackage: Display: Finished SavePackage ../../../../../../Workspace/Dev/VideoGames/UnrealEngine/ProceduralGame/ProceduralGame/Content/Procedural/Planet.uasset
[2019.02.17-23.19.15:768][270]LogBlueprint: Warning: [Compiler Planet] [8462.82] Compile of Planet failed. 2 Fatal Issue(s) 0 Warning(s) [in 355 ms] (/Game/Procedural/Planet.Planet)
[2019.02.17-23.19.34:327][474]Cmd: OBJ SAVEPACKAGE PACKAGE="/Game/Procedural/Planet" FILE="../../../../../../Workspace/Dev/VideoGames/UnrealEngine/ProceduralGame/ProceduralGame/Content/Procedural/Planet.uasset" SILENT=true
[2019.02.17-23.19.34:513][474]LogSavePackage: Save=179.76ms
[2019.02.17-23.19.34:513][474]LogSavePackage: Moving '../../../../../../Workspace/Dev/VideoGames/UnrealEngine/ProceduralGame/ProceduralGame/Saved/PlanetC3AD3DE749B5315110F75593C913C469.tmp' to '../../../../../../Workspace/Dev/VideoGames/UnrealEngine/ProceduralGame/ProceduralGame/Content/Procedural/Planet.uasset'
[2019.02.17-23.19.34:515][474]LogSavePackage: Display: Finished SavePackage ../../../../../../Workspace/Dev/VideoGames/UnrealEngine/ProceduralGame/ProceduralGame/Content/Procedural/Planet.uasset
